<?xml version="1.0" encoding="UTF-8"?>
<coverage generated="1749046762941" clover="3.2.0">
  <project timestamp="1749046762941" name="All files">
    <metrics statements="158" coveredstatements="123" conditionals="102" coveredconditionals="71" methods="10" coveredmethods="10" elements="270" coveredelements="204" complexity="0" loc="158" ncloc="158" packages="1" files="1" classes="1"/>
    <file name="contactRoutes.js" path="/Users/dustinjasmin/personal-cryptoscrow-backend/src/api/routes/contact/contactRoutes.js">
      <metrics statements="158" coveredstatements="123" conditionals="102" coveredconditionals="71" methods="10" coveredmethods="10"/>
      <line num="6" count="1" type="stmt"/>
      <line num="10" count="98" type="stmt"/>
      <line num="11" count="98" type="stmt"/>
      <line num="19" count="59" type="stmt"/>
      <line num="20" count="59" type="cond" truecount="2" falsecount="0"/>
      <line num="21" count="59" type="cond" truecount="1" falsecount="1"/>
      <line num="23" count="59" type="cond" truecount="2" falsecount="0"/>
      <line num="25" count="54" type="stmt"/>
      <line num="26" count="54" type="stmt"/>
      <line num="28" count="54" type="cond" truecount="1" falsecount="1"/>
      <line num="30" count="54" type="stmt"/>
      <line num="32" count="54" type="stmt"/>
      <line num="34" count="54" type="stmt"/>
      <line num="35" count="0" type="stmt"/>
      <line num="36" count="0" type="stmt"/>
      <line num="37" count="0" type="stmt"/>
      <line num="38" count="0" type="stmt"/>
      <line num="40" count="54" type="stmt"/>
      <line num="43" count="54" type="cond" truecount="2" falsecount="3"/>
      <line num="46" count="54" type="stmt"/>
      <line num="48" count="54" type="stmt"/>
      <line num="49" count="49" type="stmt"/>
      <line num="51" count="49" type="cond" truecount="2" falsecount="2"/>
      <line num="52" count="49" type="cond" truecount="1" falsecount="1"/>
      <line num="54" count="49" type="stmt"/>
      <line num="55" count="49" type="stmt"/>
      <line num="56" count="49" type="stmt"/>
      <line num="57" count="49" type="stmt"/>
      <line num="58" count="49" type="stmt"/>
      <line num="59" count="0" type="cond" truecount="0" falsecount="2"/>
      <line num="61" count="0" type="stmt"/>
      <line num="62" count="0" type="stmt"/>
      <line num="63" count="0" type="stmt"/>
      <line num="64" count="0" type="stmt"/>
      <line num="65" count="0" type="stmt"/>
      <line num="68" count="5" type="stmt"/>
      <line num="73" count="5" type="stmt"/>
      <line num="74" count="5" type="stmt"/>
      <line num="75" count="0" type="cond" truecount="0" falsecount="2"/>
      <line num="77" count="0" type="stmt"/>
      <line num="78" count="0" type="stmt"/>
      <line num="79" count="0" type="stmt"/>
      <line num="80" count="0" type="stmt"/>
      <line num="81" count="0" type="stmt"/>
      <line num="83" count="0" type="stmt"/>
      <line num="86" count="5" type="stmt"/>
      <line num="90" count="5" type="stmt"/>
      <line num="95" count="0" type="stmt"/>
      <line num="96" count="0" type="stmt"/>
      <line num="97" count="0" type="stmt"/>
      <line num="100" count="0" type="stmt"/>
      <line num="101" count="0" type="stmt"/>
      <line num="106" count="1" type="stmt"/>
      <line num="107" count="10" type="stmt"/>
      <line num="108" count="10" type="stmt"/>
      <line num="109" count="10" type="stmt"/>
      <line num="111" count="10" type="cond" truecount="4" falsecount="0"/>
      <line num="112" count="1" type="stmt"/>
      <line num="114" count="9" type="stmt"/>
      <line num="116" count="9" type="cond" truecount="1" falsecount="1"/>
      <line num="117" count="0" type="stmt"/>
      <line num="122" count="9" type="stmt"/>
      <line num="123" count="9" type="stmt"/>
      <line num="124" count="9" type="stmt"/>
      <line num="126" count="9" type="cond" truecount="3" falsecount="1"/>
      <line num="128" count="0" type="stmt"/>
      <line num="132" count="9" type="cond" truecount="4" falsecount="0"/>
      <line num="133" count="1" type="stmt"/>
      <line num="138" count="8" type="stmt"/>
      <line num="143" count="8" type="cond" truecount="2" falsecount="0"/>
      <line num="144" count="1" type="stmt"/>
      <line num="147" count="7" type="stmt"/>
      <line num="148" count="7" type="stmt"/>
      <line num="149" count="7" type="stmt"/>
      <line num="152" count="7" type="stmt"/>
      <line num="155" count="7" type="stmt"/>
      <line num="157" count="7" type="cond" truecount="2" falsecount="0"/>
      <line num="159" count="1" type="cond" truecount="1" falsecount="1"/>
      <line num="160" count="1" type="stmt"/>
      <line num="167" count="6" type="stmt"/>
      <line num="174" count="6" type="cond" truecount="2" falsecount="0"/>
      <line num="175" count="1" type="stmt"/>
      <line num="180" count="5" type="stmt"/>
      <line num="197" count="5" type="stmt"/>
      <line num="203" count="0" type="stmt"/>
      <line num="204" count="0" type="stmt"/>
      <line num="209" count="1" type="stmt"/>
      <line num="210" count="2" type="stmt"/>
      <line num="211" count="2" type="stmt"/>
      <line num="213" count="2" type="stmt"/>
      <line num="215" count="2" type="stmt"/>
      <line num="221" count="2" type="stmt"/>
      <line num="222" count="1" type="stmt"/>
      <line num="224" count="1" type="stmt"/>
      <line num="234" count="2" type="stmt"/>
      <line num="237" count="0" type="stmt"/>
      <line num="238" count="0" type="stmt"/>
      <line num="243" count="1" type="stmt"/>
      <line num="244" count="23" type="stmt"/>
      <line num="245" count="23" type="stmt"/>
      <line num="246" count="23" type="stmt"/>
      <line num="248" count="23" type="cond" truecount="5" falsecount="0"/>
      <line num="249" count="1" type="stmt"/>
      <line num="251" count="22" type="cond" truecount="5" falsecount="0"/>
      <line num="252" count="2" type="stmt"/>
      <line num="255" count="20" type="stmt"/>
      <line num="257" count="20" type="stmt"/>
      <line num="259" count="20" type="stmt"/>
      <line num="260" count="20" type="stmt"/>
      <line num="261" count="20" type="stmt"/>
      <line num="263" count="20" type="cond" truecount="2" falsecount="0"/>
      <line num="265" count="1" type="stmt"/>
      <line num="268" count="19" type="stmt"/>
      <line num="271" count="19" type="cond" truecount="2" falsecount="0"/>
      <line num="272" count="1" type="stmt"/>
      <line num="275" count="18" type="cond" truecount="2" falsecount="0"/>
      <line num="276" count="1" type="stmt"/>
      <line num="279" count="17" type="cond" truecount="2" falsecount="0"/>
      <line num="280" count="12" type="stmt"/>
      <line num="281" count="12" type="stmt"/>
      <line num="284" count="12" type="stmt"/>
      <line num="296" count="12" type="stmt"/>
      <line num="308" count="12" type="stmt"/>
      <line num="312" count="5" type="stmt"/>
      <line num="316" count="17" type="cond" truecount="2" falsecount="0"/>
      <line num="321" count="3" type="cond" truecount="1" falsecount="1"/>
      <line num="323" count="3" type="stmt"/>
      <line num="324" count="3" type="stmt"/>
      <line num="327" count="0" type="stmt"/>
      <line num="328" count="0" type="stmt"/>
      <line num="334" count="1" type="stmt"/>
      <line num="335" count="10" type="stmt"/>
      <line num="336" count="10" type="stmt"/>
      <line num="338" count="10" type="stmt"/>
      <line num="339" count="10" type="stmt"/>
      <line num="341" count="10" type="stmt"/>
      <line num="343" count="10" type="stmt"/>
      <line num="353" count="10" type="stmt"/>
      <line num="356" count="0" type="stmt"/>
      <line num="357" count="0" type="stmt"/>
      <line num="362" count="1" type="stmt"/>
      <line num="363" count="4" type="stmt"/>
      <line num="364" count="4" type="stmt"/>
      <line num="365" count="4" type="stmt"/>
      <line num="368" count="4" type="cond" truecount="4" falsecount="1"/>
      <line num="369" count="0" type="stmt"/>
      <line num="373" count="4" type="cond" truecount="2" falsecount="0"/>
      <line num="374" count="1" type="stmt"/>
      <line num="378" count="3" type="stmt"/>
      <line num="379" count="3" type="stmt"/>
      <line num="381" count="3" type="stmt"/>
      <line num="382" count="3" type="stmt"/>
      <line num="384" count="3" type="stmt"/>
      <line num="385" count="3" type="stmt"/>
      <line num="387" count="3" type="stmt"/>
      <line num="389" count="3" type="stmt"/>
      <line num="391" count="0" type="stmt"/>
      <line num="392" count="0" type="stmt"/>
    </file>
  </project>
</coverage>
