{"/Users/dustinjasmin/personal-cryptoscrow-backend/src/helperFunctions.js": {"path":"/Users/dustinjasmin/personal-cryptoscrow-backend/src/helperFunctions.js","statementMap":{"0":{"start":{"line":3,"column":16},"end":{"line":3,"column":72}},"1":{"start":{"line":6,"column":27},"end":{"line":6,"column":86}},"2":{"start":{"line":7,"column":22},"end":{"line":7,"column":36}},"3":{"start":{"line":8,"column":24},"end":{"line":8,"column":49}},"4":{"start":{"line":11,"column":28},"end":{"line":16,"column":1}},"5":{"start":{"line":13,"column":20},"end":{"line":13,"column":101}},"6":{"start":{"line":13,"column":48},"end":{"line":13,"column":91}},"7":{"start":{"line":15,"column":4},"end":{"line":15,"column":62}},"8":{"start":{"line":22,"column":4},"end":{"line":31,"column":5}},"9":{"start":{"line":23,"column":8},"end":{"line":27,"column":11}},"10":{"start":{"line":29,"column":8},"end":{"line":29,"column":85}},"11":{"start":{"line":30,"column":8},"end":{"line":30,"column":20}},"12":{"start":{"line":33,"column":24},"end":{"line":35,"column":54}},"13":{"start":{"line":37,"column":4},"end":{"line":50,"column":5}},"14":{"start":{"line":38,"column":8},"end":{"line":45,"column":11}},"15":{"start":{"line":47,"column":8},"end":{"line":47,"column":89}},"16":{"start":{"line":48,"column":8},"end":{"line":48,"column":152}},"17":{"start":{"line":48,"column":67},"end":{"line":48,"column":150}},"18":{"start":{"line":49,"column":8},"end":{"line":49,"column":20}},"19":{"start":{"line":52,"column":4},"end":{"line":85,"column":5}},"20":{"start":{"line":54,"column":28},"end":{"line":54,"column":77}},"21":{"start":{"line":57,"column":26},"end":{"line":57,"column":142}},"22":{"start":{"line":58,"column":31},"end":{"line":65,"column":10}},"23":{"start":{"line":67,"column":27},"end":{"line":67,"column":54}},"24":{"start":{"line":69,"column":8},"end":{"line":72,"column":9}},"25":{"start":{"line":70,"column":12},"end":{"line":70,"column":149}},"26":{"start":{"line":71,"column":12},"end":{"line":71,"column":146}},"27":{"start":{"line":74,"column":8},"end":{"line":79,"column":10}},"28":{"start":{"line":81,"column":8},"end":{"line":81,"column":80}},"29":{"start":{"line":82,"column":8},"end":{"line":82,"column":148}},"30":{"start":{"line":82,"column":67},"end":{"line":82,"column":146}},"31":{"start":{"line":83,"column":8},"end":{"line":83,"column":183}},"32":{"start":{"line":83,"column":94},"end":{"line":83,"column":181}},"33":{"start":{"line":84,"column":8},"end":{"line":84,"column":20}},"34":{"start":{"line":90,"column":4},"end":{"line":99,"column":5}},"35":{"start":{"line":91,"column":32},"end":{"line":91,"column":63}},"36":{"start":{"line":92,"column":8},"end":{"line":95,"column":9}},"37":{"start":{"line":93,"column":39},"end":{"line":93,"column":104}},"38":{"start":{"line":93,"column":73},"end":{"line":93,"column":103}},"39":{"start":{"line":94,"column":12},"end":{"line":94,"column":50}},"40":{"start":{"line":101,"column":31},"end":{"line":101,"column":71}},"41":{"start":{"line":102,"column":4},"end":{"line":118,"column":5}},"42":{"start":{"line":103,"column":8},"end":{"line":117,"column":9}},"43":{"start":{"line":104,"column":29},"end":{"line":104,"column":93}},"44":{"start":{"line":105,"column":12},"end":{"line":105,"column":41}},"45":{"start":{"line":105,"column":32},"end":{"line":105,"column":41}},"46":{"start":{"line":107,"column":26},"end":{"line":107,"column":48}},"47":{"start":{"line":108,"column":12},"end":{"line":110,"column":15}},"48":{"start":{"line":109,"column":16},"end":{"line":109,"column":38}},"49":{"start":{"line":111,"column":12},"end":{"line":111,"column":33}},"50":{"start":{"line":112,"column":12},"end":{"line":114,"column":13}},"51":{"start":{"line":113,"column":17},"end":{"line":113,"column":176}},"52":{"start":{"line":116,"column":12},"end":{"line":116,"column":110}}},"fnMap":{"0":{"name":"(anonymous_0)","decl":{"start":{"line":11,"column":28},"end":{"line":11,"column":29}},"loc":{"start":{"line":11,"column":47},"end":{"line":16,"column":1}},"line":11},"1":{"name":"(anonymous_1)","decl":{"start":{"line":13,"column":42},"end":{"line":13,"column":43}},"loc":{"start":{"line":13,"column":48},"end":{"line":13,"column":91}},"line":13},"2":{"name":"createTestUser","decl":{"start":{"line":20,"column":22},"end":{"line":20,"column":36}},"loc":{"start":{"line":20,"column":62},"end":{"line":86,"column":1}},"line":20},"3":{"name":"(anonymous_3)","decl":{"start":{"line":48,"column":57},"end":{"line":48,"column":58}},"loc":{"start":{"line":48,"column":67},"end":{"line":48,"column":150}},"line":48},"4":{"name":"(anonymous_4)","decl":{"start":{"line":82,"column":57},"end":{"line":82,"column":58}},"loc":{"start":{"line":82,"column":67},"end":{"line":82,"column":146}},"line":82},"5":{"name":"(anonymous_5)","decl":{"start":{"line":83,"column":84},"end":{"line":83,"column":85}},"loc":{"start":{"line":83,"column":94},"end":{"line":83,"column":181}},"line":83},"6":{"name":"cleanUp","decl":{"start":{"line":89,"column":22},"end":{"line":89,"column":29}},"loc":{"start":{"line":89,"column":32},"end":{"line":119,"column":1}},"line":89},"7":{"name":"(anonymous_7)","decl":{"start":{"line":93,"column":65},"end":{"line":93,"column":66}},"loc":{"start":{"line":93,"column":73},"end":{"line":93,"column":103}},"line":93},"8":{"name":"(anonymous_8)","decl":{"start":{"line":108,"column":34},"end":{"line":108,"column":35}},"loc":{"start":{"line":108,"column":41},"end":{"line":110,"column":13}},"line":108}},"branchMap":{"0":{"loc":{"start":{"line":3,"column":16},"end":{"line":3,"column":72}},"type":"binary-expr","locations":[{"start":{"line":3,"column":16},"end":{"line":3,"column":32}},{"start":{"line":3,"column":36},"end":{"line":3,"column":72}}],"line":3},"1":{"loc":{"start":{"line":6,"column":27},"end":{"line":6,"column":86}},"type":"binary-expr","locations":[{"start":{"line":6,"column":27},"end":{"line":6,"column":66}},{"start":{"line":6,"column":70},"end":{"line":6,"column":86}}],"line":6},"2":{"loc":{"start":{"line":8,"column":24},"end":{"line":8,"column":49}},"type":"binary-expr","locations":[{"start":{"line":8,"column":24},"end":{"line":8,"column":34}},{"start":{"line":8,"column":38},"end":{"line":8,"column":49}}],"line":8},"3":{"loc":{"start":{"line":11,"column":29},"end":{"line":11,"column":42}},"type":"default-arg","locations":[{"start":{"line":11,"column":38},"end":{"line":11,"column":42}}],"line":11},"4":{"loc":{"start":{"line":20,"column":44},"end":{"line":20,"column":60}},"type":"default-arg","locations":[{"start":{"line":20,"column":58},"end":{"line":20,"column":60}}],"line":20},"5":{"loc":{"start":{"line":33,"column":24},"end":{"line":35,"column":54}},"type":"cond-expr","locations":[{"start":{"line":34,"column":10},"end":{"line":34,"column":29}},{"start":{"line":35,"column":10},"end":{"line":35,"column":54}}],"line":33},"6":{"loc":{"start":{"line":33,"column":24},"end":{"line":33,"column":77}},"type":"binary-expr","locations":[{"start":{"line":33,"column":24},"end":{"line":33,"column":43}},{"start":{"line":33,"column":47},"end":{"line":33,"column":77}}],"line":33},"7":{"loc":{"start":{"line":40,"column":24},"end":{"line":40,"column":56}},"type":"binary-expr","locations":[{"start":{"line":40,"column":24},"end":{"line":40,"column":46}},{"start":{"line":40,"column":50},"end":{"line":40,"column":56}}],"line":40},"8":{"loc":{"start":{"line":41,"column":23},"end":{"line":41,"column":54}},"type":"binary-expr","locations":[{"start":{"line":41,"column":23},"end":{"line":41,"column":44}},{"start":{"line":41,"column":48},"end":{"line":41,"column":54}}],"line":41},"9":{"loc":{"start":{"line":42,"column":26},"end":{"line":42,"column":66}},"type":"binary-expr","locations":[{"start":{"line":42,"column":26},"end":{"line":42,"column":50}},{"start":{"line":42,"column":54},"end":{"line":42,"column":66}}],"line":42},"10":{"loc":{"start":{"line":69,"column":8},"end":{"line":72,"column":9}},"type":"if","locations":[{"start":{"line":69,"column":8},"end":{"line":72,"column":9}},{"start":{},"end":{}}],"line":69},"11":{"loc":{"start":{"line":69,"column":12},"end":{"line":69,"column":53}},"type":"binary-expr","locations":[{"start":{"line":69,"column":12},"end":{"line":69,"column":30}},{"start":{"line":69,"column":34},"end":{"line":69,"column":53}}],"line":69},"12":{"loc":{"start":{"line":92,"column":8},"end":{"line":95,"column":9}},"type":"if","locations":[{"start":{"line":92,"column":8},"end":{"line":95,"column":9}},{"start":{},"end":{}}],"line":92},"13":{"loc":{"start":{"line":105,"column":12},"end":{"line":105,"column":41}},"type":"if","locations":[{"start":{"line":105,"column":12},"end":{"line":105,"column":41}},{"start":{},"end":{}}],"line":105},"14":{"loc":{"start":{"line":112,"column":12},"end":{"line":114,"column":13}},"type":"if","locations":[{"start":{"line":112,"column":12},"end":{"line":114,"column":13}},{"start":{},"end":{}}],"line":112}},"s":{"0":0,"1":0,"2":0,"3":0,"4":0,"5":0,"6":0,"7":0,"8":0,"9":0,"10":0,"11":0,"12":0,"13":0,"14":0,"15":0,"16":0,"17":0,"18":0,"19":0,"20":0,"21":0,"22":0,"23":0,"24":0,"25":0,"26":0,"27":0,"28":0,"29":0,"30":0,"31":0,"32":0,"33":0,"34":0,"35":0,"36":0,"37":0,"38":0,"39":0,"40":0,"41":0,"42":0,"43":0,"44":0,"45":0,"46":0,"47":0,"48":0,"49":0,"50":0,"51":0,"52":0},"f":{"0":0,"1":0,"2":0,"3":0,"4":0,"5":0,"6":0,"7":0,"8":0},"b":{"0":[0,0],"1":[0,0],"2":[0,0],"3":[0],"4":[0],"5":[0,0],"6":[0,0],"7":[0,0],"8":[0,0],"9":[0,0],"10":[0,0],"11":[0,0],"12":[0,0],"13":[0,0],"14":[0,0]}}
,"/Users/dustinjasmin/personal-cryptoscrow-backend/src/server.js": {"path":"/Users/dustinjasmin/personal-cryptoscrow-backend/src/server.js","statementMap":{"0":{"start":{"line":2,"column":0},"end":{"line":56,"column":1}},"1":{"start":{"line":3,"column":2},"end":{"line":3,"column":58}},"2":{"start":{"line":6,"column":2},"end":{"line":6,"column":83}},"3":{"start":{"line":7,"column":2},"end":{"line":7,"column":103}},"4":{"start":{"line":8,"column":2},"end":{"line":8,"column":80}},"5":{"start":{"line":9,"column":2},"end":{"line":9,"column":85}},"6":{"start":{"line":10,"column":2},"end":{"line":10,"column":101}},"7":{"start":{"line":11,"column":2},"end":{"line":11,"column":88}},"8":{"start":{"line":12,"column":2},"end":{"line":12,"column":101}},"9":{"start":{"line":15,"column":2},"end":{"line":15,"column":71}},"10":{"start":{"line":16,"column":2},"end":{"line":16,"column":87}},"11":{"start":{"line":17,"column":2},"end":{"line":17,"column":57}},"12":{"start":{"line":18,"column":2},"end":{"line":18,"column":142}},"13":{"start":{"line":19,"column":2},"end":{"line":19,"column":154}},"14":{"start":{"line":22,"column":2},"end":{"line":22,"column":92}},"15":{"start":{"line":23,"column":2},"end":{"line":23,"column":97}},"16":{"start":{"line":24,"column":2},"end":{"line":24,"column":113}},"17":{"start":{"line":27,"column":2},"end":{"line":27,"column":92}},"18":{"start":{"line":28,"column":2},"end":{"line":28,"column":91}},"19":{"start":{"line":29,"column":2},"end":{"line":29,"column":130}},"20":{"start":{"line":30,"column":2},"end":{"line":30,"column":92}},"21":{"start":{"line":31,"column":2},"end":{"line":31,"column":91}},"22":{"start":{"line":32,"column":2},"end":{"line":32,"column":130}},"23":{"start":{"line":35,"column":2},"end":{"line":35,"column":96}},"24":{"start":{"line":36,"column":2},"end":{"line":36,"column":104}},"25":{"start":{"line":37,"column":2},"end":{"line":37,"column":110}},"26":{"start":{"line":40,"column":2},"end":{"line":40,"column":67}},"27":{"start":{"line":41,"column":2},"end":{"line":41,"column":57}},"28":{"start":{"line":42,"column":2},"end":{"line":42,"column":70}},"29":{"start":{"line":43,"column":2},"end":{"line":43,"column":66}},"30":{"start":{"line":46,"column":2},"end":{"line":46,"column":79}},"31":{"start":{"line":47,"column":2},"end":{"line":47,"column":82}},"32":{"start":{"line":50,"column":2},"end":{"line":50,"column":40}},"33":{"start":{"line":53,"column":2},"end":{"line":53,"column":153}},"34":{"start":{"line":55,"column":2},"end":{"line":55,"column":52}},"35":{"start":{"line":81,"column":12},"end":{"line":81,"column":21}},"36":{"start":{"line":84,"column":0},"end":{"line":84,"column":25}},"37":{"start":{"line":85,"column":0},"end":{"line":85,"column":27}},"38":{"start":{"line":88,"column":0},"end":{"line":88,"column":26}},"39":{"start":{"line":91,"column":0},"end":{"line":91,"column":26}},"40":{"start":{"line":92,"column":0},"end":{"line":92,"column":32}},"41":{"start":{"line":95,"column":0},"end":{"line":95,"column":26}},"42":{"start":{"line":96,"column":0},"end":{"line":96,"column":63}},"43":{"start":{"line":99,"column":0},"end":{"line":99,"column":23}},"44":{"start":{"line":102,"column":0},"end":{"line":102,"column":38}},"45":{"start":{"line":105,"column":0},"end":{"line":105,"column":30}},"46":{"start":{"line":106,"column":0},"end":{"line":106,"column":36}},"47":{"start":{"line":107,"column":0},"end":{"line":107,"column":35}},"48":{"start":{"line":108,"column":0},"end":{"line":108,"column":43}},"49":{"start":{"line":109,"column":0},"end":{"line":109,"column":33}},"50":{"start":{"line":112,"column":0},"end":{"line":118,"column":3}},"51":{"start":{"line":113,"column":2},"end":{"line":117,"column":5}},"52":{"start":{"line":121,"column":0},"end":{"line":123,"column":3}},"53":{"start":{"line":122,"column":2},"end":{"line":122,"column":56}},"54":{"start":{"line":126,"column":0},"end":{"line":126,"column":28}},"55":{"start":{"line":128,"column":13},"end":{"line":128,"column":37}},"56":{"start":{"line":130,"column":15},"end":{"line":133,"column":2}},"57":{"start":{"line":131,"column":2},"end":{"line":131,"column":72}},"58":{"start":{"line":132,"column":2},"end":{"line":132,"column":71}},"59":{"start":{"line":136,"column":0},"end":{"line":141,"column":3}},"60":{"start":{"line":137,"column":2},"end":{"line":137,"column":60}},"61":{"start":{"line":138,"column":2},"end":{"line":140,"column":5}},"62":{"start":{"line":139,"column":4},"end":{"line":139,"column":38}}},"fnMap":{"0":{"name":"(anonymous_0)","decl":{"start":{"line":112,"column":13},"end":{"line":112,"column":14}},"loc":{"start":{"line":112,"column":27},"end":{"line":118,"column":1}},"line":112},"1":{"name":"(anonymous_1)","decl":{"start":{"line":121,"column":13},"end":{"line":121,"column":14}},"loc":{"start":{"line":121,"column":27},"end":{"line":123,"column":1}},"line":121},"2":{"name":"(anonymous_2)","decl":{"start":{"line":130,"column":32},"end":{"line":130,"column":33}},"loc":{"start":{"line":130,"column":38},"end":{"line":133,"column":1}},"line":130},"3":{"name":"(anonymous_3)","decl":{"start":{"line":136,"column":22},"end":{"line":136,"column":23}},"loc":{"start":{"line":136,"column":28},"end":{"line":141,"column":1}},"line":136},"4":{"name":"(anonymous_4)","decl":{"start":{"line":138,"column":15},"end":{"line":138,"column":16}},"loc":{"start":{"line":138,"column":21},"end":{"line":140,"column":3}},"line":138}},"branchMap":{"0":{"loc":{"start":{"line":2,"column":0},"end":{"line":56,"column":1}},"type":"if","locations":[{"start":{"line":2,"column":0},"end":{"line":56,"column":1}},{"start":{},"end":{}}],"line":2},"1":{"loc":{"start":{"line":6,"column":36},"end":{"line":6,"column":82}},"type":"binary-expr","locations":[{"start":{"line":6,"column":36},"end":{"line":6,"column":67}},{"start":{"line":6,"column":71},"end":{"line":6,"column":82}}],"line":6},"2":{"loc":{"start":{"line":7,"column":40},"end":{"line":7,"column":102}},"type":"binary-expr","locations":[{"start":{"line":7,"column":40},"end":{"line":7,"column":75}},{"start":{"line":7,"column":79},"end":{"line":7,"column":102}}],"line":7},"3":{"loc":{"start":{"line":8,"column":33},"end":{"line":8,"column":79}},"type":"binary-expr","locations":[{"start":{"line":8,"column":33},"end":{"line":8,"column":61}},{"start":{"line":8,"column":65},"end":{"line":8,"column":79}}],"line":8},"4":{"loc":{"start":{"line":9,"column":37},"end":{"line":9,"column":84}},"type":"binary-expr","locations":[{"start":{"line":9,"column":37},"end":{"line":9,"column":69}},{"start":{"line":9,"column":73},"end":{"line":9,"column":84}}],"line":9},"5":{"loc":{"start":{"line":10,"column":45},"end":{"line":10,"column":100}},"type":"binary-expr","locations":[{"start":{"line":10,"column":45},"end":{"line":10,"column":85}},{"start":{"line":10,"column":89},"end":{"line":10,"column":100}}],"line":10},"6":{"loc":{"start":{"line":11,"column":32},"end":{"line":11,"column":87}},"type":"binary-expr","locations":[{"start":{"line":11,"column":32},"end":{"line":11,"column":59}},{"start":{"line":11,"column":63},"end":{"line":11,"column":87}}],"line":11},"7":{"loc":{"start":{"line":12,"column":40},"end":{"line":12,"column":100}},"type":"binary-expr","locations":[{"start":{"line":12,"column":40},"end":{"line":12,"column":75}},{"start":{"line":12,"column":79},"end":{"line":12,"column":100}}],"line":12},"8":{"loc":{"start":{"line":15,"column":24},"end":{"line":15,"column":70}},"type":"binary-expr","locations":[{"start":{"line":15,"column":24},"end":{"line":15,"column":43}},{"start":{"line":15,"column":47},"end":{"line":15,"column":70}}],"line":15},"9":{"loc":{"start":{"line":16,"column":32},"end":{"line":16,"column":86}},"type":"binary-expr","locations":[{"start":{"line":16,"column":32},"end":{"line":16,"column":59}},{"start":{"line":16,"column":63},"end":{"line":16,"column":86}}],"line":16},"10":{"loc":{"start":{"line":17,"column":25},"end":{"line":17,"column":56}},"type":"binary-expr","locations":[{"start":{"line":17,"column":25},"end":{"line":17,"column":45}},{"start":{"line":17,"column":49},"end":{"line":17,"column":56}}],"line":17},"11":{"loc":{"start":{"line":18,"column":37},"end":{"line":18,"column":141}},"type":"binary-expr","locations":[{"start":{"line":18,"column":37},"end":{"line":18,"column":69}},{"start":{"line":18,"column":73},"end":{"line":18,"column":141}}],"line":18},"12":{"loc":{"start":{"line":19,"column":43},"end":{"line":19,"column":153}},"type":"binary-expr","locations":[{"start":{"line":19,"column":43},"end":{"line":19,"column":81}},{"start":{"line":19,"column":85},"end":{"line":19,"column":153}}],"line":19},"13":{"loc":{"start":{"line":22,"column":27},"end":{"line":22,"column":91}},"type":"binary-expr","locations":[{"start":{"line":22,"column":27},"end":{"line":22,"column":49}},{"start":{"line":22,"column":53},"end":{"line":22,"column":91}}],"line":22},"14":{"loc":{"start":{"line":23,"column":31},"end":{"line":23,"column":96}},"type":"binary-expr","locations":[{"start":{"line":23,"column":31},"end":{"line":23,"column":57}},{"start":{"line":23,"column":61},"end":{"line":23,"column":96}}],"line":23},"15":{"loc":{"start":{"line":24,"column":40},"end":{"line":24,"column":112}},"type":"binary-expr","locations":[{"start":{"line":24,"column":40},"end":{"line":24,"column":75}},{"start":{"line":24,"column":79},"end":{"line":24,"column":112}}],"line":24},"16":{"loc":{"start":{"line":27,"column":34},"end":{"line":27,"column":91}},"type":"binary-expr","locations":[{"start":{"line":27,"column":34},"end":{"line":27,"column":63}},{"start":{"line":27,"column":67},"end":{"line":27,"column":91}}],"line":27},"17":{"loc":{"start":{"line":28,"column":37},"end":{"line":28,"column":90}},"type":"binary-expr","locations":[{"start":{"line":28,"column":37},"end":{"line":28,"column":69}},{"start":{"line":28,"column":73},"end":{"line":28,"column":90}}],"line":28},"18":{"loc":{"start":{"line":29,"column":31},"end":{"line":29,"column":129}},"type":"binary-expr","locations":[{"start":{"line":29,"column":31},"end":{"line":29,"column":57}},{"start":{"line":29,"column":61},"end":{"line":29,"column":129}}],"line":29},"19":{"loc":{"start":{"line":30,"column":34},"end":{"line":30,"column":91}},"type":"binary-expr","locations":[{"start":{"line":30,"column":34},"end":{"line":30,"column":63}},{"start":{"line":30,"column":67},"end":{"line":30,"column":91}}],"line":30},"20":{"loc":{"start":{"line":31,"column":37},"end":{"line":31,"column":90}},"type":"binary-expr","locations":[{"start":{"line":31,"column":37},"end":{"line":31,"column":69}},{"start":{"line":31,"column":73},"end":{"line":31,"column":90}}],"line":31},"21":{"loc":{"start":{"line":32,"column":31},"end":{"line":32,"column":129}},"type":"binary-expr","locations":[{"start":{"line":32,"column":31},"end":{"line":32,"column":57}},{"start":{"line":32,"column":61},"end":{"line":32,"column":129}}],"line":32},"22":{"loc":{"start":{"line":35,"column":40},"end":{"line":35,"column":95}},"type":"binary-expr","locations":[{"start":{"line":35,"column":40},"end":{"line":35,"column":75}},{"start":{"line":35,"column":79},"end":{"line":35,"column":95}}],"line":35},"23":{"loc":{"start":{"line":36,"column":44},"end":{"line":36,"column":103}},"type":"binary-expr","locations":[{"start":{"line":36,"column":44},"end":{"line":36,"column":83}},{"start":{"line":36,"column":87},"end":{"line":36,"column":103}}],"line":36},"24":{"loc":{"start":{"line":37,"column":47},"end":{"line":37,"column":109}},"type":"binary-expr","locations":[{"start":{"line":37,"column":47},"end":{"line":37,"column":89}},{"start":{"line":37,"column":93},"end":{"line":37,"column":109}}],"line":37},"25":{"loc":{"start":{"line":40,"column":26},"end":{"line":40,"column":66}},"type":"binary-expr","locations":[{"start":{"line":40,"column":26},"end":{"line":40,"column":47}},{"start":{"line":40,"column":51},"end":{"line":40,"column":66}}],"line":40},"26":{"loc":{"start":{"line":41,"column":26},"end":{"line":41,"column":56}},"type":"binary-expr","locations":[{"start":{"line":41,"column":26},"end":{"line":41,"column":47}},{"start":{"line":41,"column":51},"end":{"line":41,"column":56}}],"line":41},"27":{"loc":{"start":{"line":42,"column":26},"end":{"line":42,"column":69}},"type":"binary-expr","locations":[{"start":{"line":42,"column":26},"end":{"line":42,"column":47}},{"start":{"line":42,"column":51},"end":{"line":42,"column":69}}],"line":42},"28":{"loc":{"start":{"line":43,"column":26},"end":{"line":43,"column":65}},"type":"binary-expr","locations":[{"start":{"line":43,"column":26},"end":{"line":43,"column":47}},{"start":{"line":43,"column":51},"end":{"line":43,"column":65}}],"line":43},"29":{"loc":{"start":{"line":46,"column":31},"end":{"line":46,"column":78}},"type":"binary-expr","locations":[{"start":{"line":46,"column":31},"end":{"line":46,"column":57}},{"start":{"line":46,"column":61},"end":{"line":46,"column":78}}],"line":46},"30":{"loc":{"start":{"line":47,"column":32},"end":{"line":47,"column":81}},"type":"binary-expr","locations":[{"start":{"line":47,"column":32},"end":{"line":47,"column":59}},{"start":{"line":47,"column":63},"end":{"line":47,"column":81}}],"line":47},"31":{"loc":{"start":{"line":53,"column":31},"end":{"line":53,"column":152}},"type":"binary-expr","locations":[{"start":{"line":53,"column":31},"end":{"line":53,"column":57}},{"start":{"line":53,"column":61},"end":{"line":53,"column":152}}],"line":53},"32":{"loc":{"start":{"line":128,"column":13},"end":{"line":128,"column":37}},"type":"binary-expr","locations":[{"start":{"line":128,"column":13},"end":{"line":128,"column":29}},{"start":{"line":128,"column":33},"end":{"line":128,"column":37}}],"line":128},"33":{"loc":{"start":{"line":132,"column":30},"end":{"line":132,"column":67}},"type":"binary-expr","locations":[{"start":{"line":132,"column":30},"end":{"line":132,"column":50}},{"start":{"line":132,"column":54},"end":{"line":132,"column":67}}],"line":132}},"s":{"0":0,"1":0,"2":0,"3":0,"4":0,"5":0,"6":0,"7":0,"8":0,"9":0,"10":0,"11":0,"12":0,"13":0,"14":0,"15":0,"16":0,"17":0,"18":0,"19":0,"20":0,"21":0,"22":0,"23":0,"24":0,"25":0,"26":0,"27":0,"28":0,"29":0,"30":0,"31":0,"32":0,"33":0,"34":0,"35":0,"36":0,"37":0,"38":0,"39":0,"40":0,"41":0,"42":0,"43":0,"44":0,"45":0,"46":0,"47":0,"48":0,"49":0,"50":0,"51":0,"52":0,"53":0,"54":0,"55":0,"56":0,"57":0,"58":0,"59":0,"60":0,"61":0,"62":0},"f":{"0":0,"1":0,"2":0,"3":0,"4":0},"b":{"0":[0,0],"1":[0,0],"2":[0,0],"3":[0,0],"4":[0,0],"5":[0,0],"6":[0,0],"7":[0,0],"8":[0,0],"9":[0,0],"10":[0,0],"11":[0,0],"12":[0,0],"13":[0,0],"14":[0,0],"15":[0,0],"16":[0,0],"17":[0,0],"18":[0,0],"19":[0,0],"20":[0,0],"21":[0,0],"22":[0,0],"23":[0,0],"24":[0,0],"25":[0,0],"26":[0,0],"27":[0,0],"28":[0,0],"29":[0,0],"30":[0,0],"31":[0,0],"32":[0,0],"33":[0,0]}}
,"/Users/dustinjasmin/personal-cryptoscrow-backend/src/api/middleware/errorTracking.js": {"path":"/Users/dustinjasmin/personal-cryptoscrow-backend/src/api/middleware/errorTracking.js","statementMap":{"0":{"start":{"line":8,"column":4},"end":{"line":8,"column":33}},"1":{"start":{"line":9,"column":4},"end":{"line":9,"column":31}},"2":{"start":{"line":10,"column":4},"end":{"line":10,"column":28}},"3":{"start":{"line":11,"column":4},"end":{"line":11,"column":36}},"4":{"start":{"line":15,"column":21},"end":{"line":15,"column":53}},"5":{"start":{"line":16,"column":16},"end":{"line":16,"column":26}},"6":{"start":{"line":19,"column":4},"end":{"line":21,"column":5}},"7":{"start":{"line":20,"column":6},"end":{"line":20,"column":41}},"8":{"start":{"line":23,"column":23},"end":{"line":23,"column":53}},"9":{"start":{"line":24,"column":4},"end":{"line":24,"column":25}},"10":{"start":{"line":27,"column":19},"end":{"line":27,"column":40}},"11":{"start":{"line":28,"column":25},"end":{"line":28,"column":65}},"12":{"start":{"line":28,"column":51},"end":{"line":28,"column":64}},"13":{"start":{"line":29,"column":4},"end":{"line":29,"column":49}},"14":{"start":{"line":32,"column":4},"end":{"line":38,"column":5}},"15":{"start":{"line":33,"column":28},"end":{"line":33,"column":61}},"16":{"start":{"line":34,"column":6},"end":{"line":37,"column":7}},"17":{"start":{"line":35,"column":8},"end":{"line":35,"column":56}},"18":{"start":{"line":36,"column":8},"end":{"line":36,"column":42}},"19":{"start":{"line":41,"column":4},"end":{"line":41,"column":30}},"20":{"start":{"line":45,"column":21},"end":{"line":61,"column":5}},"21":{"start":{"line":64,"column":19},"end":{"line":64,"column":51}},"22":{"start":{"line":65,"column":4},"end":{"line":67,"column":5}},"23":{"start":{"line":66,"column":6},"end":{"line":66,"column":48}},"24":{"start":{"line":69,"column":20},"end":{"line":69,"column":51}},"25":{"start":{"line":70,"column":4},"end":{"line":70,"column":64}},"26":{"start":{"line":74,"column":18},"end":{"line":83,"column":5}},"27":{"start":{"line":85,"column":4},"end":{"line":85,"column":63}},"28":{"start":{"line":89,"column":4},"end":{"line":89,"column":28}},"29":{"start":{"line":94,"column":4},"end":{"line":94,"column":56}},"30":{"start":{"line":98,"column":21},"end":{"line":98,"column":39}},"31":{"start":{"line":100,"column":39},"end":{"line":103,"column":1}},"32":{"start":{"line":101,"column":2},"end":{"line":101,"column":33}},"33":{"start":{"line":102,"column":2},"end":{"line":102,"column":14}}},"fnMap":{"0":{"name":"(anonymous_0)","decl":{"start":{"line":7,"column":2},"end":{"line":7,"column":3}},"loc":{"start":{"line":7,"column":16},"end":{"line":12,"column":3}},"line":7},"1":{"name":"(anonymous_1)","decl":{"start":{"line":14,"column":2},"end":{"line":14,"column":3}},"loc":{"start":{"line":14,"column":20},"end":{"line":42,"column":3}},"line":14},"2":{"name":"(anonymous_2)","decl":{"start":{"line":28,"column":43},"end":{"line":28,"column":44}},"loc":{"start":{"line":28,"column":51},"end":{"line":28,"column":64}},"line":28},"3":{"name":"(anonymous_3)","decl":{"start":{"line":44,"column":2},"end":{"line":44,"column":3}},"loc":{"start":{"line":44,"column":23},"end":{"line":71,"column":3}},"line":44},"4":{"name":"(anonymous_4)","decl":{"start":{"line":73,"column":2},"end":{"line":73,"column":3}},"loc":{"start":{"line":73,"column":31},"end":{"line":90,"column":3}},"line":73},"5":{"name":"(anonymous_5)","decl":{"start":{"line":92,"column":2},"end":{"line":92,"column":3}},"loc":{"start":{"line":92,"column":21},"end":{"line":95,"column":3}},"line":92},"6":{"name":"(anonymous_6)","decl":{"start":{"line":100,"column":39},"end":{"line":100,"column":40}},"loc":{"start":{"line":100,"column":66},"end":{"line":103,"column":1}},"line":100}},"branchMap":{"0":{"loc":{"start":{"line":19,"column":4},"end":{"line":21,"column":5}},"type":"if","locations":[{"start":{"line":19,"column":4},"end":{"line":21,"column":5}},{"start":{},"end":{}}],"line":19},"1":{"loc":{"start":{"line":32,"column":4},"end":{"line":38,"column":5}},"type":"if","locations":[{"start":{"line":32,"column":4},"end":{"line":38,"column":5}},{"start":{},"end":{}}],"line":32},"2":{"loc":{"start":{"line":33,"column":28},"end":{"line":33,"column":61}},"type":"binary-expr","locations":[{"start":{"line":33,"column":28},"end":{"line":33,"column":56}},{"start":{"line":33,"column":60},"end":{"line":33,"column":61}}],"line":33},"3":{"loc":{"start":{"line":34,"column":6},"end":{"line":37,"column":7}},"type":"if","locations":[{"start":{"line":34,"column":6},"end":{"line":37,"column":7}},{"start":{},"end":{}}],"line":34},"4":{"loc":{"start":{"line":65,"column":4},"end":{"line":67,"column":5}},"type":"if","locations":[{"start":{"line":65,"column":4},"end":{"line":67,"column":5}},{"start":{},"end":{}}],"line":65}},"s":{"0":0,"1":0,"2":0,"3":0,"4":0,"5":0,"6":0,"7":0,"8":0,"9":0,"10":0,"11":0,"12":0,"13":0,"14":0,"15":0,"16":0,"17":0,"18":0,"19":0,"20":0,"21":0,"22":0,"23":0,"24":0,"25":0,"26":0,"27":0,"28":0,"29":0,"30":0,"31":0,"32":0,"33":0},"f":{"0":0,"1":0,"2":0,"3":0,"4":0,"5":0,"6":0},"b":{"0":[0,0],"1":[0,0],"2":[0,0],"3":[0,0],"4":[0,0]}}
,"/Users/dustinjasmin/personal-cryptoscrow-backend/src/api/middleware/performanceMonitoring.js": {"path":"/Users/dustinjasmin/personal-cryptoscrow-backend/src/api/middleware/performanceMonitoring.js","statementMap":{"0":{"start":{"line":5,"column":4},"end":{"line":10,"column":6}},"1":{"start":{"line":13,"column":4},"end":{"line":13,"column":62}},"2":{"start":{"line":13,"column":22},"end":{"line":13,"column":44}},"3":{"start":{"line":17,"column":22},"end":{"line":17,"column":32}},"4":{"start":{"line":18,"column":25},"end":{"line":18,"column":33}},"5":{"start":{"line":20,"column":4},"end":{"line":52,"column":6}},"6":{"start":{"line":21,"column":27},"end":{"line":21,"column":49}},"7":{"start":{"line":24,"column":6},"end":{"line":24,"column":38}},"8":{"start":{"line":25,"column":6},"end":{"line":25,"column":54}},"9":{"start":{"line":28,"column":23},"end":{"line":28,"column":69}},"10":{"start":{"line":29,"column":6},"end":{"line":35,"column":7}},"11":{"start":{"line":30,"column":8},"end":{"line":34,"column":11}},"12":{"start":{"line":37,"column":30},"end":{"line":37,"column":68}},"13":{"start":{"line":38,"column":6},"end":{"line":38,"column":30}},"14":{"start":{"line":39,"column":6},"end":{"line":39,"column":48}},"15":{"start":{"line":41,"column":6},"end":{"line":44,"column":7}},"16":{"start":{"line":42,"column":8},"end":{"line":42,"column":33}},"17":{"start":{"line":43,"column":8},"end":{"line":43,"column":33}},"18":{"start":{"line":47,"column":6},"end":{"line":49,"column":7}},"19":{"start":{"line":48,"column":8},"end":{"line":48,"column":77}},"20":{"start":{"line":51,"column":6},"end":{"line":51,"column":43}},"21":{"start":{"line":54,"column":4},"end":{"line":54,"column":11}},"22":{"start":{"line":58,"column":16},"end":{"line":58,"column":26}},"23":{"start":{"line":59,"column":32},"end":{"line":59,"column":69}},"24":{"start":{"line":61,"column":4},"end":{"line":73,"column":6}},"25":{"start":{"line":65,"column":64},"end":{"line":65,"column":69}},"26":{"start":{"line":67,"column":97},"end":{"line":72,"column":7}},"27":{"start":{"line":77,"column":19},"end":{"line":77,"column":44}},"28":{"start":{"line":77,"column":38},"end":{"line":77,"column":43}},"29":{"start":{"line":78,"column":18},"end":{"line":78,"column":67}},"30":{"start":{"line":79,"column":4},"end":{"line":79,"column":30}},"31":{"start":{"line":84,"column":4},"end":{"line":86,"column":5}},"32":{"start":{"line":85,"column":6},"end":{"line":85,"column":73}},"33":{"start":{"line":90,"column":16},"end":{"line":90,"column":40}},"34":{"start":{"line":92,"column":37},"end":{"line":94,"column":1}},"35":{"start":{"line":93,"column":2},"end":{"line":93,"column":39}},"36":{"start":{"line":96,"column":37},"end":{"line":96,"column":63}},"37":{"start":{"line":96,"column":43},"end":{"line":96,"column":63}}},"fnMap":{"0":{"name":"(anonymous_0)","decl":{"start":{"line":4,"column":2},"end":{"line":4,"column":3}},"loc":{"start":{"line":4,"column":16},"end":{"line":14,"column":3}},"line":4},"1":{"name":"(anonymous_1)","decl":{"start":{"line":13,"column":16},"end":{"line":13,"column":17}},"loc":{"start":{"line":13,"column":22},"end":{"line":13,"column":44}},"line":13},"2":{"name":"(anonymous_2)","decl":{"start":{"line":16,"column":2},"end":{"line":16,"column":3}},"loc":{"start":{"line":16,"column":31},"end":{"line":55,"column":3}},"line":16},"3":{"name":"(anonymous_3)","decl":{"start":{"line":20,"column":15},"end":{"line":20,"column":16}},"loc":{"start":{"line":20,"column":30},"end":{"line":52,"column":5}},"line":20},"4":{"name":"(anonymous_4)","decl":{"start":{"line":57,"column":2},"end":{"line":57,"column":3}},"loc":{"start":{"line":57,"column":15},"end":{"line":74,"column":3}},"line":57},"5":{"name":"(anonymous_5)","decl":{"start":{"line":65,"column":54},"end":{"line":65,"column":55}},"loc":{"start":{"line":65,"column":64},"end":{"line":65,"column":69}},"line":65},"6":{"name":"(anonymous_6)","decl":{"start":{"line":67,"column":71},"end":{"line":67,"column":72}},"loc":{"start":{"line":67,"column":97},"end":{"line":72,"column":7}},"line":67},"7":{"name":"(anonymous_7)","decl":{"start":{"line":76,"column":2},"end":{"line":76,"column":3}},"loc":{"start":{"line":76,"column":39},"end":{"line":80,"column":3}},"line":76},"8":{"name":"(anonymous_8)","decl":{"start":{"line":77,"column":28},"end":{"line":77,"column":29}},"loc":{"start":{"line":77,"column":38},"end":{"line":77,"column":43}},"line":77},"9":{"name":"(anonymous_9)","decl":{"start":{"line":82,"column":2},"end":{"line":82,"column":3}},"loc":{"start":{"line":82,"column":20},"end":{"line":87,"column":3}},"line":82},"10":{"name":"(anonymous_10)","decl":{"start":{"line":92,"column":37},"end":{"line":92,"column":38}},"loc":{"start":{"line":92,"column":57},"end":{"line":94,"column":1}},"line":92},"11":{"name":"(anonymous_11)","decl":{"start":{"line":96,"column":37},"end":{"line":96,"column":38}},"loc":{"start":{"line":96,"column":43},"end":{"line":96,"column":63}},"line":96}},"branchMap":{"0":{"loc":{"start":{"line":28,"column":40},"end":{"line":28,"column":67}},"type":"binary-expr","locations":[{"start":{"line":28,"column":40},"end":{"line":28,"column":55}},{"start":{"line":28,"column":59},"end":{"line":28,"column":67}}],"line":28},"1":{"loc":{"start":{"line":29,"column":6},"end":{"line":35,"column":7}},"type":"if","locations":[{"start":{"line":29,"column":6},"end":{"line":35,"column":7}},{"start":{},"end":{}}],"line":29},"2":{"loc":{"start":{"line":41,"column":6},"end":{"line":44,"column":7}},"type":"if","locations":[{"start":{"line":41,"column":6},"end":{"line":44,"column":7}},{"start":{},"end":{}}],"line":41},"3":{"loc":{"start":{"line":47,"column":6},"end":{"line":49,"column":7}},"type":"if","locations":[{"start":{"line":47,"column":6},"end":{"line":49,"column":7}},{"start":{},"end":{}}],"line":47},"4":{"loc":{"start":{"line":79,"column":11},"end":{"line":79,"column":29}},"type":"binary-expr","locations":[{"start":{"line":79,"column":11},"end":{"line":79,"column":24}},{"start":{"line":79,"column":28},"end":{"line":79,"column":29}}],"line":79},"5":{"loc":{"start":{"line":84,"column":4},"end":{"line":86,"column":5}},"type":"if","locations":[{"start":{"line":84,"column":4},"end":{"line":86,"column":5}},{"start":{},"end":{}}],"line":84}},"s":{"0":0,"1":0,"2":0,"3":0,"4":0,"5":0,"6":0,"7":0,"8":0,"9":0,"10":0,"11":0,"12":0,"13":0,"14":0,"15":0,"16":0,"17":0,"18":0,"19":0,"20":0,"21":0,"22":0,"23":0,"24":0,"25":0,"26":0,"27":0,"28":0,"29":0,"30":0,"31":0,"32":0,"33":0,"34":0,"35":0,"36":0,"37":0},"f":{"0":0,"1":0,"2":0,"3":0,"4":0,"5":0,"6":0,"7":0,"8":0,"9":0,"10":0,"11":0},"b":{"0":[0,0],"1":[0,0],"2":[0,0],"3":[0,0],"4":[0,0],"5":[0,0]}}
,"/Users/dustinjasmin/personal-cryptoscrow-backend/src/api/middleware/securityMiddleware.js": {"path":"/Users/dustinjasmin/personal-cryptoscrow-backend/src/api/middleware/securityMiddleware.js","statementMap":{"0":{"start":{"line":6,"column":32},"end":{"line":17,"column":2}},"1":{"start":{"line":16,"column":17},"end":{"line":16,"column":63}},"2":{"start":{"line":20,"column":29},"end":{"line":31,"column":2}},"3":{"start":{"line":30,"column":17},"end":{"line":30,"column":47}},"4":{"start":{"line":34,"column":35},"end":{"line":43,"column":2}},"5":{"start":{"line":46,"column":31},"end":{"line":66,"column":2}},"6":{"start":{"line":69,"column":32},"end":{"line":77,"column":2}},"7":{"start":{"line":73,"column":4},"end":{"line":75,"column":5}},"8":{"start":{"line":74,"column":6},"end":{"line":74,"column":48}},"9":{"start":{"line":80,"column":29},"end":{"line":108,"column":1}},"10":{"start":{"line":82,"column":19},"end":{"line":95,"column":3}},"11":{"start":{"line":83,"column":4},"end":{"line":88,"column":5}},"12":{"start":{"line":85,"column":6},"end":{"line":87,"column":44}},"13":{"start":{"line":89,"column":4},"end":{"line":93,"column":5}},"14":{"start":{"line":90,"column":6},"end":{"line":92,"column":7}},"15":{"start":{"line":91,"column":8},"end":{"line":91,"column":38}},"16":{"start":{"line":94,"column":4},"end":{"line":94,"column":15}},"17":{"start":{"line":97,"column":2},"end":{"line":99,"column":3}},"18":{"start":{"line":98,"column":4},"end":{"line":98,"column":34}},"19":{"start":{"line":100,"column":2},"end":{"line":102,"column":3}},"20":{"start":{"line":101,"column":4},"end":{"line":101,"column":36}},"21":{"start":{"line":103,"column":2},"end":{"line":105,"column":3}},"22":{"start":{"line":104,"column":4},"end":{"line":104,"column":38}},"23":{"start":{"line":107,"column":2},"end":{"line":107,"column":9}},"24":{"start":{"line":111,"column":34},"end":{"line":134,"column":1}},"25":{"start":{"line":113,"column":2},"end":{"line":119,"column":5}},"26":{"start":{"line":122,"column":2},"end":{"line":133,"column":3}},"27":{"start":{"line":124,"column":4},"end":{"line":126,"column":7}},"28":{"start":{"line":129,"column":4},"end":{"line":132,"column":7}},"29":{"start":{"line":137,"column":27},"end":{"line":180,"column":1}},"30":{"start":{"line":140,"column":4},"end":{"line":140,"column":45}},"31":{"start":{"line":140,"column":17},"end":{"line":140,"column":45}},"32":{"start":{"line":142,"column":27},"end":{"line":159,"column":21}},"33":{"start":{"line":162,"column":22},"end":{"line":167,"column":6}},"34":{"start":{"line":163,"column":6},"end":{"line":165,"column":7}},"35":{"start":{"line":164,"column":8},"end":{"line":164,"column":42}},"36":{"start":{"line":166,"column":6},"end":{"line":166,"column":38}},"37":{"start":{"line":169,"column":4},"end":{"line":174,"column":5}},"38":{"start":{"line":170,"column":6},"end":{"line":170,"column":27}},"39":{"start":{"line":172,"column":6},"end":{"line":172,"column":52}},"40":{"start":{"line":173,"column":6},"end":{"line":173,"column":49}}},"fnMap":{"0":{"name":"(anonymous_0)","decl":{"start":{"line":16,"column":8},"end":{"line":16,"column":9}},"loc":{"start":{"line":16,"column":17},"end":{"line":16,"column":63}},"line":16},"1":{"name":"(anonymous_1)","decl":{"start":{"line":30,"column":8},"end":{"line":30,"column":9}},"loc":{"start":{"line":30,"column":17},"end":{"line":30,"column":47}},"line":30},"2":{"name":"(anonymous_2)","decl":{"start":{"line":71,"column":10},"end":{"line":71,"column":11}},"loc":{"start":{"line":71,"column":29},"end":{"line":76,"column":3}},"line":71},"3":{"name":"(anonymous_3)","decl":{"start":{"line":80,"column":29},"end":{"line":80,"column":30}},"loc":{"start":{"line":80,"column":49},"end":{"line":108,"column":1}},"line":80},"4":{"name":"(anonymous_4)","decl":{"start":{"line":82,"column":19},"end":{"line":82,"column":20}},"loc":{"start":{"line":82,"column":28},"end":{"line":95,"column":3}},"line":82},"5":{"name":"(anonymous_5)","decl":{"start":{"line":111,"column":34},"end":{"line":111,"column":35}},"loc":{"start":{"line":111,"column":59},"end":{"line":134,"column":1}},"line":111},"6":{"name":"(anonymous_6)","decl":{"start":{"line":138,"column":10},"end":{"line":138,"column":11}},"loc":{"start":{"line":138,"column":32},"end":{"line":175,"column":3}},"line":138},"7":{"name":"(anonymous_7)","decl":{"start":{"line":162,"column":42},"end":{"line":162,"column":43}},"loc":{"start":{"line":162,"column":59},"end":{"line":167,"column":5}},"line":162}},"branchMap":{"0":{"loc":{"start":{"line":16,"column":17},"end":{"line":16,"column":63}},"type":"binary-expr","locations":[{"start":{"line":16,"column":17},"end":{"line":16,"column":39}},{"start":{"line":16,"column":43},"end":{"line":16,"column":63}}],"line":16},"1":{"loc":{"start":{"line":73,"column":4},"end":{"line":75,"column":5}},"type":"if","locations":[{"start":{"line":73,"column":4},"end":{"line":75,"column":5}},{"start":{},"end":{}}],"line":73},"2":{"loc":{"start":{"line":73,"column":8},"end":{"line":73,"column":44}},"type":"binary-expr","locations":[{"start":{"line":73,"column":8},"end":{"line":73,"column":11}},{"start":{"line":73,"column":15},"end":{"line":73,"column":44}}],"line":73},"3":{"loc":{"start":{"line":83,"column":4},"end":{"line":88,"column":5}},"type":"if","locations":[{"start":{"line":83,"column":4},"end":{"line":88,"column":5}},{"start":{},"end":{}}],"line":83},"4":{"loc":{"start":{"line":89,"column":4},"end":{"line":93,"column":5}},"type":"if","locations":[{"start":{"line":89,"column":4},"end":{"line":93,"column":5}},{"start":{},"end":{}}],"line":89},"5":{"loc":{"start":{"line":89,"column":8},"end":{"line":89,"column":47}},"type":"binary-expr","locations":[{"start":{"line":89,"column":8},"end":{"line":89,"column":31}},{"start":{"line":89,"column":35},"end":{"line":89,"column":47}}],"line":89},"6":{"loc":{"start":{"line":97,"column":2},"end":{"line":99,"column":3}},"type":"if","locations":[{"start":{"line":97,"column":2},"end":{"line":99,"column":3}},{"start":{},"end":{}}],"line":97},"7":{"loc":{"start":{"line":100,"column":2},"end":{"line":102,"column":3}},"type":"if","locations":[{"start":{"line":100,"column":2},"end":{"line":102,"column":3}},{"start":{},"end":{}}],"line":100},"8":{"loc":{"start":{"line":103,"column":2},"end":{"line":105,"column":3}},"type":"if","locations":[{"start":{"line":103,"column":2},"end":{"line":105,"column":3}},{"start":{},"end":{}}],"line":103},"9":{"loc":{"start":{"line":115,"column":11},"end":{"line":115,"column":73}},"type":"cond-expr","locations":[{"start":{"line":115,"column":52},"end":{"line":115,"column":61}},{"start":{"line":115,"column":64},"end":{"line":115,"column":73}}],"line":115},"10":{"loc":{"start":{"line":122,"column":2},"end":{"line":133,"column":3}},"type":"if","locations":[{"start":{"line":122,"column":2},"end":{"line":133,"column":3}},{"start":{"line":127,"column":9},"end":{"line":133,"column":3}}],"line":122},"11":{"loc":{"start":{"line":124,"column":15},"end":{"line":124,"column":32}},"type":"binary-expr","locations":[{"start":{"line":124,"column":15},"end":{"line":124,"column":25}},{"start":{"line":124,"column":29},"end":{"line":124,"column":32}}],"line":124},"12":{"loc":{"start":{"line":125,"column":13},"end":{"line":125,"column":71}},"type":"cond-expr","locations":[{"start":{"line":125,"column":34},"end":{"line":125,"column":45}},{"start":{"line":125,"column":48},"end":{"line":125,"column":71}}],"line":125},"13":{"loc":{"start":{"line":129,"column":15},"end":{"line":129,"column":32}},"type":"binary-expr","locations":[{"start":{"line":129,"column":15},"end":{"line":129,"column":25}},{"start":{"line":129,"column":29},"end":{"line":129,"column":32}}],"line":129},"14":{"loc":{"start":{"line":140,"column":4},"end":{"line":140,"column":45}},"type":"if","locations":[{"start":{"line":140,"column":4},"end":{"line":140,"column":45}},{"start":{},"end":{}}],"line":140},"15":{"loc":{"start":{"line":163,"column":6},"end":{"line":165,"column":7}},"type":"if","locations":[{"start":{"line":163,"column":6},"end":{"line":165,"column":7}},{"start":{},"end":{}}],"line":163},"16":{"loc":{"start":{"line":169,"column":4},"end":{"line":174,"column":5}},"type":"if","locations":[{"start":{"line":169,"column":4},"end":{"line":174,"column":5}},{"start":{"line":171,"column":11},"end":{"line":174,"column":5}}],"line":169}},"s":{"0":0,"1":0,"2":0,"3":0,"4":0,"5":0,"6":0,"7":0,"8":0,"9":0,"10":0,"11":0,"12":0,"13":0,"14":0,"15":0,"16":0,"17":0,"18":0,"19":0,"20":0,"21":0,"22":0,"23":0,"24":0,"25":0,"26":0,"27":0,"28":0,"29":0,"30":0,"31":0,"32":0,"33":0,"34":0,"35":0,"36":0,"37":0,"38":0,"39":0,"40":0},"f":{"0":0,"1":0,"2":0,"3":0,"4":0,"5":0,"6":0,"7":0},"b":{"0":[0,0],"1":[0,0],"2":[0,0],"3":[0,0],"4":[0,0],"5":[0,0],"6":[0,0],"7":[0,0],"8":[0,0],"9":[0,0],"10":[0,0],"11":[0,0],"12":[0,0],"13":[0,0],"14":[0,0],"15":[0,0],"16":[0,0]}}
,"/Users/dustinjasmin/personal-cryptoscrow-backend/src/api/routes/auth/admin.js": {"path":"/Users/dustinjasmin/personal-cryptoscrow-backend/src/api/routes/auth/admin.js","statementMap":{"0":{"start":{"line":4,"column":15},"end":{"line":4,"column":85}},"1":{"start":{"line":5,"column":21},"end":{"line":5,"column":58}},"2":{"start":{"line":6,"column":18},"end":{"line":6,"column":52}},"3":{"start":{"line":8,"column":0},"end":{"line":19,"column":1}},"4":{"start":{"line":10,"column":2},"end":{"line":10,"column":96}},"5":{"start":{"line":11,"column":2},"end":{"line":11,"column":104}},"6":{"start":{"line":12,"column":2},"end":{"line":12,"column":110}},"7":{"start":{"line":15,"column":2},"end":{"line":15,"column":83}},"8":{"start":{"line":16,"column":2},"end":{"line":16,"column":103}},"9":{"start":{"line":18,"column":2},"end":{"line":18,"column":212}},"10":{"start":{"line":26,"column":16},"end":{"line":26,"column":26}},"11":{"start":{"line":30,"column":2},"end":{"line":56,"column":3}},"12":{"start":{"line":33,"column":23},"end":{"line":35,"column":46}},"13":{"start":{"line":37,"column":4},"end":{"line":37,"column":92}},"14":{"start":{"line":38,"column":19},"end":{"line":38,"column":64}},"15":{"start":{"line":40,"column":4},"end":{"line":42,"column":5}},"16":{"start":{"line":41,"column":6},"end":{"line":41,"column":98}},"17":{"start":{"line":45,"column":27},"end":{"line":45,"column":80}},"18":{"start":{"line":46,"column":4},"end":{"line":50,"column":5}},"19":{"start":{"line":47,"column":6},"end":{"line":49,"column":7}},"20":{"start":{"line":48,"column":8},"end":{"line":48,"column":101}},"21":{"start":{"line":52,"column":4},"end":{"line":52,"column":18}},"22":{"start":{"line":54,"column":4},"end":{"line":54,"column":101}},"23":{"start":{"line":55,"column":4},"end":{"line":55,"column":16}},"24":{"start":{"line":61,"column":2},"end":{"line":61,"column":148}},"25":{"start":{"line":63,"column":2},"end":{"line":66,"column":3}},"26":{"start":{"line":63,"column":28},"end":{"line":63,"column":48}},"27":{"start":{"line":64,"column":4},"end":{"line":64,"column":87}},"28":{"start":{"line":65,"column":4},"end":{"line":65,"column":27}},"29":{"start":{"line":70,"column":2},"end":{"line":139,"column":3}},"30":{"start":{"line":71,"column":4},"end":{"line":71,"column":74}},"31":{"start":{"line":72,"column":4},"end":{"line":75,"column":6}},"32":{"start":{"line":76,"column":4},"end":{"line":76,"column":106}},"33":{"start":{"line":77,"column":9},"end":{"line":139,"column":3}},"34":{"start":{"line":78,"column":4},"end":{"line":78,"column":119}},"35":{"start":{"line":80,"column":4},"end":{"line":121,"column":5}},"36":{"start":{"line":81,"column":37},"end":{"line":81,"column":77}},"37":{"start":{"line":83,"column":6},"end":{"line":87,"column":8}},"38":{"start":{"line":88,"column":6},"end":{"line":88,"column":143}},"39":{"start":{"line":90,"column":6},"end":{"line":90,"column":118}},"40":{"start":{"line":91,"column":6},"end":{"line":91,"column":96}},"41":{"start":{"line":94,"column":6},"end":{"line":120,"column":7}},"42":{"start":{"line":95,"column":8},"end":{"line":97,"column":9}},"43":{"start":{"line":96,"column":10},"end":{"line":96,"column":142}},"44":{"start":{"line":100,"column":8},"end":{"line":103,"column":10}},"45":{"start":{"line":106,"column":8},"end":{"line":114,"column":9}},"46":{"start":{"line":107,"column":10},"end":{"line":107,"column":96}},"47":{"start":{"line":108,"column":33},"end":{"line":108,"column":112}},"48":{"start":{"line":109,"column":10},"end":{"line":109,"column":52}},"49":{"start":{"line":111,"column":10},"end":{"line":111,"column":92}},"50":{"start":{"line":116,"column":8},"end":{"line":116,"column":91}},"51":{"start":{"line":118,"column":8},"end":{"line":118,"column":95}},"52":{"start":{"line":119,"column":8},"end":{"line":119,"column":362}},"53":{"start":{"line":123,"column":4},"end":{"line":123,"column":98}},"54":{"start":{"line":124,"column":31},"end":{"line":124,"column":73}},"55":{"start":{"line":125,"column":4},"end":{"line":127,"column":5}},"56":{"start":{"line":126,"column":6},"end":{"line":126,"column":89}},"57":{"start":{"line":129,"column":4},"end":{"line":138,"column":5}},"58":{"start":{"line":130,"column":29},"end":{"line":130,"column":84}},"59":{"start":{"line":131,"column":6},"end":{"line":135,"column":8}},"60":{"start":{"line":137,"column":6},"end":{"line":137,"column":83}},"61":{"start":{"line":141,"column":2},"end":{"line":141,"column":89}},"62":{"start":{"line":142,"column":14},"end":{"line":142,"column":45}},"63":{"start":{"line":145,"column":2},"end":{"line":147,"column":3}},"64":{"start":{"line":146,"column":4},"end":{"line":146,"column":83}},"65":{"start":{"line":149,"column":2},"end":{"line":149,"column":13}},"66":{"start":{"line":153,"column":22},"end":{"line":153,"column":26}},"67":{"start":{"line":157,"column":2},"end":{"line":159,"column":3}},"68":{"start":{"line":158,"column":4},"end":{"line":158,"column":40}},"69":{"start":{"line":160,"column":2},"end":{"line":160,"column":31}},"70":{"start":{"line":165,"column":0},"end":{"line":195,"column":1}},"71":{"start":{"line":167,"column":2},"end":{"line":167,"column":84}},"72":{"start":{"line":168,"column":2},"end":{"line":192,"column":3}},"73":{"start":{"line":170,"column":4},"end":{"line":188,"column":5}},"74":{"start":{"line":171,"column":6},"end":{"line":174,"column":18}},"75":{"start":{"line":175,"column":6},"end":{"line":175,"column":94}},"76":{"start":{"line":177,"column":33},"end":{"line":177,"column":75}},"77":{"start":{"line":178,"column":6},"end":{"line":187,"column":7}},"78":{"start":{"line":179,"column":31},"end":{"line":179,"column":86}},"79":{"start":{"line":180,"column":8},"end":{"line":184,"column":20}},"80":{"start":{"line":186,"column":8},"end":{"line":186,"column":103}},"81":{"start":{"line":190,"column":4},"end":{"line":190,"column":89}},"82":{"start":{"line":191,"column":4},"end":{"line":191,"column":85}},"83":{"start":{"line":194,"column":2},"end":{"line":194,"column":138}},"84":{"start":{"line":201,"column":4},"end":{"line":211,"column":5}},"85":{"start":{"line":202,"column":28},"end":{"line":202,"column":43}},"86":{"start":{"line":203,"column":8},"end":{"line":203,"column":37}},"87":{"start":{"line":204,"column":8},"end":{"line":204,"column":55}},"88":{"start":{"line":206,"column":8},"end":{"line":206,"column":31}},"89":{"start":{"line":208,"column":8},"end":{"line":210,"column":9}},"90":{"start":{"line":209,"column":12},"end":{"line":209,"column":86}}},"fnMap":{"0":{"name":"getFirebaseServiceAccountFromAWS","decl":{"start":{"line":29,"column":15},"end":{"line":29,"column":47}},"loc":{"start":{"line":29,"column":50},"end":{"line":57,"column":1}},"line":29},"1":{"name":"initializeAdmin","decl":{"start":{"line":60,"column":15},"end":{"line":60,"column":30}},"loc":{"start":{"line":60,"column":33},"end":{"line":150,"column":1}},"line":60},"2":{"name":"(anonymous_2)","decl":{"start":{"line":63,"column":21},"end":{"line":63,"column":22}},"loc":{"start":{"line":63,"column":28},"end":{"line":63,"column":48}},"line":63},"3":{"name":"getAdminApp","decl":{"start":{"line":156,"column":15},"end":{"line":156,"column":26}},"loc":{"start":{"line":156,"column":29},"end":{"line":161,"column":1}},"line":156},"4":{"name":"deleteAdminApp","decl":{"start":{"line":200,"column":22},"end":{"line":200,"column":36}},"loc":{"start":{"line":200,"column":39},"end":{"line":212,"column":1}},"line":200}},"branchMap":{"0":{"loc":{"start":{"line":4,"column":15},"end":{"line":4,"column":85}},"type":"binary-expr","locations":[{"start":{"line":4,"column":15},"end":{"line":4,"column":46}},{"start":{"line":4,"column":50},"end":{"line":4,"column":85}}],"line":4},"1":{"loc":{"start":{"line":8,"column":0},"end":{"line":19,"column":1}},"type":"if","locations":[{"start":{"line":8,"column":0},"end":{"line":19,"column":1}},{"start":{},"end":{}}],"line":8},"2":{"loc":{"start":{"line":10,"column":40},"end":{"line":10,"column":95}},"type":"binary-expr","locations":[{"start":{"line":10,"column":40},"end":{"line":10,"column":75}},{"start":{"line":10,"column":79},"end":{"line":10,"column":95}}],"line":10},"3":{"loc":{"start":{"line":11,"column":44},"end":{"line":11,"column":103}},"type":"binary-expr","locations":[{"start":{"line":11,"column":44},"end":{"line":11,"column":83}},{"start":{"line":11,"column":87},"end":{"line":11,"column":103}}],"line":11},"4":{"loc":{"start":{"line":12,"column":47},"end":{"line":12,"column":109}},"type":"binary-expr","locations":[{"start":{"line":12,"column":47},"end":{"line":12,"column":89}},{"start":{"line":12,"column":93},"end":{"line":12,"column":109}}],"line":12},"5":{"loc":{"start":{"line":15,"column":36},"end":{"line":15,"column":82}},"type":"binary-expr","locations":[{"start":{"line":15,"column":36},"end":{"line":15,"column":67}},{"start":{"line":15,"column":71},"end":{"line":15,"column":82}}],"line":15},"6":{"loc":{"start":{"line":16,"column":40},"end":{"line":16,"column":102}},"type":"binary-expr","locations":[{"start":{"line":16,"column":40},"end":{"line":16,"column":75}},{"start":{"line":16,"column":79},"end":{"line":16,"column":102}}],"line":16},"7":{"loc":{"start":{"line":33,"column":23},"end":{"line":35,"column":46}},"type":"cond-expr","locations":[{"start":{"line":34,"column":8},"end":{"line":34,"column":39}},{"start":{"line":35,"column":8},"end":{"line":35,"column":46}}],"line":33},"8":{"loc":{"start":{"line":40,"column":4},"end":{"line":42,"column":5}},"type":"if","locations":[{"start":{"line":40,"column":4},"end":{"line":42,"column":5}},{"start":{},"end":{}}],"line":40},"9":{"loc":{"start":{"line":40,"column":8},"end":{"line":40,"column":45}},"type":"binary-expr","locations":[{"start":{"line":40,"column":8},"end":{"line":40,"column":15}},{"start":{"line":40,"column":19},"end":{"line":40,"column":45}}],"line":40},"10":{"loc":{"start":{"line":47,"column":6},"end":{"line":49,"column":7}},"type":"if","locations":[{"start":{"line":47,"column":6},"end":{"line":49,"column":7}},{"start":{},"end":{}}],"line":47},"11":{"loc":{"start":{"line":47,"column":10},"end":{"line":47,"column":59}},"type":"binary-expr","locations":[{"start":{"line":47,"column":10},"end":{"line":47,"column":24}},{"start":{"line":47,"column":28},"end":{"line":47,"column":59}}],"line":47},"12":{"loc":{"start":{"line":63,"column":2},"end":{"line":66,"column":3}},"type":"if","locations":[{"start":{"line":63,"column":2},"end":{"line":66,"column":3}},{"start":{},"end":{}}],"line":63},"13":{"loc":{"start":{"line":70,"column":2},"end":{"line":139,"column":3}},"type":"if","locations":[{"start":{"line":70,"column":2},"end":{"line":139,"column":3}},{"start":{"line":77,"column":9},"end":{"line":139,"column":3}}],"line":70},"14":{"loc":{"start":{"line":77,"column":9},"end":{"line":139,"column":3}},"type":"if","locations":[{"start":{"line":77,"column":9},"end":{"line":139,"column":3}},{"start":{"line":122,"column":9},"end":{"line":139,"column":3}}],"line":77},"15":{"loc":{"start":{"line":77,"column":13},"end":{"line":77,"column":82}},"type":"binary-expr","locations":[{"start":{"line":77,"column":14},"end":{"line":77,"column":26}},{"start":{"line":77,"column":30},"end":{"line":77,"column":39}},{"start":{"line":77,"column":44},"end":{"line":77,"column":82}}],"line":77},"16":{"loc":{"start":{"line":78,"column":25},"end":{"line":78,"column":61}},"type":"cond-expr","locations":[{"start":{"line":78,"column":37},"end":{"line":78,"column":46}},{"start":{"line":78,"column":49},"end":{"line":78,"column":61}}],"line":78},"17":{"loc":{"start":{"line":86,"column":23},"end":{"line":86,"column":112}},"type":"binary-expr","locations":[{"start":{"line":86,"column":23},"end":{"line":86,"column":58}},{"start":{"line":86,"column":62},"end":{"line":86,"column":112}}],"line":86},"18":{"loc":{"start":{"line":88,"column":102},"end":{"line":88,"column":138}},"type":"cond-expr","locations":[{"start":{"line":88,"column":114},"end":{"line":88,"column":123}},{"start":{"line":88,"column":126},"end":{"line":88,"column":138}}],"line":88},"19":{"loc":{"start":{"line":95,"column":8},"end":{"line":97,"column":9}},"type":"if","locations":[{"start":{"line":95,"column":8},"end":{"line":97,"column":9}},{"start":{},"end":{}}],"line":95},"20":{"loc":{"start":{"line":102,"column":25},"end":{"line":102,"column":112}},"type":"binary-expr","locations":[{"start":{"line":102,"column":25},"end":{"line":102,"column":60}},{"start":{"line":102,"column":64},"end":{"line":102,"column":112}}],"line":102},"21":{"loc":{"start":{"line":106,"column":8},"end":{"line":114,"column":9}},"type":"if","locations":[{"start":{"line":106,"column":8},"end":{"line":114,"column":9}},{"start":{"line":110,"column":15},"end":{"line":114,"column":9}}],"line":106},"22":{"loc":{"start":{"line":106,"column":12},"end":{"line":106,"column":115}},"type":"binary-expr","locations":[{"start":{"line":106,"column":12},"end":{"line":106,"column":54}},{"start":{"line":106,"column":58},"end":{"line":106,"column":115}}],"line":106},"23":{"loc":{"start":{"line":125,"column":4},"end":{"line":127,"column":5}},"type":"if","locations":[{"start":{"line":125,"column":4},"end":{"line":127,"column":5}},{"start":{},"end":{}}],"line":125},"24":{"loc":{"start":{"line":145,"column":2},"end":{"line":147,"column":3}},"type":"if","locations":[{"start":{"line":145,"column":2},"end":{"line":147,"column":3}},{"start":{},"end":{}}],"line":145},"25":{"loc":{"start":{"line":157,"column":2},"end":{"line":159,"column":3}},"type":"if","locations":[{"start":{"line":157,"column":2},"end":{"line":159,"column":3}},{"start":{},"end":{}}],"line":157},"26":{"loc":{"start":{"line":165,"column":0},"end":{"line":195,"column":1}},"type":"if","locations":[{"start":{"line":165,"column":0},"end":{"line":195,"column":1}},{"start":{"line":193,"column":7},"end":{"line":195,"column":1}}],"line":165},"27":{"loc":{"start":{"line":165,"column":4},"end":{"line":165,"column":43}},"type":"binary-expr","locations":[{"start":{"line":165,"column":4},"end":{"line":165,"column":10}},{"start":{"line":165,"column":15},"end":{"line":165,"column":28}},{"start":{"line":165,"column":32},"end":{"line":165,"column":42}}],"line":165},"28":{"loc":{"start":{"line":170,"column":4},"end":{"line":188,"column":5}},"type":"if","locations":[{"start":{"line":170,"column":4},"end":{"line":188,"column":5}},{"start":{"line":176,"column":11},"end":{"line":188,"column":5}}],"line":170},"29":{"loc":{"start":{"line":178,"column":6},"end":{"line":187,"column":7}},"type":"if","locations":[{"start":{"line":178,"column":6},"end":{"line":187,"column":7}},{"start":{"line":185,"column":13},"end":{"line":187,"column":7}}],"line":178},"30":{"loc":{"start":{"line":178,"column":10},"end":{"line":178,"column":65}},"type":"binary-expr","locations":[{"start":{"line":178,"column":10},"end":{"line":178,"column":28}},{"start":{"line":178,"column":32},"end":{"line":178,"column":65}}],"line":178},"31":{"loc":{"start":{"line":194,"column":17},"end":{"line":194,"column":53}},"type":"cond-expr","locations":[{"start":{"line":194,"column":29},"end":{"line":194,"column":38}},{"start":{"line":194,"column":41},"end":{"line":194,"column":53}}],"line":194},"32":{"loc":{"start":{"line":208,"column":8},"end":{"line":210,"column":9}},"type":"if","locations":[{"start":{"line":208,"column":8},"end":{"line":210,"column":9}},{"start":{},"end":{}}],"line":208},"33":{"loc":{"start":{"line":208,"column":12},"end":{"line":208,"column":100}},"type":"binary-expr","locations":[{"start":{"line":208,"column":12},"end":{"line":208,"column":54}},{"start":{"line":208,"column":58},"end":{"line":208,"column":100}}],"line":208}},"s":{"0":0,"1":0,"2":0,"3":0,"4":0,"5":0,"6":0,"7":0,"8":0,"9":0,"10":0,"11":0,"12":0,"13":0,"14":0,"15":0,"16":0,"17":0,"18":0,"19":0,"20":0,"21":0,"22":0,"23":0,"24":0,"25":0,"26":0,"27":0,"28":0,"29":0,"30":0,"31":0,"32":0,"33":0,"34":0,"35":0,"36":0,"37":0,"38":0,"39":0,"40":0,"41":0,"42":0,"43":0,"44":0,"45":0,"46":0,"47":0,"48":0,"49":0,"50":0,"51":0,"52":0,"53":0,"54":0,"55":0,"56":0,"57":0,"58":0,"59":0,"60":0,"61":0,"62":0,"63":0,"64":0,"65":0,"66":0,"67":0,"68":0,"69":0,"70":0,"71":0,"72":0,"73":0,"74":0,"75":0,"76":0,"77":0,"78":0,"79":0,"80":0,"81":0,"82":0,"83":0,"84":0,"85":0,"86":0,"87":0,"88":0,"89":0,"90":0},"f":{"0":0,"1":0,"2":0,"3":0,"4":0},"b":{"0":[0,0],"1":[0,0],"2":[0,0],"3":[0,0],"4":[0,0],"5":[0,0],"6":[0,0],"7":[0,0],"8":[0,0],"9":[0,0],"10":[0,0],"11":[0,0],"12":[0,0],"13":[0,0],"14":[0,0],"15":[0,0,0],"16":[0,0],"17":[0,0],"18":[0,0],"19":[0,0],"20":[0,0],"21":[0,0],"22":[0,0],"23":[0,0],"24":[0,0],"25":[0,0],"26":[0,0],"27":[0,0,0],"28":[0,0],"29":[0,0],"30":[0,0],"31":[0,0],"32":[0,0],"33":[0,0]}}
,"/Users/dustinjasmin/personal-cryptoscrow-backend/src/api/routes/auth/authIndex.js": {"path":"/Users/dustinjasmin/personal-cryptoscrow-backend/src/api/routes/auth/authIndex.js","statementMap":{"0":{"start":{"line":8,"column":15},"end":{"line":8,"column":85}},"1":{"start":{"line":11,"column":0},"end":{"line":19,"column":1}},"2":{"start":{"line":12,"column":23},"end":{"line":12,"column":32}},"3":{"start":{"line":13,"column":2},"end":{"line":18,"column":3}},"4":{"start":{"line":14,"column":4},"end":{"line":17,"column":5}},"5":{"start":{"line":15,"column":6},"end":{"line":15,"column":84}},"6":{"start":{"line":16,"column":6},"end":{"line":16,"column":27}},"7":{"start":{"line":23,"column":23},"end":{"line":38,"column":1}},"8":{"start":{"line":41,"column":0},"end":{"line":41,"column":105}},"9":{"start":{"line":44,"column":28},"end":{"line":44,"column":73}},"10":{"start":{"line":47,"column":0},"end":{"line":54,"column":1}},"11":{"start":{"line":48,"column":15},"end":{"line":48,"column":36}},"12":{"start":{"line":49,"column":18},"end":{"line":49,"column":42}},"13":{"start":{"line":50,"column":20},"end":{"line":50,"column":46}},"14":{"start":{"line":51,"column":2},"end":{"line":51,"column":80}},"15":{"start":{"line":52,"column":2},"end":{"line":52,"column":53}},"16":{"start":{"line":53,"column":2},"end":{"line":53,"column":57}}},"fnMap":{},"branchMap":{"0":{"loc":{"start":{"line":8,"column":15},"end":{"line":8,"column":85}},"type":"binary-expr","locations":[{"start":{"line":8,"column":15},"end":{"line":8,"column":46}},{"start":{"line":8,"column":50},"end":{"line":8,"column":85}}],"line":8},"1":{"loc":{"start":{"line":11,"column":0},"end":{"line":19,"column":1}},"type":"if","locations":[{"start":{"line":11,"column":0},"end":{"line":19,"column":1}},{"start":{},"end":{}}],"line":11},"2":{"loc":{"start":{"line":14,"column":4},"end":{"line":17,"column":5}},"type":"if","locations":[{"start":{"line":14,"column":4},"end":{"line":17,"column":5}},{"start":{},"end":{}}],"line":14},"3":{"loc":{"start":{"line":23,"column":23},"end":{"line":38,"column":1}},"type":"cond-expr","locations":[{"start":{"line":23,"column":32},"end":{"line":30,"column":1}},{"start":{"line":30,"column":4},"end":{"line":38,"column":1}}],"line":23},"4":{"loc":{"start":{"line":47,"column":0},"end":{"line":54,"column":1}},"type":"if","locations":[{"start":{"line":47,"column":0},"end":{"line":54,"column":1}},{"start":{},"end":{}}],"line":47}},"s":{"0":0,"1":0,"2":0,"3":0,"4":0,"5":0,"6":0,"7":0,"8":0,"9":0,"10":0,"11":0,"12":0,"13":0,"14":0,"15":0,"16":0},"f":{},"b":{"0":[0,0],"1":[0,0],"2":[0,0],"3":[0,0],"4":[0,0]}}
,"/Users/dustinjasmin/personal-cryptoscrow-backend/src/api/routes/auth/loginSignUp.js": {"path":"/Users/dustinjasmin/personal-cryptoscrow-backend/src/api/routes/auth/loginSignUp.js","statementMap":{"0":{"start":{"line":8,"column":15},"end":{"line":8,"column":31}},"1":{"start":{"line":12,"column":14},"end":{"line":12,"column":33}},"2":{"start":{"line":13,"column":2},"end":{"line":16,"column":4}},"3":{"start":{"line":20,"column":0},"end":{"line":81,"column":3}},"4":{"start":{"line":21,"column":45},"end":{"line":21,"column":53}},"5":{"start":{"line":22,"column":24},"end":{"line":22,"column":55}},"6":{"start":{"line":24,"column":2},"end":{"line":27,"column":3}},"7":{"start":{"line":25,"column":4},"end":{"line":25,"column":64}},"8":{"start":{"line":26,"column":4},"end":{"line":26,"column":78}},"9":{"start":{"line":29,"column":2},"end":{"line":80,"column":3}},"10":{"start":{"line":30,"column":25},"end":{"line":30,"column":52}},"11":{"start":{"line":33,"column":23},"end":{"line":37,"column":6}},"12":{"start":{"line":40,"column":28},"end":{"line":48,"column":5}},"13":{"start":{"line":50,"column":4},"end":{"line":56,"column":5}},"14":{"start":{"line":51,"column":6},"end":{"line":51,"column":76}},"15":{"start":{"line":52,"column":6},"end":{"line":52,"column":100}},"16":{"start":{"line":54,"column":6},"end":{"line":54,"column":93}},"17":{"start":{"line":59,"column":4},"end":{"line":62,"column":5}},"18":{"start":{"line":60,"column":6},"end":{"line":60,"column":70}},"19":{"start":{"line":61,"column":6},"end":{"line":61,"column":83}},"20":{"start":{"line":64,"column":4},"end":{"line":64,"column":80}},"21":{"start":{"line":65,"column":4},"end":{"line":68,"column":7}},"22":{"start":{"line":70,"column":4},"end":{"line":70,"column":61}},"23":{"start":{"line":71,"column":4},"end":{"line":79,"column":5}},"24":{"start":{"line":72,"column":6},"end":{"line":72,"column":62}},"25":{"start":{"line":73,"column":11},"end":{"line":79,"column":5}},"26":{"start":{"line":74,"column":6},"end":{"line":74,"column":62}},"27":{"start":{"line":75,"column":11},"end":{"line":79,"column":5}},"28":{"start":{"line":76,"column":6},"end":{"line":76,"column":63}},"29":{"start":{"line":78,"column":6},"end":{"line":78,"column":103}},"30":{"start":{"line":84,"column":0},"end":{"line":138,"column":3}},"31":{"start":{"line":85,"column":30},"end":{"line":85,"column":38}},"32":{"start":{"line":86,"column":24},"end":{"line":86,"column":55}},"33":{"start":{"line":88,"column":2},"end":{"line":91,"column":3}},"34":{"start":{"line":89,"column":4},"end":{"line":89,"column":64}},"35":{"start":{"line":90,"column":4},"end":{"line":90,"column":78}},"36":{"start":{"line":93,"column":2},"end":{"line":137,"column":3}},"37":{"start":{"line":94,"column":21},"end":{"line":94,"column":48}},"38":{"start":{"line":98,"column":4},"end":{"line":107,"column":5}},"39":{"start":{"line":100,"column":6},"end":{"line":100,"column":66}},"40":{"start":{"line":102,"column":6},"end":{"line":105,"column":7}},"41":{"start":{"line":103,"column":8},"end":{"line":103,"column":76}},"42":{"start":{"line":104,"column":8},"end":{"line":104,"column":70}},"43":{"start":{"line":106,"column":6},"end":{"line":106,"column":22}},"44":{"start":{"line":110,"column":4},"end":{"line":118,"column":5}},"45":{"start":{"line":111,"column":6},"end":{"line":114,"column":7}},"46":{"start":{"line":112,"column":8},"end":{"line":112,"column":98}},"47":{"start":{"line":113,"column":8},"end":{"line":113,"column":68}},"48":{"start":{"line":115,"column":6},"end":{"line":115,"column":79}},"49":{"start":{"line":117,"column":6},"end":{"line":117,"column":78}},"50":{"start":{"line":121,"column":24},"end":{"line":121,"column":68}},"51":{"start":{"line":123,"column":4},"end":{"line":127,"column":7}},"52":{"start":{"line":129,"column":4},"end":{"line":129,"column":61}},"53":{"start":{"line":132,"column":4},"end":{"line":136,"column":5}},"54":{"start":{"line":133,"column":6},"end":{"line":133,"column":61}},"55":{"start":{"line":135,"column":6},"end":{"line":135,"column":86}},"56":{"start":{"line":141,"column":0},"end":{"line":224,"column":3}},"57":{"start":{"line":142,"column":22},"end":{"line":142,"column":30}},"58":{"start":{"line":143,"column":24},"end":{"line":143,"column":55}},"59":{"start":{"line":145,"column":2},"end":{"line":148,"column":3}},"60":{"start":{"line":146,"column":4},"end":{"line":146,"column":52}},"61":{"start":{"line":147,"column":4},"end":{"line":147,"column":63}},"62":{"start":{"line":150,"column":2},"end":{"line":150,"column":92}},"63":{"start":{"line":152,"column":2},"end":{"line":223,"column":3}},"64":{"start":{"line":153,"column":21},"end":{"line":153,"column":48}},"65":{"start":{"line":155,"column":4},"end":{"line":209,"column":5}},"66":{"start":{"line":157,"column":6},"end":{"line":160,"column":7}},"67":{"start":{"line":158,"column":8},"end":{"line":158,"column":74}},"68":{"start":{"line":159,"column":8},"end":{"line":159,"column":67}},"69":{"start":{"line":162,"column":6},"end":{"line":180,"column":7}},"70":{"start":{"line":163,"column":8},"end":{"line":163,"column":81}},"71":{"start":{"line":164,"column":27},"end":{"line":164,"column":54}},"72":{"start":{"line":165,"column":24},"end":{"line":165,"column":63}},"73":{"start":{"line":166,"column":8},"end":{"line":166,"column":95}},"74":{"start":{"line":168,"column":8},"end":{"line":171,"column":9}},"75":{"start":{"line":169,"column":10},"end":{"line":169,"column":84}},"76":{"start":{"line":170,"column":10},"end":{"line":170,"column":99}},"77":{"start":{"line":172,"column":8},"end":{"line":176,"column":11}},"78":{"start":{"line":178,"column":8},"end":{"line":178,"column":79}},"79":{"start":{"line":179,"column":8},"end":{"line":179,"column":97}},"80":{"start":{"line":183,"column":6},"end":{"line":183,"column":76}},"81":{"start":{"line":184,"column":27},"end":{"line":184,"column":66}},"82":{"start":{"line":185,"column":18},"end":{"line":185,"column":34}},"83":{"start":{"line":186,"column":6},"end":{"line":186,"column":78}},"84":{"start":{"line":188,"column":6},"end":{"line":188,"column":78}},"85":{"start":{"line":189,"column":19},"end":{"line":189,"column":42}},"86":{"start":{"line":192,"column":34},"end":{"line":192,"column":134}},"87":{"start":{"line":193,"column":28},"end":{"line":193,"column":99}},"88":{"start":{"line":193,"column":72},"end":{"line":193,"column":98}},"89":{"start":{"line":195,"column":6},"end":{"line":198,"column":7}},"90":{"start":{"line":196,"column":8},"end":{"line":196,"column":84}},"91":{"start":{"line":197,"column":8},"end":{"line":197,"column":103}},"92":{"start":{"line":200,"column":6},"end":{"line":200,"column":71}},"93":{"start":{"line":201,"column":22},"end":{"line":201,"column":75}},"94":{"start":{"line":202,"column":6},"end":{"line":202,"column":78}},"95":{"start":{"line":204,"column":6},"end":{"line":208,"column":9}},"96":{"start":{"line":211,"column":4},"end":{"line":211,"column":89}},"97":{"start":{"line":213,"column":4},"end":{"line":221,"column":5}},"98":{"start":{"line":214,"column":6},"end":{"line":214,"column":93}},"99":{"start":{"line":215,"column":11},"end":{"line":221,"column":5}},"100":{"start":{"line":216,"column":6},"end":{"line":218,"column":9}},"101":{"start":{"line":219,"column":11},"end":{"line":221,"column":5}},"102":{"start":{"line":220,"column":6},"end":{"line":220,"column":86}},"103":{"start":{"line":222,"column":4},"end":{"line":222,"column":96}}},"fnMap":{"0":{"name":"getFirebaseServices","decl":{"start":{"line":11,"column":15},"end":{"line":11,"column":34}},"loc":{"start":{"line":11,"column":37},"end":{"line":17,"column":1}},"line":11},"1":{"name":"(anonymous_1)","decl":{"start":{"line":20,"column":32},"end":{"line":20,"column":33}},"loc":{"start":{"line":20,"column":52},"end":{"line":81,"column":1}},"line":20},"2":{"name":"(anonymous_2)","decl":{"start":{"line":84,"column":32},"end":{"line":84,"column":33}},"loc":{"start":{"line":84,"column":52},"end":{"line":138,"column":1}},"line":84},"3":{"name":"(anonymous_3)","decl":{"start":{"line":141,"column":29},"end":{"line":141,"column":30}},"loc":{"start":{"line":141,"column":49},"end":{"line":224,"column":1}},"line":141},"4":{"name":"(anonymous_4)","decl":{"start":{"line":193,"column":63},"end":{"line":193,"column":64}},"loc":{"start":{"line":193,"column":72},"end":{"line":193,"column":98}},"line":193}},"branchMap":{"0":{"loc":{"start":{"line":24,"column":2},"end":{"line":27,"column":3}},"type":"if","locations":[{"start":{"line":24,"column":2},"end":{"line":27,"column":3}},{"start":{},"end":{}}],"line":24},"1":{"loc":{"start":{"line":24,"column":6},"end":{"line":24,"column":25}},"type":"binary-expr","locations":[{"start":{"line":24,"column":6},"end":{"line":24,"column":12}},{"start":{"line":24,"column":16},"end":{"line":24,"column":25}}],"line":24},"2":{"loc":{"start":{"line":45,"column":15},"end":{"line":45,"column":51}},"type":"cond-expr","locations":[{"start":{"line":45,"column":31},"end":{"line":45,"column":46}},{"start":{"line":45,"column":49},"end":{"line":45,"column":51}}],"line":45},"3":{"loc":{"start":{"line":59,"column":4},"end":{"line":62,"column":5}},"type":"if","locations":[{"start":{"line":59,"column":4},"end":{"line":62,"column":5}},{"start":{},"end":{}}],"line":59},"4":{"loc":{"start":{"line":71,"column":4},"end":{"line":79,"column":5}},"type":"if","locations":[{"start":{"line":71,"column":4},"end":{"line":79,"column":5}},{"start":{"line":73,"column":11},"end":{"line":79,"column":5}}],"line":71},"5":{"loc":{"start":{"line":73,"column":11},"end":{"line":79,"column":5}},"type":"if","locations":[{"start":{"line":73,"column":11},"end":{"line":79,"column":5}},{"start":{"line":75,"column":11},"end":{"line":79,"column":5}}],"line":73},"6":{"loc":{"start":{"line":75,"column":11},"end":{"line":79,"column":5}},"type":"if","locations":[{"start":{"line":75,"column":11},"end":{"line":79,"column":5}},{"start":{"line":77,"column":11},"end":{"line":79,"column":5}}],"line":75},"7":{"loc":{"start":{"line":78,"column":36},"end":{"line":78,"column":99}},"type":"binary-expr","locations":[{"start":{"line":78,"column":36},"end":{"line":78,"column":49}},{"start":{"line":78,"column":53},"end":{"line":78,"column":99}}],"line":78},"8":{"loc":{"start":{"line":88,"column":2},"end":{"line":91,"column":3}},"type":"if","locations":[{"start":{"line":88,"column":2},"end":{"line":91,"column":3}},{"start":{},"end":{}}],"line":88},"9":{"loc":{"start":{"line":88,"column":6},"end":{"line":88,"column":25}},"type":"binary-expr","locations":[{"start":{"line":88,"column":6},"end":{"line":88,"column":12}},{"start":{"line":88,"column":16},"end":{"line":88,"column":25}}],"line":88},"10":{"loc":{"start":{"line":102,"column":6},"end":{"line":105,"column":7}},"type":"if","locations":[{"start":{"line":102,"column":6},"end":{"line":105,"column":7}},{"start":{},"end":{}}],"line":102},"11":{"loc":{"start":{"line":110,"column":4},"end":{"line":118,"column":5}},"type":"if","locations":[{"start":{"line":110,"column":4},"end":{"line":118,"column":5}},{"start":{"line":116,"column":11},"end":{"line":118,"column":5}}],"line":110},"12":{"loc":{"start":{"line":111,"column":6},"end":{"line":114,"column":7}},"type":"if","locations":[{"start":{"line":111,"column":6},"end":{"line":114,"column":7}},{"start":{},"end":{}}],"line":111},"13":{"loc":{"start":{"line":132,"column":4},"end":{"line":136,"column":5}},"type":"if","locations":[{"start":{"line":132,"column":4},"end":{"line":136,"column":5}},{"start":{"line":134,"column":11},"end":{"line":136,"column":5}}],"line":132},"14":{"loc":{"start":{"line":132,"column":8},"end":{"line":132,"column":83}},"type":"binary-expr","locations":[{"start":{"line":132,"column":8},"end":{"line":132,"column":44}},{"start":{"line":132,"column":48},"end":{"line":132,"column":83}}],"line":132},"15":{"loc":{"start":{"line":145,"column":2},"end":{"line":148,"column":3}},"type":"if","locations":[{"start":{"line":145,"column":2},"end":{"line":148,"column":3}},{"start":{},"end":{}}],"line":145},"16":{"loc":{"start":{"line":150,"column":45},"end":{"line":150,"column":82}},"type":"cond-expr","locations":[{"start":{"line":150,"column":61},"end":{"line":150,"column":67}},{"start":{"line":150,"column":70},"end":{"line":150,"column":82}}],"line":150},"17":{"loc":{"start":{"line":155,"column":4},"end":{"line":209,"column":5}},"type":"if","locations":[{"start":{"line":155,"column":4},"end":{"line":209,"column":5}},{"start":{"line":181,"column":11},"end":{"line":209,"column":5}}],"line":155},"18":{"loc":{"start":{"line":157,"column":6},"end":{"line":160,"column":7}},"type":"if","locations":[{"start":{"line":157,"column":6},"end":{"line":160,"column":7}},{"start":{},"end":{}}],"line":157},"19":{"loc":{"start":{"line":168,"column":8},"end":{"line":171,"column":9}},"type":"if","locations":[{"start":{"line":168,"column":8},"end":{"line":171,"column":9}},{"start":{},"end":{}}],"line":168},"20":{"loc":{"start":{"line":192,"column":34},"end":{"line":192,"column":134}},"type":"binary-expr","locations":[{"start":{"line":192,"column":34},"end":{"line":192,"column":60}},{"start":{"line":192,"column":64},"end":{"line":192,"column":134}}],"line":192},"21":{"loc":{"start":{"line":195,"column":6},"end":{"line":198,"column":7}},"type":"if","locations":[{"start":{"line":195,"column":6},"end":{"line":198,"column":7}},{"start":{},"end":{}}],"line":195},"22":{"loc":{"start":{"line":195,"column":10},"end":{"line":195,"column":74}},"type":"binary-expr","locations":[{"start":{"line":195,"column":10},"end":{"line":195,"column":21}},{"start":{"line":195,"column":25},"end":{"line":195,"column":74}}],"line":195},"23":{"loc":{"start":{"line":211,"column":58},"end":{"line":211,"column":87}},"type":"binary-expr","locations":[{"start":{"line":211,"column":58},"end":{"line":211,"column":68}},{"start":{"line":211,"column":72},"end":{"line":211,"column":87}}],"line":211},"24":{"loc":{"start":{"line":213,"column":4},"end":{"line":221,"column":5}},"type":"if","locations":[{"start":{"line":213,"column":4},"end":{"line":221,"column":5}},{"start":{"line":215,"column":11},"end":{"line":221,"column":5}}],"line":213},"25":{"loc":{"start":{"line":215,"column":11},"end":{"line":221,"column":5}},"type":"if","locations":[{"start":{"line":215,"column":11},"end":{"line":221,"column":5}},{"start":{"line":219,"column":11},"end":{"line":221,"column":5}}],"line":215},"26":{"loc":{"start":{"line":215,"column":15},"end":{"line":215,"column":117}},"type":"binary-expr","locations":[{"start":{"line":215,"column":15},"end":{"line":215,"column":51}},{"start":{"line":215,"column":56},"end":{"line":215,"column":69}},{"start":{"line":215,"column":73},"end":{"line":215,"column":116}}],"line":215},"27":{"loc":{"start":{"line":219,"column":11},"end":{"line":221,"column":5}},"type":"if","locations":[{"start":{"line":219,"column":11},"end":{"line":221,"column":5}},{"start":{},"end":{}}],"line":219}},"s":{"0":0,"1":0,"2":0,"3":0,"4":0,"5":0,"6":0,"7":0,"8":0,"9":0,"10":0,"11":0,"12":0,"13":0,"14":0,"15":0,"16":0,"17":0,"18":0,"19":0,"20":0,"21":0,"22":0,"23":0,"24":0,"25":0,"26":0,"27":0,"28":0,"29":0,"30":0,"31":0,"32":0,"33":0,"34":0,"35":0,"36":0,"37":0,"38":0,"39":0,"40":0,"41":0,"42":0,"43":0,"44":0,"45":0,"46":0,"47":0,"48":0,"49":0,"50":0,"51":0,"52":0,"53":0,"54":0,"55":0,"56":0,"57":0,"58":0,"59":0,"60":0,"61":0,"62":0,"63":0,"64":0,"65":0,"66":0,"67":0,"68":0,"69":0,"70":0,"71":0,"72":0,"73":0,"74":0,"75":0,"76":0,"77":0,"78":0,"79":0,"80":0,"81":0,"82":0,"83":0,"84":0,"85":0,"86":0,"87":0,"88":0,"89":0,"90":0,"91":0,"92":0,"93":0,"94":0,"95":0,"96":0,"97":0,"98":0,"99":0,"100":0,"101":0,"102":0,"103":0},"f":{"0":0,"1":0,"2":0,"3":0,"4":0},"b":{"0":[0,0],"1":[0,0],"2":[0,0],"3":[0,0],"4":[0,0],"5":[0,0],"6":[0,0],"7":[0,0],"8":[0,0],"9":[0,0],"10":[0,0],"11":[0,0],"12":[0,0],"13":[0,0],"14":[0,0],"15":[0,0],"16":[0,0],"17":[0,0],"18":[0,0],"19":[0,0],"20":[0,0],"21":[0,0],"22":[0,0],"23":[0,0],"24":[0,0],"25":[0,0],"26":[0,0,0],"27":[0,0]}}
[...]
,"end":{"line":22,"column":51}},"2":{"start":{"line":23,"column":8},"end":{"line":23,"column":35}},"3":{"start":{"line":24,"column":8},"end":{"line":24,"column":33}},"4":{"start":{"line":27,"column":8},"end":{"line":27,"column":35}},"5":{"start":{"line":31,"column":25},"end":{"line":37,"column":9}},"6":{"start":{"line":39,"column":8},"end":{"line":44,"column":9}},"7":{"start":{"line":40,"column":12},"end":{"line":43,"column":13}},"8":{"start":{"line":41,"column":16},"end":{"line":41,"column":80}},"9":{"start":{"line":42,"column":16},"end":{"line":42,"column":80}},"10":{"start":{"line":47,"column":8},"end":{"line":52,"column":9}},"11":{"start":{"line":48,"column":12},"end":{"line":48,"column":82}},"12":{"start":{"line":49,"column":12},"end":{"line":49,"column":100}},"13":{"start":{"line":51,"column":12},"end":{"line":51,"column":106}},"14":{"start":{"line":67,"column":8},"end":{"line":140,"column":9}},"15":{"start":{"line":68,"column":12},"end":{"line":68,"column":103}},"16":{"start":{"line":69,"column":12},"end":{"line":69,"column":58}},"17":{"start":{"line":70,"column":12},"end":{"line":70,"column":63}},"18":{"start":{"line":71,"column":12},"end":{"line":71,"column":64}},"19":{"start":{"line":72,"column":12},"end":{"line":72,"column":74}},"20":{"start":{"line":75,"column":29},"end":{"line":75,"column":59}},"21":{"start":{"line":76,"column":12},"end":{"line":78,"column":13}},"22":{"start":{"line":77,"column":16},"end":{"line":77,"column":67}},"23":{"start":{"line":81,"column":12},"end":{"line":83,"column":13}},"24":{"start":{"line":82,"column":16},"end":{"line":82,"column":64}},"25":{"start":{"line":84,"column":27},"end":{"line":84,"column":62}},"26":{"start":{"line":87,"column":29},"end":{"line":87,"column":97}},"27":{"start":{"line":90,"column":34},"end":{"line":90,"column":67}},"28":{"start":{"line":91,"column":12},"end":{"line":91,"column":112}},"29":{"start":{"line":93,"column":12},"end":{"line":95,"column":13}},"30":{"start":{"line":94,"column":16},"end":{"line":94,"column":111}},"31":{"start":{"line":98,"column":12},"end":{"line":98,"column":80}},"32":{"start":{"line":99,"column":23},"end":{"line":106,"column":13}},"33":{"start":{"line":108,"column":12},"end":{"line":108,"column":93}},"34":{"start":{"line":109,"column":28},"end":{"line":109,"column":43}},"35":{"start":{"line":111,"column":12},"end":{"line":135,"column":13}},"36":{"start":{"line":112,"column":16},"end":{"line":112,"column":110}},"37":{"start":{"line":115,"column":37},"end":{"line":117,"column":17}},"38":{"start":{"line":116,"column":20},"end":{"line":116,"column":116}},"39":{"start":{"line":119,"column":16},"end":{"line":132,"column":18}},"40":{"start":{"line":134,"column":16},"end":{"line":134,"column":54}},"41":{"start":{"line":138,"column":12},"end":{"line":138,"column":86}},"42":{"start":{"line":139,"column":12},"end":{"line":139,"column":76}},"43":{"start":{"line":152,"column":8},"end":{"line":240,"column":9}},"44":{"start":{"line":153,"column":12},"end":{"line":153,"column":94}},"45":{"start":{"line":154,"column":12},"end":{"line":154,"column":58}},"46":{"start":{"line":155,"column":12},"end":{"line":155,"column":64}},"47":{"start":{"line":156,"column":12},"end":{"line":156,"column":54}},"48":{"start":{"line":159,"column":29},"end":{"line":159,"column":59}},"49":{"start":{"line":160,"column":12},"end":{"line":162,"column":13}},"50":{"start":{"line":161,"column":16},"end":{"line":161,"column":67}},"51":{"start":{"line":164,"column":27},"end":{"line":164,"column":62}},"52":{"start":{"line":165,"column":29},"end":{"line":165,"column":97}},"53":{"start":{"line":168,"column":34},"end":{"line":168,"column":67}},"54":{"start":{"line":169,"column":12},"end":{"line":169,"column":113}},"55":{"start":{"line":171,"column":12},"end":{"line":173,"column":13}},"56":{"start":{"line":172,"column":16},"end":{"line":172,"column":111}},"57":{"start":{"line":176,"column":28},"end":{"line":176,"column":55}},"58":{"start":{"line":177,"column":70},"end":{"line":177,"column":104}},"59":{"start":{"line":179,"column":12},"end":{"line":179,"column":100}},"60":{"start":{"line":180,"column":12},"end":{"line":180,"column":79}},"61":{"start":{"line":181,"column":12},"end":{"line":181,"column":67}},"62":{"start":{"line":184,"column":12},"end":{"line":184,"column":81}},"63":{"start":{"line":185,"column":23},"end":{"line":187,"column":14}},"64":{"start":{"line":189,"column":28},"end":{"line":189,"column":43}},"65":{"start":{"line":191,"column":12},"end":{"line":235,"column":13}},"66":{"start":{"line":192,"column":16},"end":{"line":192,"column":110}},"67":{"start":{"line":195,"column":37},"end":{"line":197,"column":17}},"68":{"start":{"line":196,"column":20},"end":{"line":196,"column":117}},"69":{"start":{"line":199,"column":42},"end":{"line":199,"column":46}},"70":{"start":{"line":200,"column":36},"end":{"line":200,"column":40}},"71":{"start":{"line":202,"column":16},"end":{"line":210,"column":17}},"72":{"start":{"line":204,"column":40},"end":{"line":204,"column":81}},"73":{"start":{"line":205,"column":20},"end":{"line":205,"column":79}},"74":{"start":{"line":206,"column":20},"end":{"line":206,"column":60}},"75":{"start":{"line":208,"column":20},"end":{"line":208,"column":98}},"76":{"start":{"line":209,"column":20},"end":{"line":209,"column":112}},"77":{"start":{"line":213,"column":37},"end":{"line":222,"column":18}},"78":{"start":{"line":224,"column":16},"end":{"line":232,"column":18}},"79":{"start":{"line":234,"column":16},"end":{"line":234,"column":63}},"80":{"start":{"line":238,"column":12},"end":{"line":238,"column":91}},"81":{"start":{"line":239,"column":12},"end":{"line":239,"column":87}},"82":{"start":{"line":256,"column":8},"end":{"line":306,"column":9}},"83":{"start":{"line":257,"column":12},"end":{"line":257,"column":89}},"84":{"start":{"line":260,"column":26},"end":{"line":269,"column":14}},"85":{"start":{"line":271,"column":12},"end":{"line":273,"column":13}},"86":{"start":{"line":272,"column":16},"end":{"line":272,"column":57}},"87":{"start":{"line":275,"column":12},"end":{"line":275,"column":103}},"88":{"start":{"line":276,"column":12},"end":{"line":276,"column":84}},"89":{"start":{"line":277,"column":12},"end":{"line":277,"column":76}},"90":{"start":{"line":280,"column":36},"end":{"line":289,"column":14}},"91":{"start":{"line":284,"column":20},"end":{"line":284,"column":109}},"92":{"start":{"line":287,"column":20},"end":{"line":287,"column":89}},"93":{"start":{"line":291,"column":12},"end":{"line":301,"column":14}},"94":{"start":{"line":304,"column":12},"end":{"line":304,"column":87}},"95":{"start":{"line":305,"column":12},"end":{"line":305,"column":73}},"96":{"start":{"line":317,"column":8},"end":{"line":354,"column":9}},"97":{"start":{"line":318,"column":12},"end":{"line":318,"column":105}},"98":{"start":{"line":320,"column":29},"end":{"line":320,"column":59}},"99":{"start":{"line":321,"column":27},"end":{"line":321,"column":62}},"100":{"start":{"line":322,"column":29},"end":{"line":322,"column":97}},"101":{"start":{"line":325,"column":34},"end":{"line":325,"column":67}},"102":{"start":{"line":326,"column":12},"end":{"line":328,"column":13}},"103":{"start":{"line":327,"column":16},"end":{"line":327,"column":123}},"104":{"start":{"line":331,"column":23},"end":{"line":333,"column":14}},"105":{"start":{"line":335,"column":28},"end":{"line":335,"column":43}},"106":{"start":{"line":337,"column":12},"end":{"line":349,"column":13}},"107":{"start":{"line":338,"column":16},"end":{"line":338,"column":110}},"108":{"start":{"line":340,"column":16},"end":{"line":346,"column":18}},"109":{"start":{"line":348,"column":16},"end":{"line":348,"column":67}},"110":{"start":{"line":352,"column":12},"end":{"line":352,"column":91}},"111":{"start":{"line":353,"column":12},"end":{"line":353,"column":89}},"112":{"start":{"line":367,"column":26},"end":{"line":367,"column":36}},"113":{"start":{"line":368,"column":30},"end":{"line":368,"column":35}},"114":{"start":{"line":370,"column":8},"end":{"line":370,"column":86}},"115":{"start":{"line":371,"column":8},"end":{"line":371,"column":69}},"116":{"start":{"line":372,"column":8},"end":{"line":372,"column":86}},"117":{"start":{"line":374,"column":8},"end":{"line":419,"column":11}},"118":{"start":{"line":375,"column":32},"end":{"line":415,"column":13}},"119":{"start":{"line":376,"column":16},"end":{"line":414,"column":17}},"120":{"start":{"line":378,"column":20},"end":{"line":381,"column":21}},"121":{"start":{"line":379,"column":24},"end":{"line":379,"column":71}},"122":{"start":{"line":380,"column":24},"end":{"line":380,"column":31}},"123":{"start":{"line":384,"column":35},"end":{"line":384,"column":99}},"124":{"start":{"line":385,"column":20},"end":{"line":385,"column":106}},"125":{"start":{"line":387,"column":20},"end":{"line":408,"column":21}},"126":{"start":{"line":388,"column":24},"end":{"line":388,"column":106}},"127":{"start":{"line":391,"column":46},"end":{"line":395,"column":26}},"128":{"start":{"line":397,"column":24},"end":{"line":402,"column":27}},"129":{"start":{"line":403,"column":27},"end":{"line":408,"column":21}},"130":{"start":{"line":404,"column":24},"end":{"line":404,"column":106}},"131":{"start":{"line":407,"column":24},"end":{"line":407,"column":63}},"132":{"start":{"line":411,"column":20},"end":{"line":411,"column":93}},"133":{"start":{"line":413,"column":20},"end":{"line":413,"column":59}},"134":{"start":{"line":418,"column":12},"end":{"line":418,"column":26}},"135":{"start":{"line":426,"column":8},"end":{"line":453,"column":9}},"136":{"start":{"line":427,"column":29},"end":{"line":427,"column":59}},"137":{"start":{"line":428,"column":29},"end":{"line":428,"column":99}},"138":{"start":{"line":430,"column":53},"end":{"line":434,"column":14}},"139":{"start":{"line":436,"column":102},"end":{"line":436,"column":116}},"140":{"start":{"line":438,"column":12},"end":{"line":448,"column":14}},"141":{"start":{"line":451,"column":12},"end":{"line":451,"column":82}},"142":{"start":{"line":452,"column":12},"end":{"line":452,"column":77}}},"fnMap":{"0":{"name":"(anonymous_0)","decl":{"start":{"line":21,"column":4},"end":{"line":21,"column":5}},"loc":{"start":{"line":21,"column":18},"end":{"line":28,"column":5}},"line":21},"1":{"name":"(anonymous_1)","decl":{"start":{"line":30,"column":4},"end":{"line":30,"column":5}},"loc":{"start":{"line":30,"column":26},"end":{"line":53,"column":5}},"line":30},"2":{"name":"(anonymous_2)","decl":{"start":{"line":58,"column":4},"end":{"line":58,"column":5}},"loc":{"start":{"line":66,"column":7},"end":{"line":141,"column":5}},"line":66},"3":{"name":"(anonymous_3)","decl":{"start":{"line":115,"column":55},"end":{"line":115,"column":56}},"loc":{"start":{"line":116,"column":20},"end":{"line":116,"column":116}},"line":116},"4":{"name":"(anonymous_4)","decl":{"start":{"line":146,"column":4},"end":{"line":146,"column":5}},"loc":{"start":{"line":151,"column":7},"end":{"line":241,"column":5}},"line":151},"5":{"name":"(anonymous_5)","decl":{"start":{"line":195,"column":55},"end":{"line":195,"column":56}},"loc":{"start":{"line":196,"column":20},"end":{"line":196,"column":117}},"line":196},"6":{"name":"(anonymous_6)","decl":{"start":{"line":246,"column":4},"end":{"line":246,"column":5}},"loc":{"start":{"line":255,"column":7},"end":{"line":307,"column":5}},"line":255},"7":{"name":"(anonymous_7)","decl":{"start":{"line":283,"column":32},"end":{"line":283,"column":33}},"loc":{"start":{"line":283,"column":58},"end":{"line":285,"column":17}},"line":283},"8":{"name":"(anonymous_8)","decl":{"start":{"line":286,"column":25},"end":{"line":286,"column":26}},"loc":{"start":{"line":286,"column":44},"end":{"line":288,"column":17}},"line":286},"9":{"name":"(anonymous_9)","decl":{"start":{"line":312,"column":4},"end":{"line":312,"column":5}},"loc":{"start":{"line":316,"column":7},"end":{"line":355,"column":5}},"line":316},"10":{"name":"(anonymous_10)","decl":{"start":{"line":360,"column":4},"end":{"line":360,"column":5}},"loc":{"start":{"line":366,"column":7},"end":{"line":420,"column":5}},"line":366},"11":{"name":"(anonymous_11)","decl":{"start":{"line":374,"column":27},"end":{"line":374,"column":28}},"loc":{"start":{"line":374,"column":48},"end":{"line":419,"column":9}},"line":374},"12":{"name":"(anonymous_12)","decl":{"start":{"line":375,"column":32},"end":{"line":375,"column":33}},"loc":{"start":{"line":375,"column":44},"end":{"line":415,"column":13}},"line":375},"13":{"name":"(anonymous_13)","decl":{"start":{"line":425,"column":4},"end":{"line":425,"column":5}},"loc":{"start":{"line":425,"column":43},"end":{"line":454,"column":5}},"line":425}},"branchMap":{"0":{"loc":{"start":{"line":32,"column":22},"end":{"line":32,"column":73}},"type":"binary-expr","locations":[{"start":{"line":32,"column":22},"end":{"line":32,"column":50}},{"start":{"line":32,"column":54},"end":{"line":32,"column":73}}],"line":32},"1":{"loc":{"start":{"line":40,"column":12},"end":{"line":43,"column":13}},"type":"if","locations":[{"start":{"line":40,"column":12},"end":{"line":43,"column":13}},{"start":{},"end":{}}],"line":40},"2":{"loc":{"start":{"line":47,"column":8},"end":{"line":52,"column":9}},"type":"if","locations":[{"start":{"line":47,"column":8},"end":{"line":52,"column":9}},{"start":{"line":50,"column":15},"end":{"line":52,"column":9}}],"line":47},"3":{"loc":{"start":{"line":76,"column":12},"end":{"line":78,"column":13}},"type":"if","locations":[{"start":{"line":76,"column":12},"end":{"line":78,"column":13}},{"start":{},"end":{}}],"line":76},"4":{"loc":{"start":{"line":81,"column":12},"end":{"line":83,"column":13}},"type":"if","locations":[{"start":{"line":81,"column":12},"end":{"line":83,"column":13}},{"start":{},"end":{}}],"line":81},"5":{"loc":{"start":{"line":93,"column":12},"end":{"line":95,"column":13}},"type":"if","locations":[{"start":{"line":93,"column":12},"end":{"line":95,"column":13}},{"start":{},"end":{}}],"line":93},"6":{"loc":{"start":{"line":104,"column":16},"end":{"line":104,"column":50}},"type":"binary-expr","locations":[{"start":{"line":104,"column":16},"end":{"line":104,"column":28}},{"start":{"line":104,"column":32},"end":{"line":104,"column":50}}],"line":104},"7":{"loc":{"start":{"line":111,"column":12},"end":{"line":135,"column":13}},"type":"if","locations":[{"start":{"line":111,"column":12},"end":{"line":135,"column":13}},{"start":{"line":133,"column":19},"end":{"line":135,"column":13}}],"line":111},"8":{"loc":{"start":{"line":124,"column":34},"end":{"line":130,"column":28}},"type":"cond-expr","locations":[{"start":{"line":124,"column":49},"end":{"line":130,"column":21}},{"start":{"line":130,"column":24},"end":{"line":130,"column":28}}],"line":124},"9":{"loc":{"start":{"line":160,"column":12},"end":{"line":162,"column":13}},"type":"if","locations":[{"start":{"line":160,"column":12},"end":{"line":162,"column":13}},{"start":{},"end":{}}],"line":160},"10":{"loc":{"start":{"line":171,"column":12},"end":{"line":173,"column":13}},"type":"if","locations":[{"start":{"line":171,"column":12},"end":{"line":173,"column":13}},{"start":{},"end":{}}],"line":171},"11":{"loc":{"start":{"line":191,"column":12},"end":{"line":235,"column":13}},"type":"if","locations":[{"start":{"line":191,"column":12},"end":{"line":235,"column":13}},{"start":{"line":233,"column":19},"end":{"line":235,"column":13}}],"line":191},"12":{"loc":{"start":{"line":202,"column":16},"end":{"line":210,"column":17}},"type":"if","locations":[{"start":{"line":202,"column":16},"end":{"line":210,"column":17}},{"start":{},"end":{}}],"line":202},"13":{"loc":{"start":{"line":218,"column":28},"end":{"line":218,"column":52}},"type":"binary-expr","locations":[{"start":{"line":218,"column":28},"end":{"line":218,"column":41}},{"start":{"line":218,"column":45},"end":{"line":218,"column":52}}],"line":218},"14":{"loc":{"start":{"line":229,"column":35},"end":{"line":229,"column":82}},"type":"binary-expr","locations":[{"start":{"line":229,"column":35},"end":{"line":229,"column":60}},{"start":{"line":229,"column":64},"end":{"line":229,"column":82}}],"line":229},"15":{"loc":{"start":{"line":263,"column":34},"end":{"line":263,"column":94}},"type":"binary-expr","locations":[{"start":{"line":263,"column":34},"end":{"line":263,"column":46}},{"start":{"line":263,"column":50},"end":{"line":263,"column":94}}],"line":263},"16":{"loc":{"start":{"line":264,"column":32},"end":{"line":264,"column":92}},"type":"binary-expr","locations":[{"start":{"line":264,"column":32},"end":{"line":264,"column":44}},{"start":{"line":264,"column":48},"end":{"line":264,"column":92}}],"line":264},"17":{"loc":{"start":{"line":271,"column":12},"end":{"line":273,"column":13}},"type":"if","locations":[{"start":{"line":271,"column":12},"end":{"line":273,"column":13}},{"start":{},"end":{}}],"line":271},"18":{"loc":{"start":{"line":293,"column":32},"end":{"line":293,"column":74}},"type":"binary-expr","locations":[{"start":{"line":293,"column":32},"end":{"line":293,"column":61}},{"start":{"line":293,"column":65},"end":{"line":293,"column":74}}],"line":293},"19":{"loc":{"start":{"line":326,"column":12},"end":{"line":328,"column":13}},"type":"if","locations":[{"start":{"line":326,"column":12},"end":{"line":328,"column":13}},{"start":{},"end":{}}],"line":326},"20":{"loc":{"start":{"line":337,"column":12},"end":{"line":349,"column":13}},"type":"if","locations":[{"start":{"line":337,"column":12},"end":{"line":349,"column":13}},{"start":{"line":347,"column":19},"end":{"line":349,"column":13}}],"line":337},"21":{"loc":{"start":{"line":365,"column":8},"end":{"line":365,"column":29}},"type":"default-arg","locations":[{"start":{"line":365,"column":22},"end":{"line":365,"column":29}}],"line":365},"22":{"loc":{"start":{"line":378,"column":20},"end":{"line":381,"column":21}},"type":"if","locations":[{"start":{"line":378,"column":20},"end":{"line":381,"column":21}},{"start":{},"end":{}}],"line":378},"23":{"loc":{"start":{"line":387,"column":20},"end":{"line":408,"column":21}},"type":"if","locations":[{"start":{"line":387,"column":20},"end":{"line":408,"column":21}},{"start":{"line":403,"column":27},"end":{"line":408,"column":21}}],"line":387},"24":{"loc":{"start":{"line":403,"column":27},"end":{"line":408,"column":21}},"type":"if","locations":[{"start":{"line":403,"column":27},"end":{"line":408,"column":21}},{"start":{"line":405,"column":27},"end":{"line":408,"column":21}}],"line":403},"25":{"loc":{"start":{"line":404,"column":59},"end":{"line":404,"column":101}},"type":"binary-expr","locations":[{"start":{"line":404,"column":59},"end":{"line":404,"column":82}},{"start":{"line":404,"column":86},"end":{"line":404,"column":101}}],"line":404}},"s":{"0":0,"1":0,"2":0,"3":0,"4":0,"5":0,"6":0,"7":0,"8":0,"9":0,"10":0,"11":0,"12":0,"13":0,"14":0,"15":0,"16":0,"17":0,"18":0,"19":0,"20":0,"21":0,"22":0,"23":0,"24":0,"25":0,"26":0,"27":0,"28":0,"29":0,"30":0,"31":0,"32":0,"33":0,"34":0,"35":0,"36":0,"37":0,"38":0,"39":0,"40":0,"41":0,"42":0,"43":0,"44":0,"45":0,"46":0,"47":0,"48":0,"49":0,"50":0,"51":0,"52":0,"53":0,"54":0,"55":0,"56":0,"57":0,"58":0,"59":0,"60":0,"61":0,"62":0,"63":0,"64":0,"65":0,"66":0,"67":0,"68":0,"69":0,"70":0,"71":0,"72":0,"73":0,"74":0,"75":0,"76":0,"77":0,"78":0,"79":0,"80":0,"81":0,"82":0,"83":0,"84":0,"85":0,"86":0,"87":0,"88":0,"89":0,"90":0,"91":0,"92":0,"93":0,"94":0,"95":0,"96":0,"97":0,"98":0,"99":0,"100":0,"101":0,"102":0,"103":0,"104":0,"105":0,"106":0,"107":0,"108":0,"109":0,"110":0,"111":0,"112":0,"113":0,"114":0,"115":0,"116":0,"117":0,"118":0,"119":0,"120":0,"121":0,"122":0,"123":0,"124":0,"125":0,"126":0,"127":0,"128":0,"129":0,"130":0,"131":0,"132":0,"133":0,"134":0,"135":0,"136":0,"137":0,"138":0,"139":0,"140":0,"141":0,"142":0},"f":{"0":0,"1":0,"2":0,"3":0,"4":0,"5":0,"6":0,"7":0,"8":0,"9":0,"10":0,"11":0,"12":0,"13":0},"b":{"0":[0,0],"1":[0,0],"2":[0,0],"3":[0,0],"4":[0,0],"5":[0,0],"6":[0,0],"7":[0,0],"8":[0,0],"9":[0,0],"10":[0,0],"11":[0,0],"12":[0,0],"13":[0,0],"14":[0,0],"15":[0,0],"16":[0,0],"17":[0,0],"18":[0,0],"19":[0,0],"20":[0,0],"21":[0],"22":[0,0],"23":[0,0],"24":[0,0],"25":[0,0]}}
}
