{"/Users/dustinjasmin/personal-cryptoscrow-backend/src/api/routes/contact/contactRoutes.js": {"path":"/Users/dustinjasmin/personal-cryptoscrow-backend/src/api/routes/contact/contactRoutes.js","statementMap":{"0":{"start":{"line":6,"column":15},"end":{"line":6,"column":31}},"1":{"start":{"line":10,"column":19},"end":{"line":10,"column":38}},"2":{"start":{"line":11,"column":2},"end":{"line":14,"column":4}},"3":{"start":{"line":19,"column":21},"end":{"line":19,"column":49}},"4":{"start":{"line":20,"column":16},"end":{"line":20,"column":54}},"5":{"start":{"line":21,"column":17},"end":{"line":21,"column":87}},"6":{"start":{"line":23,"column":2},"end":{"line":23,"column":74}},"7":{"start":{"line":23,"column":14},"end":{"line":23,"column":74}},"8":{"start":{"line":25,"column":2},"end":{"line":102,"column":3}},"9":{"start":{"line":26,"column":21},"end":{"line":26,"column":48}},"10":{"start":{"line":28,"column":4},"end":{"line":98,"column":5}},"11":{"start":{"line":30,"column":6},"end":{"line":30,"column":89}},"12":{"start":{"line":32,"column":6},"end":{"line":92,"column":7}},"13":{"start":{"line":34,"column":29},"end":{"line":34,"column":67}},"14":{"start":{"line":35,"column":8},"end":{"line":35,"column":38}},"15":{"start":{"line":36,"column":8},"end":{"line":36,"column":78}},"16":{"start":{"line":37,"column":8},"end":{"line":37,"column":15}},"17":{"start":{"line":38,"column":8},"end":{"line":38,"column":15}},"18":{"start":{"line":40,"column":8},"end":{"line":40,"column":117}},"19":{"start":{"line":43,"column":8},"end":{"line":70,"column":9}},"20":{"start":{"line":46,"column":10},"end":{"line":69,"column":11}},"21":{"start":{"line":48,"column":28},"end":{"line":48,"column":93}},"22":{"start":{"line":49,"column":12},"end":{"line":49,"column":93}},"23":{"start":{"line":51,"column":12},"end":{"line":66,"column":13}},"24":{"start":{"line":52,"column":26},"end":{"line":52,"column":56}},"25":{"start":{"line":54,"column":33},"end":{"line":54,"column":56}},"26":{"start":{"line":55,"column":14},"end":{"line":55,"column":42}},"27":{"start":{"line":56,"column":14},"end":{"line":56,"column":98}},"28":{"start":{"line":57,"column":14},"end":{"line":57,"column":21}},"29":{"start":{"line":58,"column":14},"end":{"line":58,"column":21}},"30":{"start":{"line":59,"column":19},"end":{"line":66,"column":13}},"31":{"start":{"line":61,"column":33},"end":{"line":61,"column":64}},"32":{"start":{"line":62,"column":14},"end":{"line":62,"column":42}},"33":{"start":{"line":63,"column":14},"end":{"line":63,"column":83}},"34":{"start":{"line":64,"column":14},"end":{"line":64,"column":21}},"35":{"start":{"line":65,"column":14},"end":{"line":65,"column":21}},"36":{"start":{"line":68,"column":12},"end":{"line":68,"column":101}},"37":{"start":{"line":73,"column":8},"end":{"line":91,"column":9}},"38":{"start":{"line":74,"column":37},"end":{"line":74,"column":102}},"39":{"start":{"line":75,"column":10},"end":{"line":84,"column":11}},"40":{"start":{"line":77,"column":31},"end":{"line":77,"column":73}},"41":{"start":{"line":78,"column":12},"end":{"line":78,"column":40}},"42":{"start":{"line":79,"column":12},"end":{"line":79,"column":86}},"43":{"start":{"line":80,"column":12},"end":{"line":80,"column":19}},"44":{"start":{"line":81,"column":12},"end":{"line":81,"column":19}},"45":{"start":{"line":83,"column":12},"end":{"line":83,"column":60}},"46":{"start":{"line":86,"column":10},"end":{"line":89,"column":13}},"47":{"start":{"line":90,"column":10},"end":{"line":90,"column":77}},"48":{"start":{"line":95,"column":27},"end":{"line":95,"column":58}},"49":{"start":{"line":96,"column":6},"end":{"line":96,"column":36}},"50":{"start":{"line":97,"column":6},"end":{"line":97,"column":13}},"51":{"start":{"line":100,"column":4},"end":{"line":100,"column":88}},"52":{"start":{"line":101,"column":4},"end":{"line":101,"column":71}},"53":{"start":{"line":106,"column":0},"end":{"line":206,"column":3}},"54":{"start":{"line":107,"column":2},"end":{"line":205,"column":3}},"55":{"start":{"line":108,"column":29},"end":{"line":108,"column":37}},"56":{"start":{"line":109,"column":19},"end":{"line":109,"column":29}},"57":{"start":{"line":111,"column":4},"end":{"line":113,"column":5}},"58":{"start":{"line":112,"column":6},"end":{"line":112,"column":95}},"59":{"start":{"line":114,"column":35},"end":{"line":114,"column":68}},"60":{"start":{"line":116,"column":4},"end":{"line":118,"column":5}},"61":{"start":{"line":117,"column":8},"end":{"line":117,"column":76}},"62":{"start":{"line":122,"column":19},"end":{"line":122,"column":46}},"63":{"start":{"line":123,"column":20},"end":{"line":123,"column":66}},"64":{"start":{"line":124,"column":21},"end":{"line":124,"column":35}},"65":{"start":{"line":126,"column":4},"end":{"line":129,"column":5}},"66":{"start":{"line":128,"column":6},"end":{"line":128,"column":78}},"67":{"start":{"line":132,"column":4},"end":{"line":134,"column":5}},"68":{"start":{"line":133,"column":8},"end":{"line":133,"column":77}},"69":{"start":{"line":138,"column":37},"end":{"line":141,"column":12}},"70":{"start":{"line":143,"column":4},"end":{"line":145,"column":5}},"71":{"start":{"line":144,"column":6},"end":{"line":144,"column":93}},"72":{"start":{"line":147,"column":23},"end":{"line":147,"column":55}},"73":{"start":{"line":148,"column":26},"end":{"line":148,"column":39}},"74":{"start":{"line":149,"column":24},"end":{"line":149,"column":41}},"75":{"start":{"line":152,"column":30},"end":{"line":152,"column":87}},"76":{"start":{"line":155,"column":34},"end":{"line":155,"column":117}},"77":{"start":{"line":157,"column":4},"end":{"line":164,"column":5}},"78":{"start":{"line":159,"column":8},"end":{"line":161,"column":9}},"79":{"start":{"line":160,"column":13},"end":{"line":160,"column":93}},"80":{"start":{"line":167,"column":39},"end":{"line":172,"column":14}},"81":{"start":{"line":174,"column":5},"end":{"line":176,"column":6}},"82":{"start":{"line":175,"column":8},"end":{"line":175,"column":96}},"83":{"start":{"line":180,"column":26},"end":{"line":195,"column":6}},"84":{"start":{"line":197,"column":4},"end":{"line":200,"column":7}},"85":{"start":{"line":203,"column":4},"end":{"line":203,"column":54}},"86":{"start":{"line":204,"column":4},"end":{"line":204,"column":86}},"87":{"start":{"line":209,"column":0},"end":{"line":240,"column":3}},"88":{"start":{"line":210,"column":2},"end":{"line":239,"column":3}},"89":{"start":{"line":211,"column":19},"end":{"line":211,"column":29}},"90":{"start":{"line":213,"column":19},"end":{"line":213,"column":46}},"91":{"start":{"line":215,"column":39},"end":{"line":219,"column":12}},"92":{"start":{"line":221,"column":24},"end":{"line":231,"column":6}},"93":{"start":{"line":222,"column":21},"end":{"line":222,"column":31}},"94":{"start":{"line":224,"column":8},"end":{"line":230,"column":10}},"95":{"start":{"line":234,"column":4},"end":{"line":234,"column":42}},"96":{"start":{"line":237,"column":4},"end":{"line":237,"column":63}},"97":{"start":{"line":238,"column":4},"end":{"line":238,"column":87}},"98":{"start":{"line":243,"column":0},"end":{"line":331,"column":3}},"99":{"start":{"line":244,"column":2},"end":{"line":330,"column":3}},"100":{"start":{"line":245,"column":37},"end":{"line":245,"column":45}},"101":{"start":{"line":246,"column":19},"end":{"line":246,"column":29}},"102":{"start":{"line":248,"column":4},"end":{"line":250,"column":5}},"103":{"start":{"line":249,"column":8},"end":{"line":249,"column":82}},"104":{"start":{"line":251,"column":4},"end":{"line":253,"column":5}},"105":{"start":{"line":252,"column":6},"end":{"line":252,"column":101}},"106":{"start":{"line":255,"column":32},"end":{"line":255,"column":51}},"107":{"start":{"line":257,"column":19},"end":{"line":257,"column":46}},"108":{"start":{"line":259,"column":4},"end":{"line":314,"column":7}},"109":{"start":{"line":260,"column":30},"end":{"line":260,"column":90}},"110":{"start":{"line":261,"column":30},"end":{"line":261,"column":66}},"111":{"start":{"line":263,"column":8},"end":{"line":266,"column":9}},"112":{"start":{"line":265,"column":12},"end":{"line":265,"column":67}},"113":{"start":{"line":268,"column":31},"end":{"line":268,"column":51}},"114":{"start":{"line":271,"column":8},"end":{"line":273,"column":9}},"115":{"start":{"line":272,"column":12},"end":{"line":272,"column":91}},"116":{"start":{"line":275,"column":8},"end":{"line":277,"column":9}},"117":{"start":{"line":276,"column":12},"end":{"line":276,"column":75}},"118":{"start":{"line":279,"column":8},"end":{"line":313,"column":9}},"119":{"start":{"line":280,"column":37},"end":{"line":280,"column":142}},"120":{"start":{"line":281,"column":39},"end":{"line":281,"column":144}},"121":{"start":{"line":284,"column":12},"end":{"line":293,"column":15}},"122":{"start":{"line":296,"column":12},"end":{"line":305,"column":15}},"123":{"start":{"line":308,"column":12},"end":{"line":308,"column":113}},"124":{"start":{"line":312,"column":12},"end":{"line":312,"column":111}},"125":{"start":{"line":316,"column":4},"end":{"line":316,"column":101}},"126":{"start":{"line":321,"column":5},"end":{"line":329,"column":6}},"127":{"start":{"line":323,"column":9},"end":{"line":323,"column":87}},"128":{"start":{"line":324,"column":9},"end":{"line":324,"column":65}},"129":{"start":{"line":327,"column":8},"end":{"line":327,"column":70}},"130":{"start":{"line":328,"column":8},"end":{"line":328,"column":85}},"131":{"start":{"line":334,"column":0},"end":{"line":359,"column":3}},"132":{"start":{"line":335,"column":2},"end":{"line":358,"column":3}},"133":{"start":{"line":336,"column":19},"end":{"line":336,"column":29}},"134":{"start":{"line":338,"column":19},"end":{"line":338,"column":46}},"135":{"start":{"line":339,"column":24},"end":{"line":339,"column":81}},"136":{"start":{"line":341,"column":29},"end":{"line":341,"column":82}},"137":{"start":{"line":343,"column":21},"end":{"line":351,"column":7}},"138":{"start":{"line":343,"column":55},"end":{"line":351,"column":5}},"139":{"start":{"line":353,"column":4},"end":{"line":353,"column":39}},"140":{"start":{"line":356,"column":4},"end":{"line":356,"column":52}},"141":{"start":{"line":357,"column":4},"end":{"line":357,"column":84}},"142":{"start":{"line":362,"column":0},"end":{"line":394,"column":3}},"143":{"start":{"line":363,"column":2},"end":{"line":393,"column":3}},"144":{"start":{"line":364,"column":19},"end":{"line":364,"column":29}},"145":{"start":{"line":365,"column":22},"end":{"line":365,"column":42}},"146":{"start":{"line":368,"column":4},"end":{"line":370,"column":5}},"147":{"start":{"line":369,"column":6},"end":{"line":369,"column":67}},"148":{"start":{"line":373,"column":4},"end":{"line":375,"column":5}},"149":{"start":{"line":374,"column":6},"end":{"line":374,"column":84}},"150":{"start":{"line":378,"column":19},"end":{"line":378,"column":46}},"151":{"start":{"line":379,"column":18},"end":{"line":379,"column":28}},"152":{"start":{"line":381,"column":27},"end":{"line":381,"column":99}},"153":{"start":{"line":382,"column":27},"end":{"line":382,"column":99}},"154":{"start":{"line":384,"column":4},"end":{"line":384,"column":33}},"155":{"start":{"line":385,"column":4},"end":{"line":385,"column":33}},"156":{"start":{"line":387,"column":4},"end":{"line":387,"column":25}},"157":{"start":{"line":389,"column":4},"end":{"line":389,"column":70}},"158":{"start":{"line":391,"column":4},"end":{"line":391,"column":52}},"159":{"start":{"line":392,"column":4},"end":{"line":392,"column":84}}},"fnMap":{"0":{"name":"getFirebaseServices","decl":{"start":{"line":9,"column":15},"end":{"line":9,"column":34}},"loc":{"start":{"line":9,"column":37},"end":{"line":15,"column":1}},"line":9},"1":{"name":"authenticateToken","decl":{"start":{"line":18,"column":15},"end":{"line":18,"column":32}},"loc":{"start":{"line":18,"column":49},"end":{"line":103,"column":1}},"line":18},"2":{"name":"(anonymous_2)","decl":{"start":{"line":106,"column":42},"end":{"line":106,"column":43}},"loc":{"start":{"line":106,"column":62},"end":{"line":206,"column":1}},"line":106},"3":{"name":"(anonymous_3)","decl":{"start":{"line":209,"column":42},"end":{"line":209,"column":43}},"loc":{"start":{"line":209,"column":62},"end":{"line":240,"column":1}},"line":209},"4":{"name":"(anonymous_4)","decl":{"start":{"line":221,"column":60},"end":{"line":221,"column":61}},"loc":{"start":{"line":221,"column":67},"end":{"line":231,"column":5}},"line":221},"5":{"name":"(anonymous_5)","decl":{"start":{"line":243,"column":44},"end":{"line":243,"column":45}},"loc":{"start":{"line":243,"column":64},"end":{"line":331,"column":1}},"line":243},"6":{"name":"(anonymous_6)","decl":{"start":{"line":259,"column":28},"end":{"line":259,"column":29}},"loc":{"start":{"line":259,"column":51},"end":{"line":314,"column":5}},"line":259},"7":{"name":"(anonymous_7)","decl":{"start":{"line":334,"column":43},"end":{"line":334,"column":44}},"loc":{"start":{"line":334,"column":63},"end":{"line":359,"column":1}},"line":334},"8":{"name":"(anonymous_8)","decl":{"start":{"line":343,"column":47},"end":{"line":343,"column":48}},"loc":{"start":{"line":343,"column":55},"end":{"line":351,"column":5}},"line":343},"9":{"name":"(anonymous_9)","decl":{"start":{"line":362,"column":57},"end":{"line":362,"column":58}},"loc":{"start":{"line":362,"column":77},"end":{"line":394,"column":1}},"line":362}},"branchMap":{"0":{"loc":{"start":{"line":20,"column":16},"end":{"line":20,"column":54}},"type":"binary-expr","locations":[{"start":{"line":20,"column":16},"end":{"line":20,"column":26}},{"start":{"line":20,"column":30},"end":{"line":20,"column":54}}],"line":20},"1":{"loc":{"start":{"line":21,"column":17},"end":{"line":21,"column":87}},"type":"binary-expr","locations":[{"start":{"line":21,"column":17},"end":{"line":21,"column":48}},{"start":{"line":21,"column":52},"end":{"line":21,"column":87}}],"line":21},"2":{"loc":{"start":{"line":23,"column":2},"end":{"line":23,"column":74}},"type":"if","locations":[{"start":{"line":23,"column":2},"end":{"line":23,"column":74}},{"start":{},"end":{}}],"line":23},"3":{"loc":{"start":{"line":28,"column":4},"end":{"line":98,"column":5}},"type":"if","locations":[{"start":{"line":28,"column":4},"end":{"line":98,"column":5}},{"start":{"line":93,"column":11},"end":{"line":98,"column":5}}],"line":28},"4":{"loc":{"start":{"line":43,"column":8},"end":{"line":70,"column":9}},"type":"if","locations":[{"start":{"line":43,"column":8},"end":{"line":70,"column":9}},{"start":{},"end":{}}],"line":43},"5":{"loc":{"start":{"line":43,"column":12},"end":{"line":45,"column":53}},"type":"binary-expr","locations":[{"start":{"line":43,"column":12},"end":{"line":43,"column":55}},{"start":{"line":44,"column":12},"end":{"line":44,"column":60}},{"start":{"line":45,"column":12},"end":{"line":45,"column":53}}],"line":43},"6":{"loc":{"start":{"line":51,"column":12},"end":{"line":66,"column":13}},"type":"if","locations":[{"start":{"line":51,"column":12},"end":{"line":66,"column":13}},{"start":{"line":59,"column":19},"end":{"line":66,"column":13}}],"line":51},"7":{"loc":{"start":{"line":51,"column":16},"end":{"line":51,"column":46}},"type":"binary-expr","locations":[{"start":{"line":51,"column":16},"end":{"line":51,"column":31}},{"start":{"line":51,"column":35},"end":{"line":51,"column":46}}],"line":51},"8":{"loc":{"start":{"line":52,"column":26},"end":{"line":52,"column":56}},"type":"binary-expr","locations":[{"start":{"line":52,"column":26},"end":{"line":52,"column":41}},{"start":{"line":52,"column":45},"end":{"line":52,"column":56}}],"line":52},"9":{"loc":{"start":{"line":59,"column":19},"end":{"line":66,"column":13}},"type":"if","locations":[{"start":{"line":59,"column":19},"end":{"line":66,"column":13}},{"start":{},"end":{}}],"line":59},"10":{"loc":{"start":{"line":75,"column":10},"end":{"line":84,"column":11}},"type":"if","locations":[{"start":{"line":75,"column":10},"end":{"line":84,"column":11}},{"start":{"line":82,"column":17},"end":{"line":84,"column":11}}],"line":75},"11":{"loc":{"start":{"line":87,"column":26},"end":{"line":87,"column":67}},"type":"binary-expr","locations":[{"start":{"line":87,"column":26},"end":{"line":87,"column":43}},{"start":{"line":87,"column":47},"end":{"line":87,"column":67}}],"line":87},"12":{"loc":{"start":{"line":111,"column":4},"end":{"line":113,"column":5}},"type":"if","locations":[{"start":{"line":111,"column":4},"end":{"line":113,"column":5}},{"start":{},"end":{}}],"line":111},"13":{"loc":{"start":{"line":111,"column":8},"end":{"line":111,"column":57}},"type":"binary-expr","locations":[{"start":{"line":111,"column":8},"end":{"line":111,"column":21}},{"start":{"line":111,"column":25},"end":{"line":111,"column":57}}],"line":111},"14":{"loc":{"start":{"line":116,"column":4},"end":{"line":118,"column":5}},"type":"if","locations":[{"start":{"line":116,"column":4},"end":{"line":118,"column":5}},{"start":{},"end":{}}],"line":116},"15":{"loc":{"start":{"line":126,"column":4},"end":{"line":129,"column":5}},"type":"if","locations":[{"start":{"line":126,"column":4},"end":{"line":129,"column":5}},{"start":{},"end":{}}],"line":126},"16":{"loc":{"start":{"line":126,"column":8},"end":{"line":126,"column":36}},"type":"binary-expr","locations":[{"start":{"line":126,"column":8},"end":{"line":126,"column":23}},{"start":{"line":126,"column":27},"end":{"line":126,"column":36}}],"line":126},"17":{"loc":{"start":{"line":132,"column":4},"end":{"line":134,"column":5}},"type":"if","locations":[{"start":{"line":132,"column":4},"end":{"line":134,"column":5}},{"start":{},"end":{}}],"line":132},"18":{"loc":{"start":{"line":132,"column":8},"end":{"line":132,"column":81}},"type":"binary-expr","locations":[{"start":{"line":132,"column":8},"end":{"line":132,"column":22}},{"start":{"line":132,"column":26},"end":{"line":132,"column":81}}],"line":132},"19":{"loc":{"start":{"line":143,"column":4},"end":{"line":145,"column":5}},"type":"if","locations":[{"start":{"line":143,"column":4},"end":{"line":145,"column":5}},{"start":{},"end":{}}],"line":143},"20":{"loc":{"start":{"line":157,"column":4},"end":{"line":164,"column":5}},"type":"if","locations":[{"start":{"line":157,"column":4},"end":{"line":164,"column":5}},{"start":{},"end":{}}],"line":157},"21":{"loc":{"start":{"line":159,"column":8},"end":{"line":161,"column":9}},"type":"if","locations":[{"start":{"line":159,"column":8},"end":{"line":161,"column":9}},{"start":{},"end":{}}],"line":159},"22":{"loc":{"start":{"line":174,"column":5},"end":{"line":176,"column":6}},"type":"if","locations":[{"start":{"line":174,"column":5},"end":{"line":176,"column":6}},{"start":{},"end":{}}],"line":174},"23":{"loc":{"start":{"line":182,"column":19},"end":{"line":182,"column":41}},"type":"binary-expr","locations":[{"start":{"line":182,"column":19},"end":{"line":182,"column":33}},{"start":{"line":182,"column":37},"end":{"line":182,"column":41}}],"line":182},"24":{"loc":{"start":{"line":183,"column":23},"end":{"line":183,"column":48}},"type":"binary-expr","locations":[{"start":{"line":183,"column":23},"end":{"line":183,"column":42}},{"start":{"line":183,"column":46},"end":{"line":183,"column":48}}],"line":183},"25":{"loc":{"start":{"line":184,"column":22},"end":{"line":184,"column":46}},"type":"binary-expr","locations":[{"start":{"line":184,"column":22},"end":{"line":184,"column":40}},{"start":{"line":184,"column":44},"end":{"line":184,"column":46}}],"line":184},"26":{"loc":{"start":{"line":185,"column":19},"end":{"line":185,"column":46}},"type":"binary-expr","locations":[{"start":{"line":185,"column":19},"end":{"line":185,"column":40}},{"start":{"line":185,"column":44},"end":{"line":185,"column":46}}],"line":185},"27":{"loc":{"start":{"line":186,"column":21},"end":{"line":186,"column":43}},"type":"binary-expr","locations":[{"start":{"line":186,"column":21},"end":{"line":186,"column":37}},{"start":{"line":186,"column":41},"end":{"line":186,"column":43}}],"line":186},"28":{"loc":{"start":{"line":188,"column":21},"end":{"line":188,"column":46}},"type":"binary-expr","locations":[{"start":{"line":188,"column":21},"end":{"line":188,"column":38}},{"start":{"line":188,"column":42},"end":{"line":188,"column":46}}],"line":188},"29":{"loc":{"start":{"line":189,"column":25},"end":{"line":189,"column":53}},"type":"binary-expr","locations":[{"start":{"line":189,"column":25},"end":{"line":189,"column":47}},{"start":{"line":189,"column":51},"end":{"line":189,"column":53}}],"line":189},"30":{"loc":{"start":{"line":190,"column":24},"end":{"line":190,"column":51}},"type":"binary-expr","locations":[{"start":{"line":190,"column":24},"end":{"line":190,"column":45}},{"start":{"line":190,"column":49},"end":{"line":190,"column":51}}],"line":190},"31":{"loc":{"start":{"line":191,"column":21},"end":{"line":191,"column":51}},"type":"binary-expr","locations":[{"start":{"line":191,"column":21},"end":{"line":191,"column":45}},{"start":{"line":191,"column":49},"end":{"line":191,"column":51}}],"line":191},"32":{"loc":{"start":{"line":192,"column":23},"end":{"line":192,"column":48}},"type":"binary-expr","locations":[{"start":{"line":192,"column":23},"end":{"line":192,"column":42}},{"start":{"line":192,"column":46},"end":{"line":192,"column":48}}],"line":192},"33":{"loc":{"start":{"line":248,"column":4},"end":{"line":250,"column":5}},"type":"if","locations":[{"start":{"line":248,"column":4},"end":{"line":250,"column":5}},{"start":{},"end":{}}],"line":248},"34":{"loc":{"start":{"line":248,"column":8},"end":{"line":248,"column":81}},"type":"binary-expr","locations":[{"start":{"line":248,"column":8},"end":{"line":248,"column":21}},{"start":{"line":248,"column":25},"end":{"line":248,"column":57}},{"start":{"line":248,"column":61},"end":{"line":248,"column":81}}],"line":248},"35":{"loc":{"start":{"line":251,"column":4},"end":{"line":253,"column":5}},"type":"if","locations":[{"start":{"line":251,"column":4},"end":{"line":253,"column":5}},{"start":{},"end":{}}],"line":251},"36":{"loc":{"start":{"line":251,"column":8},"end":{"line":251,"column":61}},"type":"binary-expr","locations":[{"start":{"line":251,"column":8},"end":{"line":251,"column":15}},{"start":{"line":251,"column":20},"end":{"line":251,"column":39}},{"start":{"line":251,"column":43},"end":{"line":251,"column":60}}],"line":251},"37":{"loc":{"start":{"line":263,"column":8},"end":{"line":266,"column":9}},"type":"if","locations":[{"start":{"line":263,"column":8},"end":{"line":266,"column":9}},{"start":{},"end":{}}],"line":263},"38":{"loc":{"start":{"line":271,"column":8},"end":{"line":273,"column":9}},"type":"if","locations":[{"start":{"line":271,"column":8},"end":{"line":273,"column":9}},{"start":{},"end":{}}],"line":271},"39":{"loc":{"start":{"line":275,"column":8},"end":{"line":277,"column":9}},"type":"if","locations":[{"start":{"line":275,"column":8},"end":{"line":277,"column":9}},{"start":{},"end":{}}],"line":275},"40":{"loc":{"start":{"line":279,"column":8},"end":{"line":313,"column":9}},"type":"if","locations":[{"start":{"line":279,"column":8},"end":{"line":313,"column":9}},{"start":{"line":310,"column":15},"end":{"line":313,"column":9}}],"line":279},"41":{"loc":{"start":{"line":290,"column":25},"end":{"line":290,"column":61}},"type":"binary-expr","locations":[{"start":{"line":290,"column":25},"end":{"line":290,"column":55}},{"start":{"line":290,"column":59},"end":{"line":290,"column":61}}],"line":290},"42":{"loc":{"start":{"line":302,"column":25},"end":{"line":302,"column":59}},"type":"binary-expr","locations":[{"start":{"line":302,"column":25},"end":{"line":302,"column":53}},{"start":{"line":302,"column":57},"end":{"line":302,"column":59}}],"line":302},"43":{"loc":{"start":{"line":316,"column":50},"end":{"line":316,"column":95}},"type":"cond-expr","locations":[{"start":{"line":316,"column":72},"end":{"line":316,"column":82}},{"start":{"line":316,"column":85},"end":{"line":316,"column":95}}],"line":316},"44":{"loc":{"start":{"line":321,"column":5},"end":{"line":329,"column":6}},"type":"if","locations":[{"start":{"line":321,"column":5},"end":{"line":329,"column":6}},{"start":{"line":325,"column":12},"end":{"line":329,"column":6}}],"line":321},"45":{"loc":{"start":{"line":349,"column":15},"end":{"line":349,"column":39}},"type":"binary-expr","locations":[{"start":{"line":349,"column":15},"end":{"line":349,"column":33}},{"start":{"line":349,"column":37},"end":{"line":349,"column":39}}],"line":349},"46":{"loc":{"start":{"line":368,"column":4},"end":{"line":370,"column":5}},"type":"if","locations":[{"start":{"line":368,"column":4},"end":{"line":370,"column":5}},{"start":{},"end":{}}],"line":368},"47":{"loc":{"start":{"line":368,"column":8},"end":{"line":368,"column":78}},"type":"binary-expr","locations":[{"start":{"line":368,"column":8},"end":{"line":368,"column":18}},{"start":{"line":368,"column":22},"end":{"line":368,"column":51}},{"start":{"line":368,"column":55},"end":{"line":368,"column":78}}],"line":368},"48":{"loc":{"start":{"line":373,"column":4},"end":{"line":375,"column":5}},"type":"if","locations":[{"start":{"line":373,"column":4},"end":{"line":375,"column":5}},{"start":{},"end":{}}],"line":373}},"s":{"0":1,"1":98,"2":98,"3":59,"4":59,"5":59,"6":59,"7":5,"8":54,"9":54,"10":54,"11":54,"12":54,"13":54,"14":0,"15":0,"16":0,"17":0,"18":54,"19":54,"20":54,"21":54,"22":49,"23":49,"24":49,"25":49,"26":49,"27":49,"28":49,"29":49,"30":0,"31":0,"32":0,"33":0,"34":0,"35":0,"36":5,"37":5,"38":5,"39":0,"40":0,"41":0,"42":0,"43":0,"44":0,"45":0,"46":5,"47":5,"48":0,"49":0,"50":0,"51":0,"52":0,"53":1,"54":10,"55":10,"56":10,"57":10,"58":1,"59":9,"60":9,"61":0,"62":9,"63":9,"64":9,"65":9,"66":0,"67":9,"68":1,"69":8,"70":8,"71":1,"72":7,"73":7,"74":7,"75":7,"76":7,"77":7,"78":1,"79":1,"80":6,"81":6,"82":1,"83":5,"84":5,"85":0,"86":0,"87":1,"88":2,"89":2,"90":2,"91":2,"92":2,"93":1,"94":1,"95":2,"96":0,"97":0,"98":1,"99":23,"100":23,"101":23,"102":23,"103":1,"104":22,"105":2,"106":20,"107":20,"108":20,"109":20,"110":20,"111":20,"112":1,"113":19,"114":19,"115":1,"116":18,"117":1,"118":17,"119":12,"120":12,"121":12,"122":12,"123":12,"124":5,"125":17,"126":3,"127":3,"128":3,"129":0,"130":0,"131":1,"132":10,"133":10,"134":10,"135":10,"136":10,"137":10,"138":7,"139":10,"140":0,"141":0,"142":1,"143":4,"144":4,"145":4,"146":4,"147":0,"148":4,"149":1,"150":3,"151":3,"152":3,"153":3,"154":3,"155":3,"156":3,"157":3,"158":0,"159":0},"f":{"0":98,"1":59,"2":10,"3":2,"4":1,"5":23,"6":20,"7":10,"8":7,"9":4},"b":{"0":[59,54],"1":[59,0],"2":[5,54],"3":[54,0],"4":[54,0],"5":[54,0,0],"6":[49,0],"7":[49,0],"8":[49,0],"9":[0,0],"10":[0,0],"11":[5,0],"12":[1,9],"13":[10,9],"14":[0,9],"15":[0,9],"16":[9,9],"17":[1,8],"18":[9,9],"19":[1,7],"20":[1,6],"21":[1,0],"22":[1,5],"23":[5,0],"24":[5,0],"25":[5,0],"26":[5,0],"27":[5,0],"28":[5,0],"29":[5,0],"30":[5,0],"31":[5,0],"32":[5,0],"33":[1,22],"34":[23,22,22],"35":[2,20],"36":[22,21,6],"37":[1,19],"38":[1,18],"39":[1,17],"40":[12,5],"41":[12,0],"42":[12,0],"43":[12,5],"44":[3,0],"45":[7,0],"46":[0,4],"47":[4,4,4],"48":[1,3]},"_coverageSchema":"1a1c01bbd47fc00a2c39e90264f33305004495a9","hash":"bb42dfc5e66d2c1705d5e554def30207e0debb1d"}
}
