TN:
SF:src/helperFunctions.js
FN:11,(anonymous_0)
FN:13,(anonymous_1)
FN:20,createTestUser
FN:48,(anonymous_3)
FN:82,(anonymous_4)
FN:83,(anonymous_5)
FN:89,cleanUp
FN:93,(anonymous_7)
FN:108,(anonymous_8)
FNF:9
FNH:0
FNDA:0,(anonymous_0)
FNDA:0,(anonymous_1)
FNDA:0,createTestUser
FNDA:0,(anonymous_3)
FNDA:0,(anonymous_4)
FNDA:0,(anonymous_5)
FNDA:0,cleanUp
FNDA:0,(anonymous_7)
FNDA:0,(anonymous_8)
DA:3,0
DA:6,0
DA:7,0
DA:8,0
DA:11,0
DA:13,0
DA:15,0
DA:22,0
DA:23,0
DA:29,0
DA:30,0
DA:33,0
DA:37,0
DA:38,0
DA:47,0
DA:48,0
DA:49,0
DA:52,0
DA:54,0
DA:57,0
DA:58,0
DA:67,0
DA:69,0
DA:70,0
DA:71,0
DA:74,0
DA:81,0
DA:82,0
DA:83,0
DA:84,0
DA:90,0
DA:91,0
DA:92,0
DA:93,0
DA:94,0
DA:101,0
DA:102,0
DA:103,0
DA:104,0
DA:105,0
DA:107,0
DA:108,0
DA:109,0
DA:111,0
DA:112,0
DA:113,0
DA:116,0
LF:47
LH:0
BRDA:3,0,0,0
BRDA:3,0,1,0
BRDA:6,1,0,0
BRDA:6,1,1,0
BRDA:8,2,0,0
BRDA:8,2,1,0
BRDA:11,3,0,0
BRDA:20,4,0,0
BRDA:33,5,0,0
BRDA:33,5,1,0
BRDA:33,6,0,0
BRDA:33,6,1,0
BRDA:40,7,0,0
BRDA:40,7,1,0
BRDA:41,8,0,0
BRDA:41,8,1,0
BRDA:42,9,0,0
BRDA:42,9,1,0
BRDA:69,10,0,0
BRDA:69,10,1,0
BRDA:69,11,0,0
BRDA:69,11,1,0
BRDA:92,12,0,0
BRDA:92,12,1,0
BRDA:105,13,0,0
BRDA:105,13,1,0
BRDA:112,14,0,0
BRDA:112,14,1,0
BRF:28
BRH:0
end_of_record
TN:
SF:src/server.js
FN:112,(anonymous_0)
FN:121,(anonymous_1)
FN:130,(anonymous_2)
FN:136,(anonymous_3)
FN:138,(anonymous_4)
FNF:5
FNH:0
FNDA:0,(anonymous_0)
FNDA:0,(anonymous_1)
FNDA:0,(anonymous_2)
FNDA:0,(anonymous_3)
FNDA:0,(anonymous_4)
DA:2,0
DA:3,0
DA:6,0
DA:7,0
DA:8,0
DA:9,0
DA:10,0
DA:11,0
DA:12,0
DA:15,0
DA:16,0
DA:17,0
DA:18,0
DA:19,0
DA:22,0
DA:23,0
DA:24,0
DA:27,0
DA:28,0
DA:29,0
DA:30,0
DA:31,0
DA:32,0
DA:35,0
DA:36,0
DA:37,0
DA:40,0
DA:41,0
DA:42,0
DA:43,0
DA:46,0
DA:47,0
DA:50,0
DA:53,0
DA:55,0
DA:81,0
DA:84,0
DA:85,0
DA:88,0
DA:91,0
DA:92,0
DA:95,0
DA:96,0
DA:99,0
DA:102,0
DA:105,0
DA:106,0
DA:107,0
DA:108,0
DA:109,0
DA:112,0
DA:113,0
DA:121,0
DA:122,0
DA:126,0
DA:128,0
DA:130,0
DA:131,0
DA:132,0
DA:136,0
DA:137,0
DA:138,0
DA:139,0
LF:63
LH:0
BRDA:2,0,0,0
BRDA:2,0,1,0
BRDA:6,1,0,0
BRDA:6,1,1,0
BRDA:7,2,0,0
BRDA:7,2,1,0
BRDA:8,3,0,0
BRDA:8,3,1,0
BRDA:9,4,0,0
BRDA:9,4,1,0
BRDA:10,5,0,0
BRDA:10,5,1,0
BRDA:11,6,0,0
BRDA:11,6,1,0
BRDA:12,7,0,0
BRDA:12,7,1,0
BRDA:15,8,0,0
BRDA:15,8,1,0
BRDA:16,9,0,0
BRDA:16,9,1,0
BRDA:17,10,0,0
BRDA:17,10,1,0
BRDA:18,11,0,0
BRDA:18,11,1,0
BRDA:19,12,0,0
BRDA:19,12,1,0
BRDA:22,13,0,0
BRDA:22,13,1,0
BRDA:23,14,0,0
BRDA:23,14,1,0
BRDA:24,15,0,0
BRDA:24,15,1,0
BRDA:27,16,0,0
BRDA:27,16,1,0
BRDA:28,17,0,0
BRDA:28,17,1,0
BRDA:29,18,0,0
BRDA:29,18,1,0
BRDA:30,19,0,0
BRDA:30,19,1,0
BRDA:31,20,0,0
BRDA:31,20,1,0
BRDA:32,21,0,0
BRDA:32,21,1,0
BRDA:35,22,0,0
BRDA:35,22,1,0
BRDA:36,23,0,0
BRDA:36,23,1,0
BRDA:37,24,0,0
BRDA:37,24,1,0
BRDA:40,25,0,0
BRDA:40,25,1,0
BRDA:41,26,0,0
BRDA:41,26,1,0
BRDA:42,27,0,0
BRDA:42,27,1,0
BRDA:43,28,0,0
BRDA:43,28,1,0
BRDA:46,29,0,0
BRDA:46,29,1,0
BRDA:47,30,0,0
BRDA:47,30,1,0
BRDA:53,31,0,0
BRDA:53,31,1,0
BRDA:128,32,0,0
BRDA:128,32,1,0
BRDA:132,33,0,0
BRDA:132,33,1,0
BRF:68
BRH:0
end_of_record
TN:
SF:src/api/middleware/errorTracking.js
FN:7,(anonymous_0)
FN:14,(anonymous_1)
FN:28,(anonymous_2)
FN:44,(anonymous_3)
FN:73,(anonymous_4)
FN:92,(anonymous_5)
FN:100,(anonymous_6)
FNF:7
FNH:0
FNDA:0,(anonymous_0)
FNDA:0,(anonymous_1)
FNDA:0,(anonymous_2)
FNDA:0,(anonymous_3)
FNDA:0,(anonymous_4)
FNDA:0,(anonymous_5)
FNDA:0,(anonymous_6)
DA:8,0
DA:9,0
DA:10,0
DA:11,0
DA:15,0
DA:16,0
DA:19,0
DA:20,0
DA:23,0
DA:24,0
DA:27,0
DA:28,0
DA:29,0
DA:32,0
DA:33,0
DA:34,0
DA:35,0
DA:36,0
DA:41,0
DA:45,0
DA:64,0
DA:65,0
DA:66,0
DA:69,0
DA:70,0
DA:74,0
DA:85,0
DA:89,0
DA:94,0
DA:98,0
DA:100,0
DA:101,0
DA:102,0
LF:33
LH:0
BRDA:19,0,0,0
BRDA:19,0,1,0
BRDA:32,1,0,0
BRDA:32,1,1,0
BRDA:33,2,0,0
BRDA:33,2,1,0
BRDA:34,3,0,0
BRDA:34,3,1,0
BRDA:65,4,0,0
BRDA:65,4,1,0
BRF:10
BRH:0
end_of_record
TN:
SF:src/api/middleware/performanceMonitoring.js
FN:4,(anonymous_0)
FN:13,(anonymous_1)
FN:16,(anonymous_2)
FN:20,(anonymous_3)
FN:57,(anonymous_4)
FN:65,(anonymous_5)
FN:67,(anonymous_6)
FN:76,(anonymous_7)
FN:77,(anonymous_8)
FN:82,(anonymous_9)
FN:92,(anonymous_10)
FN:96,(anonymous_11)
FNF:12
FNH:0
FNDA:0,(anonymous_0)
FNDA:0,(anonymous_1)
FNDA:0,(anonymous_2)
FNDA:0,(anonymous_3)
FNDA:0,(anonymous_4)
FNDA:0,(anonymous_5)
FNDA:0,(anonymous_6)
FNDA:0,(anonymous_7)
FNDA:0,(anonymous_8)
FNDA:0,(anonymous_9)
FNDA:0,(anonymous_10)
FNDA:0,(anonymous_11)
DA:5,0
DA:13,0
DA:17,0
DA:18,0
DA:20,0
DA:21,0
DA:24,0
DA:25,0
DA:28,0
DA:29,0
DA:30,0
DA:37,0
DA:38,0
DA:39,0
DA:41,0
DA:42,0
DA:43,0
DA:47,0
DA:48,0
DA:51,0
DA:54,0
DA:58,0
DA:59,0
DA:61,0
DA:65,0
DA:67,0
DA:77,0
DA:78,0
DA:79,0
DA:84,0
DA:85,0
DA:90,0
DA:92,0
DA:93,0
DA:96,0
LF:35
LH:0
BRDA:28,0,0,0
BRDA:28,0,1,0
BRDA:29,1,0,0
BRDA:29,1,1,0
BRDA:41,2,0,0
BRDA:41,2,1,0
BRDA:47,3,0,0
BRDA:47,3,1,0
BRDA:79,4,0,0
BRDA:79,4,1,0
BRDA:84,5,0,0
BRDA:84,5,1,0
BRF:12
BRH:0
end_of_record
TN:
SF:src/api/middleware/securityMiddleware.js
FN:16,(anonymous_0)
FN:30,(anonymous_1)
FN:71,(anonymous_2)
FN:80,(anonymous_3)
FN:82,(anonymous_4)
FN:111,(anonymous_5)
FN:138,(anonymous_6)
FN:162,(anonymous_7)
FNF:8
FNH:0
FNDA:0,(anonymous_0)
FNDA:0,(anonymous_1)
FNDA:0,(anonymous_2)
FNDA:0,(anonymous_3)
FNDA:0,(anonymous_4)
FNDA:0,(anonymous_5)
FNDA:0,(anonymous_6)
FNDA:0,(anonymous_7)
DA:6,0
DA:16,0
DA:20,0
DA:30,0
DA:34,0
DA:46,0
DA:69,0
DA:73,0
DA:74,0
DA:80,0
DA:82,0
DA:83,0
DA:85,0
DA:89,0
DA:90,0
DA:91,0
DA:94,0
DA:97,0
DA:98,0
DA:100,0
DA:101,0
DA:103,0
DA:104,0
DA:107,0
DA:111,0
DA:113,0
DA:122,0
DA:124,0
DA:129,0
DA:137,0
DA:140,0
DA:142,0
DA:162,0
DA:163,0
DA:164,0
DA:166,0
DA:169,0
DA:170,0
DA:172,0
DA:173,0
LF:40
LH:0
BRDA:16,0,0,0
BRDA:16,0,1,0
BRDA:73,1,0,0
BRDA:73,1,1,0
BRDA:73,2,0,0
BRDA:73,2,1,0
BRDA:83,3,0,0
BRDA:83,3,1,0
BRDA:89,4,0,0
BRDA:89,4,1,0
BRDA:89,5,0,0
BRDA:89,5,1,0
BRDA:97,6,0,0
BRDA:97,6,1,0
BRDA:100,7,0,0
BRDA:100,7,1,0
BRDA:103,8,0,0
BRDA:103,8,1,0
BRDA:115,9,0,0
BRDA:115,9,1,0
BRDA:122,10,0,0
BRDA:122,10,1,0
BRDA:124,11,0,0
BRDA:124,11,1,0
BRDA:125,12,0,0
BRDA:125,12,1,0
BRDA:129,13,0,0
BRDA:129,13,1,0
BRDA:140,14,0,0
BRDA:140,14,1,0
BRDA:163,15,0,0
BRDA:163,15,1,0
BRDA:169,16,0,0
BRDA:169,16,1,0
BRF:34
BRH:0
end_of_record
TN:
SF:src/api/routes/auth/admin.js
FN:29,getFirebaseServiceAccountFromAWS
FN:60,initializeAdmin
FN:63,(anonymous_2)
FN:156,getAdminApp
FN:200,deleteAdminApp
FNF:5
FNH:0
FNDA:0,getFirebaseServiceAccountFromAWS
FNDA:0,initializeAdmin
FNDA:0,(anonymous_2)
FNDA:0,getAdminApp
FNDA:0,deleteAdminApp
DA:4,0
DA:5,0
DA:6,0
DA:8,0
DA:10,0
DA:11,0
DA:12,0
DA:15,0
DA:16,0
DA:18,0
DA:26,0
DA:30,0
DA:33,0
DA:37,0
DA:38,0
DA:40,0
DA:41,0
DA:45,0
DA:46,0
DA:47,0
DA:48,0
DA:52,0
DA:54,0
DA:55,0
DA:61,0
DA:63,0
DA:64,0
DA:65,0
DA:70,0
DA:71,0
DA:72,0
DA:76,0
DA:77,0
DA:78,0
DA:80,0
DA:81,0
DA:83,0
DA:88,0
DA:90,0
DA:91,0
DA:94,0
DA:95,0
DA:96,0
DA:100,0
DA:106,0
DA:107,0
DA:108,0
DA:109,0
DA:111,0
DA:116,0
DA:118,0
DA:119,0
DA:123,0
DA:124,0
DA:125,0
DA:126,0
DA:129,0
DA:130,0
DA:131,0
DA:137,0
DA:141,0
DA:142,0
DA:145,0
DA:146,0
DA:149,0
DA:153,0
DA:157,0
DA:158,0
DA:160,0
DA:165,0
DA:167,0
DA:168,0
DA:170,0
DA:171,0
DA:175,0
DA:177,0
DA:178,0
DA:179,0
DA:180,0
DA:186,0
DA:190,0
DA:191,0
DA:194,0
DA:201,0
DA:202,0
DA:203,0
DA:204,0
DA:206,0
DA:208,0
DA:209,0
LF:90
LH:0
BRDA:4,0,0,0
BRDA:4,0,1,0
BRDA:8,1,0,0
BRDA:8,1,1,0
BRDA:10,2,0,0
BRDA:10,2,1,0
BRDA:11,3,0,0
BRDA:11,3,1,0
BRDA:12,4,0,0
BRDA:12,4,1,0
BRDA:15,5,0,0
BRDA:15,5,1,0
BRDA:16,6,0,0
BRDA:16,6,1,0
BRDA:33,7,0,0
BRDA:33,7,1,0
BRDA:40,8,0,0
BRDA:40,8,1,0
BRDA:40,9,0,0
BRDA:40,9,1,0
BRDA:47,10,0,0
BRDA:47,10,1,0
BRDA:47,11,0,0
BRDA:47,11,1,0
BRDA:63,12,0,0
BRDA:63,12,1,0
BRDA:70,13,0,0
BRDA:70,13,1,0
BRDA:77,14,0,0
BRDA:77,14,1,0
BRDA:77,15,0,0
BRDA:77,15,1,0
BRDA:77,15,2,0
BRDA:78,16,0,0
BRDA:78,16,1,0
BRDA:86,17,0,0
BRDA:86,17,1,0
BRDA:88,18,0,0
BRDA:88,18,1,0
BRDA:95,19,0,0
BRDA:95,19,1,0
BRDA:102,20,0,0
BRDA:102,20,1,0
BRDA:106,21,0,0
BRDA:106,21,1,0
BRDA:106,22,0,0
BRDA:106,22,1,0
BRDA:125,23,0,0
BRDA:125,23,1,0
BRDA:145,24,0,0
BRDA:145,24,1,0
BRDA:157,25,0,0
BRDA:157,25,1,0
BRDA:165,26,0,0
BRDA:165,26,1,0
BRDA:165,27,0,0
BRDA:165,27,1,0
BRDA:165,27,2,0
BRDA:170,28,0,0
BRDA:170,28,1,0
BRDA:178,29,0,0
BRDA:178,29,1,0
BRDA:178,30,0,0
BRDA:178,30,1,0
BRDA:194,31,0,0
BRDA:194,31,1,0
BRDA:208,32,0,0
BRDA:208,32,1,0
BRDA:208,33,0,0
BRDA:208,33,1,0
BRF:70
BRH:0
end_of_record
TN:
SF:src/api/routes/auth/authIndex.js
FNF:0
FNH:0
DA:8,0
DA:11,0
DA:12,0
DA:13,0
DA:14,0
DA:15,0
DA:16,0
DA:23,0
DA:41,0
DA:44,0
DA:47,0
DA:48,0
DA:49,0
DA:50,0
DA:51,0
DA:52,0
DA:53,0
LF:17
LH:0
BRDA:8,0,0,0
BRDA:8,0,1,0
BRDA:11,1,0,0
BRDA:11,1,1,0
BRDA:14,2,0,0
BRDA:14,2,1,0
BRDA:23,3,0,0
BRDA:23,3,1,0
BRDA:47,4,0,0
BRDA:47,4,1,0
BRF:10
BRH:0
end_of_record
TN:
SF:src/api/routes/auth/loginSignUp.js
FN:11,getFirebaseServices
FN:20,(anonymous_1)
FN:84,(anonymous_2)
FN:141,(anonymous_3)
FN:193,(anonymous_4)
FNF:5
FNH:0
FNDA:0,getFirebaseServices
FNDA:0,(anonymous_1)
FNDA:0,(anonymous_2)
FNDA:0,(anonymous_3)
FNDA:0,(anonymous_4)
DA:8,0
DA:12,0
DA:13,0
DA:20,0
DA:21,0
DA:22,0
DA:24,0
DA:25,0
DA:26,0
DA:29,0
DA:30,0
DA:33,0
DA:40,0
DA:50,0
DA:51,0
DA:52,0
DA:54,0
DA:59,0
DA:60,0
DA:61,0
DA:64,0
DA:65,0
DA:70,0
DA:71,0
DA:72,0
DA:73,0
DA:74,0
DA:75,0
DA:76,0
DA:78,0
DA:84,0
DA:85,0
DA:86,0
DA:88,0
DA:89,0
DA:90,0
DA:93,0
DA:94,0
DA:98,0
DA:100,0
DA:102,0
DA:103,0
DA:104,0
DA:106,0
DA:110,0
DA:111,0
DA:112,0
DA:113,0
DA:115,0
DA:117,0
DA:121,0
DA:123,0
DA:129,0
DA:132,0
DA:133,0
DA:135,0
DA:141,0
DA:142,0
DA:143,0
DA:145,0
DA:146,0
DA:147,0
DA:150,0
DA:152,0
DA:153,0
DA:155,0
DA:157,0
DA:158,0
DA:159,0
DA:162,0
DA:163,0
DA:164,0
DA:165,0
DA:166,0
DA:168,0
DA:169,0
DA:170,0
DA:172,0
DA:178,0
DA:179,0
DA:183,0
DA:184,0
DA:185,0
DA:186,0
DA:188,0
DA:189,0
DA:192,0
DA:193,0
DA:195,0
DA:196,0
DA:197,0
DA:200,0
DA:201,0
DA:202,0
DA:204,0
DA:211,0
DA:213,0
DA:214,0
DA:215,0
DA:216,0
DA:219,0
DA:220,0
DA:222,0
LF:103
LH:0
BRDA:24,0,0,0
BRDA:24,0,1,0
BRDA:24,1,0,0
BRDA:24,1,1,0
BRDA:45,2,0,0
BRDA:45,2,1,0
BRDA:59,3,0,0
BRDA:59,3,1,0
BRDA:71,4,0,0
BRDA:71,4,1,0
BRDA:73,5,0,0
BRDA:73,5,1,0
BRDA:75,6,0,0
BRDA:75,6,1,0
BRDA:78,7,0,0
BRDA:78,7,1,0
BRDA:88,8,0,0
BRDA:88,8,1,0
BRDA:88,9,0,0
BRDA:88,9,1,0
BRDA:102,10,0,0
BRDA:102,10,1,0
BRDA:110,11,0,0
BRDA:110,11,1,0
BRDA:111,12,0,0
BRDA:111,12,1,0
BRDA:132,13,0,0
BRDA:132,13,1,0
BRDA:132,14,0,0
BRDA:132,14,1,0
BRDA:145,15,0,0
BRDA:145,15,1,0
BRDA:150,16,0,0
BRDA:150,16,1,0
BRDA:155,17,0,0
BRDA:155,17,1,0
BRDA:157,18,0,0
BRDA:157,18,1,0
BRDA:168,19,0,0
BRDA:168,19,1,0
BRDA:192,20,0,0
BRDA:192,20,1,0
BRDA:195,21,0,0
BRDA:195,21,1,0
BRDA:195,22,0,0
BRDA:195,22,1,0
BRDA:211,23,0,0
BRDA:211,23,1,0
BRDA:213,24,0,0
BRDA:213,24,1,0
BRDA:215,25,0,0
BRDA:215,25,1,0
BRDA:215,26,0,0
BRDA:215,26,1,0
BRDA:215,26,2,0
BRDA:219,27,0,0
BRDA:219,27,1,0
BRF:57
BRH:0
end_of_record
TN:
SF:src/api/routes/contact/contactRoutes.js
FN:9,getFirebaseServices
FN:18,authenticateToken
FN:106,(anonymous_2)
FN:209,(anonymous_3)
FN:221,(anonymous_4)
FN:243,(anonymous_5)
FN:259,(anonymous_6)
FN:334,(anonymous_7)
FN:343,(anonymous_8)
FN:362,(anonymous_9)
FNF:10
FNH:0
FNDA:0,getFirebaseServices
FNDA:0,authenticateToken
FNDA:0,(anonymous_2)
FNDA:0,(anonymous_3)
FNDA:0,(anonymous_4)
FNDA:0,(anonymous_5)
FNDA:0,(anonymous_6)
FNDA:0,(anonymous_7)
FNDA:0,(anonymous_8)
FNDA:0,(anonymous_9)
DA:6,0
DA:10,0
DA:11,0
DA:19,0
DA:20,0
DA:21,0
DA:23,0
DA:25,0
DA:26,0
DA:28,0
DA:30,0
DA:32,0
DA:34,0
DA:35,0
DA:36,0
DA:37,0
DA:38,0
DA:40,0
DA:43,0
DA:46,0
DA:48,0
DA:49,0
DA:51,0
DA:52,0
DA:54,0
DA:55,0
DA:56,0
DA:57,0
DA:58,0
DA:59,0
DA:61,0
DA:62,0
DA:63,0
DA:64,0
DA:65,0
DA:68,0
DA:73,0
DA:74,0
DA:75,0
DA:77,0
DA:78,0
DA:79,0
DA:80,0
DA:81,0
DA:83,0
DA:86,0
DA:90,0
DA:95,0
DA:96,0
DA:97,0
DA:100,0
DA:101,0
DA:106,0
DA:107,0
DA:108,0
DA:109,0
DA:111,0
DA:112,0
DA:114,0
DA:116,0
DA:117,0
DA:122,0
DA:123,0
DA:124,0
DA:126,0
DA:128,0
DA:132,0
DA:133,0
DA:138,0
DA:143,0
DA:144,0
DA:147,0
DA:148,0
DA:149,0
DA:152,0
DA:155,0
DA:157,0
DA:159,0
DA:160,0
DA:167,0
DA:174,0
DA:175,0
DA:180,0
DA:197,0
DA:203,0
DA:204,0
DA:209,0
DA:210,0
DA:211,0
DA:213,0
DA:215,0
DA:221,0
DA:222,0
DA:224,0
DA:234,0
DA:237,0
DA:238,0
DA:243,0
DA:244,0
DA:245,0
DA:246,0
DA:248,0
DA:249,0
DA:251,0
DA:252,0
DA:255,0
DA:257,0
DA:259,0
DA:260,0
DA:261,0
DA:263,0
DA:265,0
DA:268,0
DA:271,0
DA:272,0
DA:275,0
DA:276,0
DA:279,0
DA:280,0
DA:281,0
DA:284,0
DA:296,0
DA:308,0
DA:312,0
DA:316,0
DA:321,0
DA:323,0
DA:324,0
DA:327,0
DA:328,0
DA:334,0
DA:335,0
DA:336,0
DA:338,0
DA:339,0
DA:341,0
DA:343,0
DA:353,0
DA:356,0
DA:357,0
DA:362,0
DA:363,0
DA:364,0
DA:365,0
DA:368,0
DA:369,0
DA:373,0
DA:374,0
DA:378,0
DA:379,0
DA:381,0
DA:382,0
DA:384,0
DA:385,0
DA:387,0
DA:389,0
DA:391,0
DA:392,0
LF:158
LH:0
BRDA:20,0,0,0
BRDA:20,0,1,0
BRDA:21,1,0,0
BRDA:21,1,1,0
BRDA:23,2,0,0
BRDA:23,2,1,0
BRDA:28,3,0,0
BRDA:28,3,1,0
BRDA:43,4,0,0
BRDA:43,4,1,0
BRDA:43,5,0,0
BRDA:43,5,1,0
BRDA:43,5,2,0
BRDA:51,6,0,0
BRDA:51,6,1,0
BRDA:51,7,0,0
BRDA:51,7,1,0
BRDA:52,8,0,0
BRDA:52,8,1,0
BRDA:59,9,0,0
BRDA:59,9,1,0
BRDA:75,10,0,0
BRDA:75,10,1,0
BRDA:87,11,0,0
BRDA:87,11,1,0
BRDA:111,12,0,0
BRDA:111,12,1,0
BRDA:111,13,0,0
BRDA:111,13,1,0
BRDA:116,14,0,0
BRDA:116,14,1,0
BRDA:126,15,0,0
BRDA:126,15,1,0
BRDA:126,16,0,0
BRDA:126,16,1,0
BRDA:132,17,0,0
BRDA:132,17,1,0
BRDA:132,18,0,0
BRDA:132,18,1,0
BRDA:143,19,0,0
BRDA:143,19,1,0
BRDA:157,20,0,0
BRDA:157,20,1,0
BRDA:159,21,0,0
BRDA:159,21,1,0
BRDA:174,22,0,0
BRDA:174,22,1,0
BRDA:182,23,0,0
BRDA:182,23,1,0
BRDA:183,24,0,0
BRDA:183,24,1,0
BRDA:184,25,0,0
BRDA:184,25,1,0
BRDA:185,26,0,0
BRDA:185,26,1,0
BRDA:186,27,0,0
BRDA:186,27,1,0
BRDA:188,28,0,0
BRDA:188,28,1,0
BRDA:189,29,0,0
BRDA:189,29,1,0
BRDA:190,30,0,0
BRDA:190,30,1,0
BRDA:191,31,0,0
BRDA:191,31,1,0
BRDA:192,32,0,0
BRDA:192,32,1,0
BRDA:248,33,0,0
BRDA:248,33,1,0
BRDA:248,34,0,0
BRDA:248,34,1,0
BRDA:248,34,2,0
BRDA:251,35,0,0
BRDA:251,35,1,0
BRDA:251,36,0,0
BRDA:251,36,1,0
BRDA:251,36,2,0
BRDA:263,37,0,0
BRDA:263,37,1,0
BRDA:271,38,0,0
BRDA:271,38,1,0
BRDA:275,39,0,0
BRDA:275,39,1,0
BRDA:279,40,0,0
BRDA:279,40,1,0
BRDA:290,41,0,0
BRDA:290,41,1,0
BRDA:302,42,0,0
BRDA:302,42,1,0
BRDA:316,43,0,0
BRDA:316,43,1,0
BRDA:321,44,0,0
BRDA:321,44,1,0
BRDA:349,45,0,0
BRDA:349,45,1,0
BRDA:368,46,0,0
BRDA:368,46,1,0
BRDA:368,47,0,0
BRDA:368,47,1,0
BRDA:368,47,2,0
BRDA:373,48,0,0
BRDA:373,48,1,0
BRF:102
BRH:0
end_of_record
TN:
SF:src/api/routes/database/fileUploadDownload.js
FN:21,getClientStorage
FN:33,getFirebaseServices
FN:43,authenticateToken
FN:131,(anonymous_3)
FN:168,(anonymous_4)
FN:204,(anonymous_5)
FN:230,(anonymous_6)
FN:333,(anonymous_7)
FN:347,(anonymous_8)
FN:350,(anonymous_9)
FN:357,(anonymous_10)
FN:359,(anonymous_11)
FN:382,(anonymous_12)
FN:416,(anonymous_13)
FNF:14
FNH:0
FNDA:0,getClientStorage
FNDA:0,getFirebaseServices
FNDA:0,authenticateToken
FNDA:0,(anonymous_3)
FNDA:0,(anonymous_4)
FNDA:0,(anonymous_5)
FNDA:0,(anonymous_6)
FNDA:0,(anonymous_7)
FNDA:0,(anonymous_8)
FNDA:0,(anonymous_9)
FNDA:0,(anonymous_10)
FNDA:0,(anonymous_11)
FNDA:0,(anonymous_12)
FNDA:0,(anonymous_13)
DA:14,0
DA:15,0
DA:17,0
DA:20,0
DA:22,0
DA:23,0
DA:24,0
DA:25,0
DA:26,0
DA:29,0
DA:34,0
DA:35,0
DA:44,0
DA:45,0
DA:46,0
DA:48,0
DA:50,0
DA:51,0
DA:53,0
DA:55,0
DA:57,0
DA:59,0
DA:60,0
DA:61,0
DA:62,0
DA:63,0
DA:65,0
DA:68,0
DA:71,0
DA:73,0
DA:74,0
DA:76,0
DA:77,0
DA:79,0
DA:80,0
DA:81,0
DA:82,0
DA:83,0
DA:84,0
DA:86,0
DA:87,0
DA:88,0
DA:89,0
DA:90,0
DA:93,0
DA:98,0
DA:99,0
DA:100,0
DA:102,0
DA:103,0
DA:104,0
DA:105,0
DA:106,0
DA:108,0
DA:111,0
DA:115,0
DA:120,0
DA:121,0
DA:122,0
DA:125,0
DA:126,0
DA:131,0
DA:133,0
DA:144,0
DA:146,0
DA:148,0
DA:149,0
DA:152,0
DA:153,0
DA:157,0
DA:162,0
DA:164,0
DA:168,0
DA:169,0
DA:178,0
DA:179,0
DA:181,0
DA:182,0
DA:184,0
DA:188,0
DA:201,0
DA:204,0
DA:205,0
DA:206,0
DA:209,0
DA:210,0
DA:211,0
DA:213,0
DA:214,0
DA:219,0
DA:220,0
DA:224,0
DA:226,0
DA:230,0
DA:231,0
DA:232,0
DA:233,0
DA:235,0
DA:236,0
DA:240,0
DA:241,0
DA:245,0
DA:246,0
DA:250,0
DA:251,0
DA:252,0
DA:253,0
DA:254,0
DA:257,0
DA:258,0
DA:259,0
DA:263,0
DA:264,0
DA:265,0
DA:268,0
DA:269,0
DA:272,0
DA:286,0
DA:288,0
DA:290,0
DA:293,0
DA:297,0
DA:301,0
DA:312,0
DA:314,0
DA:321,0
DA:324,0
DA:325,0
DA:328,0
DA:333,0
DA:334,0
DA:335,0
DA:338,0
DA:339,0
DA:343,0
DA:344,0
DA:347,0
DA:350,0
DA:351,0
DA:353,0
DA:356,0
DA:357,0
DA:358,0
DA:359,0
DA:360,0
DA:361,0
DA:374,0
DA:376,0
DA:377,0
DA:382,0
DA:383,0
DA:384,0
DA:385,0
DA:388,0
DA:389,0
DA:390,0
DA:391,0
DA:393,0
DA:394,0
DA:395,0
DA:399,0
DA:400,0
DA:401,0
DA:403,0
DA:406,0
DA:407,0
DA:408,0
DA:411,0
DA:412,0
DA:415,0
DA:416,0
DA:417,0
DA:418,0
DA:419,0
DA:422,0
DA:423,0
DA:424,0
DA:428,0
DA:429,0
DA:430,0
DA:434,0
DA:435,0
DA:436,0
DA:437,0
DA:438,0
DA:439,0
DA:440,0
DA:441,0
DA:443,0
DA:445,0
DA:446,0
DA:447,0
DA:452,0
DA:453,0
DA:455,0
DA:456,0
DA:457,0
DA:458,0
DA:461,0
DA:462,0
DA:463,0
DA:467,0
DA:469,0
DA:470,0
DA:471,0
LF:205
LH:0
BRDA:22,0,0,0
BRDA:22,0,1,0
BRDA:25,1,0,0
BRDA:25,1,1,0
BRDA:45,2,0,0
BRDA:45,2,1,0
BRDA:46,3,0,0
BRDA:46,3,1,0
BRDA:48,4,0,0
BRDA:48,4,1,0
BRDA:53,5,0,0
BRDA:53,5,1,0
BRDA:68,6,0,0
BRDA:68,6,1,0
BRDA:68,7,0,0
BRDA:68,7,1,0
BRDA:68,7,2,0
BRDA:76,8,0,0
BRDA:76,8,1,0
BRDA:76,9,0,0
BRDA:76,9,1,0
BRDA:77,10,0,0
BRDA:77,10,1,0
BRDA:84,11,0,0
BRDA:84,11,1,0
BRDA:100,12,0,0
BRDA:100,12,1,0
BRDA:112,13,0,0
BRDA:112,13,1,0
BRDA:125,14,0,0
BRDA:125,14,1,0
BRDA:148,15,0,0
BRDA:148,15,1,0
BRDA:152,16,0,0
BRDA:152,16,1,0
BRDA:179,17,0,0
BRDA:179,17,1,0
BRDA:182,18,0,0
BRDA:182,18,1,0
BRDA:205,19,0,0
BRDA:205,19,1,0
BRDA:209,20,0,0
BRDA:209,20,1,0
BRDA:210,21,0,0
BRDA:210,21,1,0
BRDA:213,22,0,0
BRDA:213,22,1,0
BRDA:219,23,0,0
BRDA:219,23,1,0
BRDA:219,24,0,0
BRDA:219,24,1,0
BRDA:219,24,2,0
BRDA:224,25,0,0
BRDA:224,25,1,0
BRDA:235,26,0,0
BRDA:235,26,1,0
BRDA:235,27,0,0
BRDA:235,27,1,0
BRDA:235,27,2,0
BRDA:240,28,0,0
BRDA:240,28,1,0
BRDA:245,29,0,0
BRDA:245,29,1,0
BRDA:253,30,0,0
BRDA:253,30,1,0
BRDA:258,31,0,0
BRDA:258,31,1,0
BRDA:258,32,0,0
BRDA:258,32,1,0
BRDA:288,33,0,0
BRDA:288,33,1,0
BRDA:321,34,0,0
BRDA:321,34,1,0
BRDA:324,35,0,0
BRDA:324,35,1,0
BRDA:324,36,0,0
BRDA:324,36,1,0
BRDA:343,37,0,0
BRDA:343,37,1,0
BRDA:390,38,0,0
BRDA:390,38,1,0
BRDA:394,39,0,0
BRDA:394,39,1,0
BRDA:400,40,0,0
BRDA:400,40,1,0
BRDA:418,41,0,0
BRDA:418,41,1,0
BRDA:422,42,0,0
BRDA:422,42,1,0
BRDA:428,43,0,0
BRDA:428,43,1,0
BRDA:428,44,0,0
BRDA:428,44,1,0
BRDA:445,45,0,0
BRDA:445,45,1,0
BRDA:456,46,0,0
BRDA:456,46,1,0
BRDA:456,47,0,0
BRDA:456,47,1,0
BRDA:461,48,0,0
BRDA:461,48,1,0
BRDA:470,49,0,0
BRDA:470,49,1,0
BRF:103
BRH:0
end_of_record
TN:
SF:src/api/routes/health/enhanced-health.js
FN:11,(anonymous_0)
FN:95,(anonymous_1)
FN:105,(anonymous_2)
FNF:3
FNH:0
FNDA:0,(anonymous_0)
FNDA:0,(anonymous_1)
FNDA:0,(anonymous_2)
DA:8,0
DA:11,0
DA:12,0
DA:13,0
DA:23,0
DA:25,0
DA:26,0
DA:27,0
DA:28,0
DA:29,0
DA:34,0
DA:39,0
DA:43,0
DA:44,0
DA:45,0
DA:46,0
DA:47,0
DA:53,0
DA:58,0
DA:62,0
DA:63,0
DA:64,0
DA:66,0
DA:71,0
DA:76,0
DA:79,0
DA:82,0
DA:83,0
DA:86,0
DA:95,0
DA:97,0
DA:105,0
DA:106,0
LF:33
LH:0
BRDA:17,0,0,0
BRDA:17,0,1,0
BRDA:82,1,0,0
BRDA:82,1,1,0
BRF:4
BRH:0
end_of_record
TN:
SF:src/api/routes/health/health.js
FN:8,(anonymous_0)
FN:18,getDb
FN:25,ensureHealthDocument
FN:40,(anonymous_3)
FNF:4
FNH:0
FNDA:0,(anonymous_0)
FNDA:0,getDb
FNDA:0,ensureHealthDocument
FNDA:0,(anonymous_3)
DA:5,0
DA:8,0
DA:9,0
DA:19,0
DA:20,0
DA:21,0
DA:26,0
DA:27,0
DA:28,0
DA:30,0
DA:32,0
DA:40,0
DA:41,0
DA:43,0
DA:46,0
DA:47,0
DA:48,0
DA:49,0
DA:51,0
DA:58,0
DA:59,0
LF:21
LH:0
BRDA:12,0,0,0
BRDA:12,0,1,0
BRDA:13,1,0,0
BRDA:13,1,1,0
BRDA:30,2,0,0
BRDA:30,2,1,0
BRDA:48,3,0,0
BRDA:48,3,1,0
BRDA:55,4,0,0
BRDA:55,4,1,0
BRDA:63,5,0,0
BRDA:63,5,1,0
BRF:12
BRH:0
end_of_record
TN:
SF:src/api/routes/monitoring/metrics.js
FN:9,(anonymous_0)
FN:35,(anonymous_1)
FN:44,(anonymous_2)
FNF:3
FNH:0
FNDA:0,(anonymous_0)
FNDA:0,(anonymous_1)
FNDA:0,(anonymous_2)
DA:6,0
DA:9,0
DA:10,0
DA:12,0
DA:34,0
DA:35,0
DA:36,0
DA:39,0
DA:40,0
DA:44,0
DA:45,0
DA:46,0
LF:12
LH:0
BRF:0
BRH:0
end_of_record
TN:
SF:src/api/routes/transaction/transactionRoutes.js
FN:28,getFirebaseServices
FN:40,detectNetworkFromAddress
FN:61,validateCrossChainAddress
FN:80,authenticateToken
FN:169,areAllBackendConditionsFulfilled
FN:171,(anonymous_5)
FN:174,(anonymous_6)
FN:221,(anonymous_7)
FN:333,(anonymous_8)
FN:567,(anonymous_9)
FN:585,(anonymous_10)
FN:586,(anonymous_11)
FN:597,(anonymous_12)
FN:633,(anonymous_13)
FN:639,(anonymous_14)
FN:640,(anonymous_15)
FN:656,(anonymous_16)
FN:703,(anonymous_17)
FN:787,(anonymous_18)
FN:812,(anonymous_19)
FN:865,(anonymous_20)
FN:889,(anonymous_21)
FN:915,(anonymous_22)
FN:939,(anonymous_23)
FN:967,(anonymous_24)
FN:992,(anonymous_25)
FN:1054,(anonymous_26)
FN:1083,(anonymous_27)
FN:1101,(anonymous_28)
FN:1135,(anonymous_29)
FN:1180,(anonymous_30)
FN:1350,(anonymous_31)
FN:1355,(anonymous_32)
FN:1537,(anonymous_33)
FN:1607,(anonymous_34)
FN:1623,(anonymous_35)
FN:1684,(anonymous_36)
FN:1736,(anonymous_37)
FN:1737,(anonymous_38)
FN:1747,(anonymous_39)
FN:1775,updateCrossChainConditions
FN:1784,(anonymous_41)
FN:1807,getCurrentGasPrices
FN:1864,estimateSmartContractGas
FN:2083,(anonymous_44)
FN:2120,(anonymous_45)
FN:2129,(anonymous_46)
FN:2153,(anonymous_47)
FN:2241,(anonymous_48)
FN:2302,(anonymous_49)
FN:2330,(anonymous_50)
FN:2330,(anonymous_51)
FN:2337,(anonymous_52)
FN:2338,(anonymous_53)
FN:2349,(anonymous_54)
FN:2358,(anonymous_55)
FN:2367,(anonymous_56)
FN:2376,(anonymous_57)
FN:2396,(anonymous_58)
FNF:59
FNH:0
FNDA:0,getFirebaseServices
FNDA:0,detectNetworkFromAddress
FNDA:0,validateCrossChainAddress
FNDA:0,authenticateToken
FNDA:0,areAllBackendConditionsFulfilled
FNDA:0,(anonymous_5)
FNDA:0,(anonymous_6)
FNDA:0,(anonymous_7)
FNDA:0,(anonymous_8)
FNDA:0,(anonymous_9)
FNDA:0,(anonymous_10)
FNDA:0,(anonymous_11)
FNDA:0,(anonymous_12)
FNDA:0,(anonymous_13)
FNDA:0,(anonymous_14)
FNDA:0,(anonymous_15)
FNDA:0,(anonymous_16)
FNDA:0,(anonymous_17)
FNDA:0,(anonymous_18)
FNDA:0,(anonymous_19)
FNDA:0,(anonymous_20)
FNDA:0,(anonymous_21)
FNDA:0,(anonymous_22)
FNDA:0,(anonymous_23)
FNDA:0,(anonymous_24)
FNDA:0,(anonymous_25)
FNDA:0,(anonymous_26)
FNDA:0,(anonymous_27)
FNDA:0,(anonymous_28)
FNDA:0,(anonymous_29)
FNDA:0,(anonymous_30)
FNDA:0,(anonymous_31)
FNDA:0,(anonymous_32)
FNDA:0,(anonymous_33)
FNDA:0,(anonymous_34)
FNDA:0,(anonymous_35)
FNDA:0,(anonymous_36)
FNDA:0,(anonymous_37)
FNDA:0,(anonymous_38)
FNDA:0,(anonymous_39)
FNDA:0,updateCrossChainConditions
FNDA:0,(anonymous_41)
FNDA:0,getCurrentGasPrices
FNDA:0,estimateSmartContractGas
FNDA:0,(anonymous_44)
FNDA:0,(anonymous_45)
FNDA:0,(anonymous_46)
FNDA:0,(anonymous_47)
FNDA:0,(anonymous_48)
FNDA:0,(anonymous_49)
FNDA:0,(anonymous_50)
FNDA:0,(anonymous_51)
FNDA:0,(anonymous_52)
FNDA:0,(anonymous_53)
FNDA:0,(anonymous_54)
FNDA:0,(anonymous_55)
FNDA:0,(anonymous_56)
FNDA:0,(anonymous_57)
FNDA:0,(anonymous_58)
DA:22,0
DA:25,0
DA:29,0
DA:30,0
DA:42,0
DA:43,0
DA:47,0
DA:48,0
DA:52,0
DA:53,0
DA:57,0
DA:63,0
DA:64,0
DA:68,0
DA:69,0
DA:73,0
DA:74,0
DA:77,0
DA:81,0
DA:82,0
DA:83,0
DA:85,0
DA:86,0
DA:89,0
DA:90,0
DA:92,0
DA:94,0
DA:96,0
DA:98,0
DA:99,0
DA:100,0
DA:101,0
DA:102,0
DA:104,0
DA:107,0
DA:110,0
DA:112,0
DA:113,0
DA:115,0
DA:116,0
DA:118,0
DA:119,0
DA:120,0
DA:121,0
DA:122,0
DA:123,0
DA:125,0
DA:126,0
DA:127,0
DA:128,0
DA:129,0
DA:132,0
DA:137,0
DA:138,0
DA:139,0
DA:141,0
DA:142,0
DA:143,0
DA:144,0
DA:145,0
DA:147,0
DA:150,0
DA:154,0
DA:159,0
DA:160,0
DA:161,0
DA:164,0
DA:165,0
DA:170,0
DA:171,0
DA:174,0
DA:175,0
DA:179,0
DA:181,0
DA:182,0
DA:185,0
DA:186,0
DA:187,0
DA:189,0
DA:190,0
DA:192,0
DA:193,0
DA:197,0
DA:198,0
DA:200,0
DA:201,0
DA:203,0
DA:204,0
DA:206,0
DA:207,0
DA:211,0
DA:214,0
DA:215,0
DA:217,0
DA:218,0
DA:221,0
DA:222,0
DA:225,0
DA:228,0
DA:229,0
DA:230,0
DA:232,0
DA:235,0
DA:236,0
DA:238,0
DA:239,0
DA:242,0
DA:243,0
DA:244,0
DA:247,0
DA:248,0
DA:249,0
DA:251,0
DA:252,0
DA:256,0
DA:257,0
DA:260,0
DA:261,0
DA:264,0
DA:265,0
DA:267,0
DA:270,0
DA:273,0
DA:274,0
DA:275,0
DA:277,0
DA:279,0
DA:298,0
DA:299,0
DA:300,0
DA:305,0
DA:308,0
DA:309,0
DA:312,0
DA:333,0
DA:358,0
DA:359,0
DA:366,0
DA:367,0
DA:374,0
DA:377,0
DA:378,0
DA:380,0
DA:381,0
DA:382,0
DA:383,0
DA:384,0
DA:385,0
DA:391,0
DA:392,0
DA:395,0
DA:396,0
DA:399,0
DA:400,0
DA:402,0
DA:404,0
DA:405,0
DA:409,0
DA:410,0
DA:411,0
DA:416,0
DA:417,0
DA:431,0
DA:432,0
DA:442,0
DA:443,0
DA:446,0
DA:452,0
DA:463,0
DA:466,0
DA:467,0
DA:468,0
DA:469,0
DA:471,0
DA:472,0
DA:480,0
DA:484,0
DA:485,0
DA:494,0
DA:495,0
DA:498,0
DA:499,0
DA:500,0
DA:511,0
DA:520,0
DA:522,0
DA:523,0
DA:533,0
DA:547,0
DA:548,0
DA:551,0
DA:554,0
DA:555,0
DA:558,0
DA:559,0
DA:567,0
DA:568,0
DA:569,0
DA:570,0
DA:571,0
DA:572,0
DA:573,0
DA:574,0
DA:576,0
DA:577,0
DA:578,0
DA:579,0
DA:581,0
DA:585,0
DA:586,0
DA:588,0
DA:589,0
DA:590,0
DA:592,0
DA:593,0
DA:597,0
DA:598,0
DA:599,0
DA:600,0
DA:601,0
DA:602,0
DA:607,0
DA:608,0
DA:609,0
DA:610,0
DA:611,0
DA:612,0
DA:613,0
DA:614,0
DA:616,0
DA:619,0
DA:620,0
DA:622,0
DA:623,0
DA:626,0
DA:630,0
DA:631,0
DA:633,0
DA:634,0
DA:635,0
DA:639,0
DA:640,0
DA:642,0
DA:643,0
DA:644,0
DA:646,0
DA:648,0
DA:649,0
DA:650,0
DA:652,0
DA:656,0
DA:657,0
DA:666,0
DA:667,0
DA:669,0
DA:670,0
DA:673,0
DA:674,0
DA:675,0
DA:679,0
DA:680,0
DA:682,0
DA:683,0
DA:687,0
DA:688,0
DA:690,0
DA:691,0
DA:694,0
DA:697,0
DA:698,0
DA:702,0
DA:703,0
DA:705,0
DA:706,0
DA:709,0
DA:712,0
DA:714,0
DA:716,0
DA:717,0
DA:718,0
DA:719,0
DA:721,0
DA:728,0
DA:739,0
DA:752,0
DA:754,0
DA:755,0
DA:756,0
DA:768,0
DA:770,0
DA:772,0
DA:782,0
DA:783,0
DA:787,0
DA:788,0
DA:789,0
DA:790,0
DA:792,0
DA:793,0
DA:795,0
DA:801,0
DA:802,0
DA:807,0
DA:808,0
DA:809,0
DA:810,0
DA:812,0
DA:813,0
DA:814,0
DA:816,0
DA:817,0
DA:819,0
DA:820,0
DA:823,0
DA:824,0
DA:825,0
DA:826,0
DA:831,0
DA:832,0
DA:833,0
DA:834,0
DA:835,0
DA:837,0
DA:838,0
DA:839,0
DA:840,0
DA:841,0
DA:844,0
DA:845,0
DA:846,0
DA:847,0
DA:849,0
DA:850,0
DA:851,0
DA:854,0
DA:856,0
DA:858,0
DA:860,0
DA:861,0
DA:865,0
DA:866,0
DA:867,0
DA:868,0
DA:870,0
DA:871,0
DA:874,0
DA:875,0
DA:876,0
DA:877,0
DA:879,0
DA:880,0
DA:881,0
DA:882,0
DA:885,0
DA:886,0
DA:889,0
DA:890,0
DA:891,0
DA:892,0
DA:894,0
DA:895,0
DA:897,0
DA:908,0
DA:910,0
DA:911,0
DA:915,0
DA:916,0
DA:917,0
DA:918,0
DA:920,0
DA:921,0
DA:924,0
DA:925,0
DA:926,0
DA:927,0
DA:929,0
DA:930,0
DA:931,0
DA:932,0
DA:935,0
DA:936,0
DA:939,0
DA:940,0
DA:941,0
DA:942,0
DA:943,0
DA:945,0
DA:946,0
DA:948,0
DA:949,0
DA:951,0
DA:952,0
DA:955,0
DA:966,0
DA:967,0
DA:968,0
DA:969,0
DA:970,0
DA:971,0
DA:972,0
DA:973,0
DA:974,0
DA:976,0
DA:979,0
DA:980,0
DA:982,0
DA:984,0
DA:985,0
DA:992,0
DA:993,0
DA:994,0
DA:995,0
DA:997,0
DA:998,0
DA:1001,0
DA:1002,0
DA:1006,0
DA:1007,0
DA:1008,0
DA:1011,0
DA:1014,0
DA:1015,0
DA:1019,0
DA:1020,0
DA:1024,0
DA:1027,0
DA:1037,0
DA:1038,0
DA:1041,0
DA:1048,0
DA:1049,0
DA:1054,0
DA:1055,0
DA:1056,0
DA:1058,0
DA:1059,0
DA:1062,0
DA:1063,0
DA:1064,0
DA:1067,0
DA:1070,0
DA:1071,0
DA:1075,0
DA:1076,0
DA:1080,0
DA:1083,0
DA:1085,0
DA:1095,0
DA:1096,0
DA:1101,0
DA:1102,0
DA:1103,0
DA:1104,0
DA:1106,0
DA:1107,0
DA:1110,0
DA:1111,0
DA:1112,0
DA:1116,0
DA:1117,0
DA:1118,0
DA:1121,0
DA:1124,0
DA:1125,0
DA:1129,0
DA:1130,0
DA:1134,0
DA:1135,0
DA:1137,0
DA:1138,0
DA:1141,0
DA:1144,0
DA:1145,0
DA:1149,0
DA:1158,0
DA:1168,0
DA:1174,0
DA:1175,0
DA:1180,0
DA:1181,0
DA:1182,0
DA:1183,0
DA:1185,0
DA:1186,0
DA:1189,0
DA:1190,0
DA:1191,0
DA:1194,0
DA:1197,0
DA:1198,0
DA:1202,0
DA:1203,0
DA:1207,0
DA:1208,0
DA:1212,0
DA:1214,0
DA:1215,0
DA:1217,0
DA:1219,0
DA:1222,0
DA:1223,0
DA:1224,0
DA:1225,0
DA:1229,0
DA:1230,0
DA:1231,0
DA:1232,0
DA:1236,0
DA:1237,0
DA:1240,0
DA:1241,0
DA:1244,0
DA:1245,0
DA:1247,0
DA:1250,0
DA:1262,0
DA:1269,0
DA:1270,0
DA:1278,0
DA:1282,0
DA:1296,0
DA:1297,0
DA:1299,0
DA:1301,0
DA:1313,0
DA:1314,0
DA:1324,0
DA:1344,0
DA:1345,0
DA:1350,0
DA:1351,0
DA:1355,0
DA:1356,0
DA:1357,0
DA:1358,0
DA:1360,0
DA:1361,0
DA:1364,0
DA:1365,0
DA:1366,0
DA:1369,0
DA:1372,0
DA:1373,0
DA:1377,0
DA:1378,0
DA:1382,0
DA:1383,0
DA:1393,0
DA:1400,0
DA:1403,0
DA:1405,0
DA:1406,0
DA:1408,0
DA:1410,0
DA:1420,0
DA:1423,0
DA:1425,0
DA:1433,0
DA:1434,0
DA:1435,0
DA:1436,0
DA:1438,0
DA:1443,0
DA:1460,0
DA:1461,0
DA:1463,0
DA:1475,0
DA:1476,0
DA:1477,0
DA:1479,0
DA:1483,0
DA:1493,0
DA:1497,0
DA:1498,0
DA:1509,0
DA:1512,0
DA:1514,0
DA:1516,0
DA:1531,0
DA:1532,0
DA:1537,0
DA:1538,0
DA:1539,0
DA:1541,0
DA:1542,0
DA:1545,0
DA:1546,0
DA:1547,0
DA:1550,0
DA:1553,0
DA:1554,0
DA:1558,0
DA:1559,0
DA:1563,0
DA:1564,0
DA:1568,0
DA:1569,0
DA:1572,0
DA:1575,0
DA:1582,0
DA:1584,0
DA:1599,0
DA:1601,0
DA:1608,0
DA:1611,0
DA:1624,0
DA:1627,0
DA:1640,0
DA:1657,0
DA:1661,0
DA:1664,0
DA:1665,0
DA:1666,0
DA:1676,0
DA:1679,0
DA:1684,0
DA:1685,0
DA:1686,0
DA:1688,0
DA:1689,0
DA:1692,0
DA:1693,0
DA:1694,0
DA:1697,0
DA:1700,0
DA:1701,0
DA:1705,0
DA:1706,0
DA:1710,0
DA:1713,0
DA:1714,0
DA:1715,0
DA:1718,0
DA:1736,0
DA:1737,0
DA:1741,0
DA:1742,0
DA:1747,0
DA:1748,0
DA:1750,0
DA:1751,0
DA:1752,0
DA:1755,0
DA:1756,0
DA:1757,0
DA:1759,0
DA:1769,0
DA:1770,0
DA:1776,0
DA:1778,0
DA:1779,0
DA:1782,0
DA:1784,0
DA:1785,0
DA:1786,0
DA:1787,0
DA:1788,0
DA:1789,0
DA:1793,0
DA:1794,0
DA:1808,0
DA:1809,0
DA:1817,0
DA:1819,0
DA:1827,0
DA:1830,0
DA:1837,0
DA:1838,0
DA:1839,0
DA:1840,0
DA:1842,0
DA:1852,0
DA:1854,0
DA:1865,0
DA:1875,0
DA:1877,0
DA:1878,0
DA:1885,0
DA:1888,0
DA:1931,0
DA:1932,0
DA:1938,0
DA:1939,0
DA:1942,0
DA:1943,0
DA:1946,0
DA:1947,0
DA:1951,0
DA:1961,0
DA:1962,0
DA:1965,0
DA:1966,0
DA:1985,0
DA:1986,0
DA:1987,0
DA:1988,0
DA:1989,0
DA:1995,0
DA:2000,0
DA:2012,0
DA:2013,0
DA:2014,0
DA:2015,0
DA:2016,0
DA:2017,0
DA:2024,0
DA:2028,0
DA:2047,0
DA:2048,0
DA:2051,0
DA:2052,0
DA:2053,0
DA:2056,0
DA:2057,0
DA:2058,0
DA:2062,0
DA:2063,0
DA:2066,0
DA:2068,0
DA:2071,0
DA:2072,0
DA:2083,0
DA:2084,0
DA:2085,0
DA:2087,0
DA:2088,0
DA:2091,0
DA:2093,0
DA:2094,0
DA:2095,0
DA:2096,0
DA:2097,0
DA:2098,0
DA:2101,0
DA:2110,0
DA:2115,0
DA:2116,0
DA:2119,0
DA:2120,0
DA:2121,0
DA:2123,0
DA:2124,0
DA:2129,0
DA:2137,0
DA:2147,0
DA:2148,0
DA:2153,0
DA:2154,0
DA:2155,0
DA:2156,0
DA:2158,0
DA:2159,0
DA:2162,0
DA:2163,0
DA:2164,0
DA:2167,0
DA:2170,0
DA:2171,0
DA:2175,0
DA:2176,0
DA:2186,0
DA:2190,0
DA:2192,0
DA:2193,0
DA:2195,0
DA:2197,0
DA:2203,0
DA:2214,0
DA:2215,0
DA:2226,0
DA:2235,0
DA:2236,0
DA:2241,0
DA:2242,0
DA:2243,0
DA:2245,0
DA:2246,0
DA:2249,0
DA:2250,0
DA:2251,0
DA:2254,0
DA:2257,0
DA:2258,0
DA:2262,0
DA:2263,0
DA:2267,0
DA:2270,0
DA:2273,0
DA:2285,0
DA:2287,0
DA:2296,0
DA:2297,0
DA:2302,0
DA:2303,0
DA:2305,0
DA:2306,0
DA:2314,0
DA:2322,0
DA:2330,0
DA:2331,0
DA:2334,0
DA:2335,0
DA:2336,0
DA:2337,0
DA:2338,0
DA:2341,0
DA:2349,0
DA:2358,0
DA:2367,0
DA:2376,0
DA:2390,0
DA:2391,0
DA:2396,0
DA:2397,0
DA:2398,0
DA:2400,0
DA:2401,0
DA:2404,0
DA:2411,0
DA:2412,0
DA:2421,0
DA:2427,0
DA:2429,0
DA:2432,0
DA:2434,0
DA:2435,0
DA:2436,0
DA:2437,0
DA:2440,0
DA:2441,0
DA:2442,0
DA:2443,0
DA:2446,0
DA:2447,0
DA:2448,0
DA:2449,0
DA:2452,0
DA:2453,0
DA:2457,0
DA:2458,0
DA:2459,0
DA:2462,0
DA:2463,0
DA:2464,0
DA:2467,0
DA:2469,0
DA:2470,0
DA:2471,0
DA:2478,0
DA:2484,0
DA:2487,0
DA:2497,0
DA:2498,0
LF:853
LH:0
BRDA:42,0,0,0
BRDA:42,0,1,0
BRDA:42,1,0,0
BRDA:42,1,1,0
BRDA:47,2,0,0
BRDA:47,2,1,0
BRDA:52,3,0,0
BRDA:52,3,1,0
BRDA:63,4,0,0
BRDA:63,4,1,0
BRDA:68,5,0,0
BRDA:68,5,1,0
BRDA:73,6,0,0
BRDA:73,6,1,0
BRDA:82,7,0,0
BRDA:82,7,1,0
BRDA:83,8,0,0
BRDA:83,8,1,0
BRDA:85,9,0,0
BRDA:85,9,1,0
BRDA:92,10,0,0
BRDA:92,10,1,0
BRDA:107,11,0,0
BRDA:107,11,1,0
BRDA:107,12,0,0
BRDA:107,12,1,0
BRDA:107,12,2,0
BRDA:115,13,0,0
BRDA:115,13,1,0
BRDA:115,14,0,0
BRDA:115,14,1,0
BRDA:116,15,0,0
BRDA:116,15,1,0
BRDA:123,16,0,0
BRDA:123,16,1,0
BRDA:139,17,0,0
BRDA:139,17,1,0
BRDA:151,18,0,0
BRDA:151,18,1,0
BRDA:169,19,0,0
BRDA:170,20,0,0
BRDA:170,20,1,0
BRDA:170,21,0,0
BRDA:170,21,1,0
BRDA:186,22,0,0
BRDA:186,22,1,0
BRDA:192,23,0,0
BRDA:192,23,1,0
BRDA:197,24,0,0
BRDA:197,24,1,0
BRDA:197,25,0,0
BRDA:197,25,1,0
BRDA:197,25,2,0
BRDA:200,26,0,0
BRDA:200,26,1,0
BRDA:200,27,0,0
BRDA:200,27,1,0
BRDA:203,28,0,0
BRDA:203,28,1,0
BRDA:203,29,0,0
BRDA:203,29,1,0
BRDA:203,29,2,0
BRDA:206,30,0,0
BRDA:206,30,1,0
BRDA:206,31,0,0
BRDA:206,31,1,0
BRDA:206,31,2,0
BRDA:214,32,0,0
BRDA:214,32,1,0
BRDA:214,33,0,0
BRDA:214,33,1,0
BRDA:217,34,0,0
BRDA:217,34,1,0
BRDA:217,35,0,0
BRDA:217,35,1,0
BRDA:221,36,0,0
BRDA:221,36,1,0
BRDA:221,37,0,0
BRDA:221,37,1,0
BRDA:221,37,2,0
BRDA:221,38,0,0
BRDA:221,38,1,0
BRDA:221,38,2,0
BRDA:221,38,3,0
BRDA:221,38,4,0
BRDA:243,39,0,0
BRDA:243,39,1,0
BRDA:248,40,0,0
BRDA:248,40,1,0
BRDA:260,41,0,0
BRDA:260,41,1,0
BRDA:264,42,0,0
BRDA:264,42,1,0
BRDA:273,43,0,0
BRDA:273,43,1,0
BRDA:277,44,0,0
BRDA:277,44,1,0
BRDA:299,45,0,0
BRDA:299,45,1,0
BRDA:335,46,0,0
BRDA:335,46,1,0
BRDA:358,47,0,0
BRDA:358,47,1,0
BRDA:360,48,0,0
BRDA:360,48,1,0
BRDA:366,49,0,0
BRDA:366,49,1,0
BRDA:366,50,0,0
BRDA:366,50,1,0
BRDA:368,51,0,0
BRDA:368,51,1,0
BRDA:378,52,0,0
BRDA:378,52,1,0
BRDA:380,53,0,0
BRDA:380,53,1,0
BRDA:380,54,0,0
BRDA:380,54,1,0
BRDA:383,55,0,0
BRDA:383,55,1,0
BRDA:383,56,0,0
BRDA:383,56,1,0
BRDA:383,56,2,0
BRDA:399,57,0,0
BRDA:399,57,1,0
BRDA:400,58,0,0
BRDA:400,58,1,0
BRDA:400,59,0,0
BRDA:400,59,1,0
BRDA:404,60,0,0
BRDA:404,60,1,0
BRDA:404,61,0,0
BRDA:404,61,1,0
BRDA:416,62,0,0
BRDA:416,62,1,0
BRDA:446,63,0,0
BRDA:446,63,1,0
BRDA:447,64,0,0
BRDA:447,64,1,0
BRDA:466,65,0,0
BRDA:466,65,1,0
BRDA:466,66,0,0
BRDA:466,66,1,0
BRDA:471,67,0,0
BRDA:471,67,1,0
BRDA:495,68,0,0
BRDA:495,68,1,0
BRDA:498,69,0,0
BRDA:498,69,1,0
BRDA:539,70,0,0
BRDA:539,70,1,0
BRDA:547,71,0,0
BRDA:547,71,1,0
BRDA:547,72,0,0
BRDA:547,72,1,0
BRDA:547,72,2,0
BRDA:573,73,0,0
BRDA:573,73,1,0
BRDA:577,74,0,0
BRDA:577,74,1,0
BRDA:577,75,0,0
BRDA:577,75,1,0
BRDA:583,76,0,0
BRDA:583,76,1,0
BRDA:584,77,0,0
BRDA:584,77,1,0
BRDA:585,78,0,0
BRDA:585,78,1,0
BRDA:585,79,0,0
BRDA:585,79,1,0
BRDA:586,80,0,0
BRDA:586,80,1,0
BRDA:586,81,0,0
BRDA:586,81,1,0
BRDA:586,82,0,0
BRDA:586,82,1,0
BRDA:586,83,0,0
BRDA:586,83,1,0
BRDA:588,84,0,0
BRDA:588,84,1,0
BRDA:589,85,0,0
BRDA:589,85,1,0
BRDA:599,86,0,0
BRDA:599,87,0,0
BRDA:599,88,0,0
BRDA:604,89,0,0
BRDA:604,89,1,0
BRDA:605,90,0,0
BRDA:605,90,1,0
BRDA:607,91,0,0
BRDA:607,91,1,0
BRDA:608,92,0,0
BRDA:608,92,1,0
BRDA:608,93,0,0
BRDA:608,93,1,0
BRDA:611,94,0,0
BRDA:611,94,1,0
BRDA:613,95,0,0
BRDA:613,95,1,0
BRDA:631,96,0,0
BRDA:631,96,1,0
BRDA:637,97,0,0
BRDA:637,97,1,0
BRDA:638,98,0,0
BRDA:638,98,1,0
BRDA:639,99,0,0
BRDA:639,99,1,0
BRDA:639,100,0,0
BRDA:639,100,1,0
BRDA:640,101,0,0
BRDA:640,101,1,0
BRDA:640,102,0,0
BRDA:640,102,1,0
BRDA:640,103,0,0
BRDA:640,103,1,0
BRDA:640,104,0,0
BRDA:640,104,1,0
BRDA:642,105,0,0
BRDA:642,105,1,0
BRDA:643,106,0,0
BRDA:643,106,1,0
BRDA:649,107,0,0
BRDA:649,107,1,0
BRDA:649,108,0,0
BRDA:649,108,1,0
BRDA:674,109,0,0
BRDA:674,109,1,0
BRDA:679,110,0,0
BRDA:679,110,1,0
BRDA:680,111,0,0
BRDA:680,111,1,0
BRDA:682,112,0,0
BRDA:682,112,1,0
BRDA:690,113,0,0
BRDA:690,113,1,0
BRDA:691,114,0,0
BRDA:691,114,1,0
BRDA:697,115,0,0
BRDA:697,115,1,0
BRDA:705,116,0,0
BRDA:705,116,1,0
BRDA:714,117,0,0
BRDA:714,117,1,0
BRDA:714,118,0,0
BRDA:714,118,1,0
BRDA:716,119,0,0
BRDA:716,119,1,0
BRDA:716,120,0,0
BRDA:716,120,1,0
BRDA:716,120,2,0
BRDA:731,121,0,0
BRDA:731,121,1,0
BRDA:734,122,0,0
BRDA:734,122,1,0
BRDA:734,122,2,0
BRDA:735,123,0,0
BRDA:735,123,1,0
BRDA:735,123,2,0
BRDA:743,124,0,0
BRDA:743,124,1,0
BRDA:743,125,0,0
BRDA:743,125,1,0
BRDA:747,126,0,0
BRDA:747,126,1,0
BRDA:754,127,0,0
BRDA:754,127,1,0
BRDA:754,128,0,0
BRDA:754,128,1,0
BRDA:759,129,0,0
BRDA:759,129,1,0
BRDA:770,130,0,0
BRDA:770,130,1,0
BRDA:778,131,0,0
BRDA:778,131,1,0
BRDA:792,132,0,0
BRDA:792,132,1,0
BRDA:792,133,0,0
BRDA:792,133,1,0
BRDA:801,134,0,0
BRDA:801,134,1,0
BRDA:814,135,0,0
BRDA:814,135,1,0
BRDA:819,136,0,0
BRDA:819,136,1,0
BRDA:819,137,0,0
BRDA:819,137,1,0
BRDA:825,138,0,0
BRDA:825,138,1,0
BRDA:831,139,0,0
BRDA:831,139,1,0
BRDA:831,140,0,0
BRDA:831,140,1,0
BRDA:837,141,0,0
BRDA:837,141,1,0
BRDA:837,142,0,0
BRDA:837,142,1,0
BRDA:845,143,0,0
BRDA:845,143,1,0
BRDA:845,144,0,0
BRDA:845,144,1,0
BRDA:849,145,0,0
BRDA:849,145,1,0
BRDA:849,146,0,0
BRDA:849,146,1,0
BRDA:860,147,0,0
BRDA:860,147,1,0
BRDA:861,148,0,0
BRDA:861,148,1,0
BRDA:861,149,0,0
BRDA:861,149,1,0
BRDA:870,150,0,0
BRDA:870,150,1,0
BRDA:881,151,0,0
BRDA:881,151,1,0
BRDA:891,152,0,0
BRDA:891,152,1,0
BRDA:894,153,0,0
BRDA:894,153,1,0
BRDA:910,154,0,0
BRDA:910,154,1,0
BRDA:911,155,0,0
BRDA:911,155,1,0
BRDA:911,156,0,0
BRDA:911,156,1,0
BRDA:920,157,0,0
BRDA:920,157,1,0
BRDA:931,158,0,0
BRDA:931,158,1,0
BRDA:941,159,0,0
BRDA:941,159,1,0
BRDA:945,160,0,0
BRDA:945,160,1,0
BRDA:945,161,0,0
BRDA:945,161,1,0
BRDA:945,161,2,0
BRDA:948,162,0,0
BRDA:948,162,1,0
BRDA:951,163,0,0
BRDA:951,163,1,0
BRDA:960,164,0,0
BRDA:960,164,1,0
BRDA:966,165,0,0
BRDA:966,165,1,0
BRDA:967,166,0,0
BRDA:967,166,1,0
BRDA:968,167,0,0
BRDA:968,167,1,0
BRDA:984,168,0,0
BRDA:984,168,1,0
BRDA:985,169,0,0
BRDA:985,169,1,0
BRDA:985,170,0,0
BRDA:985,170,1,0
BRDA:1001,171,0,0
BRDA:1001,171,1,0
BRDA:1001,172,0,0
BRDA:1001,172,1,0
BRDA:1007,173,0,0
BRDA:1007,173,1,0
BRDA:1014,174,0,0
BRDA:1014,174,1,0
BRDA:1019,175,0,0
BRDA:1019,175,1,0
BRDA:1019,176,0,0
BRDA:1019,176,1,0
BRDA:1029,177,0,0
BRDA:1029,177,1,0
BRDA:1037,178,0,0
BRDA:1037,178,1,0
BRDA:1049,179,0,0
BRDA:1049,179,1,0
BRDA:1063,180,0,0
BRDA:1063,180,1,0
BRDA:1070,181,0,0
BRDA:1070,181,1,0
BRDA:1075,182,0,0
BRDA:1075,182,1,0
BRDA:1075,183,0,0
BRDA:1075,183,1,0
BRDA:1096,184,0,0
BRDA:1096,184,1,0
BRDA:1111,185,0,0
BRDA:1111,185,1,0
BRDA:1117,186,0,0
BRDA:1117,186,1,0
BRDA:1124,187,0,0
BRDA:1124,187,1,0
BRDA:1129,188,0,0
BRDA:1129,188,1,0
BRDA:1137,189,0,0
BRDA:1137,189,1,0
BRDA:1144,190,0,0
BRDA:1144,190,1,0
BRDA:1152,191,0,0
BRDA:1152,191,1,0
BRDA:1161,192,0,0
BRDA:1161,192,1,0
BRDA:1175,193,0,0
BRDA:1175,193,1,0
BRDA:1182,194,0,0
BRDA:1190,195,0,0
BRDA:1190,195,1,0
BRDA:1197,196,0,0
BRDA:1197,196,1,0
BRDA:1202,197,0,0
BRDA:1202,197,1,0
BRDA:1202,198,0,0
BRDA:1202,198,1,0
BRDA:1207,199,0,0
BRDA:1207,199,1,0
BRDA:1217,200,0,0
BRDA:1217,200,1,0
BRDA:1222,201,0,0
BRDA:1222,201,1,0
BRDA:1229,202,0,0
BRDA:1229,202,1,0
BRDA:1240,203,0,0
BRDA:1240,203,1,0
BRDA:1240,204,0,0
BRDA:1240,204,1,0
BRDA:1244,205,0,0
BRDA:1244,205,1,0
BRDA:1244,206,0,0
BRDA:1244,206,1,0
BRDA:1284,207,0,0
BRDA:1284,207,1,0
BRDA:1284,208,0,0
BRDA:1284,208,1,0
BRDA:1287,209,0,0
BRDA:1287,209,1,0
BRDA:1291,210,0,0
BRDA:1291,210,1,0
BRDA:1296,211,0,0
BRDA:1296,211,1,0
BRDA:1299,212,0,0
BRDA:1299,212,1,0
BRDA:1299,213,0,0
BRDA:1299,213,1,0
BRDA:1332,214,0,0
BRDA:1332,214,1,0
BRDA:1337,215,0,0
BRDA:1337,215,1,0
BRDA:1345,216,0,0
BRDA:1345,216,1,0
BRDA:1365,217,0,0
BRDA:1365,217,1,0
BRDA:1372,218,0,0
BRDA:1372,218,1,0
BRDA:1372,219,0,0
BRDA:1372,219,1,0
BRDA:1377,220,0,0
BRDA:1377,220,1,0
BRDA:1377,221,0,0
BRDA:1377,221,1,0
BRDA:1382,222,0,0
BRDA:1382,222,1,0
BRDA:1382,223,0,0
BRDA:1382,223,1,0
BRDA:1385,224,0,0
BRDA:1385,224,1,0
BRDA:1405,225,0,0
BRDA:1405,225,1,0
BRDA:1416,226,0,0
BRDA:1416,226,1,0
BRDA:1433,227,0,0
BRDA:1433,227,1,0
BRDA:1446,228,0,0
BRDA:1446,228,1,0
BRDA:1448,229,0,0
BRDA:1448,229,1,0
BRDA:1448,230,0,0
BRDA:1448,230,1,0
BRDA:1454,231,0,0
BRDA:1454,231,1,0
BRDA:1460,232,0,0
BRDA:1460,232,1,0
BRDA:1461,233,0,0
BRDA:1461,233,1,0
BRDA:1461,234,0,0
BRDA:1461,234,1,0
BRDA:1466,235,0,0
BRDA:1466,235,1,0
BRDA:1476,236,0,0
BRDA:1476,236,1,0
BRDA:1486,237,0,0
BRDA:1486,237,1,0
BRDA:1523,238,0,0
BRDA:1523,238,1,0
BRDA:1525,239,0,0
BRDA:1525,239,1,0
BRDA:1532,240,0,0
BRDA:1532,240,1,0
BRDA:1546,241,0,0
BRDA:1546,241,1,0
BRDA:1553,242,0,0
BRDA:1553,242,1,0
BRDA:1558,243,0,0
BRDA:1558,243,1,0
BRDA:1558,244,0,0
BRDA:1558,244,1,0
BRDA:1563,245,0,0
BRDA:1563,245,1,0
BRDA:1563,246,0,0
BRDA:1563,246,1,0
BRDA:1568,247,0,0
BRDA:1568,247,1,0
BRDA:1582,248,0,0
BRDA:1582,248,1,0
BRDA:1599,249,0,0
BRDA:1599,249,1,0
BRDA:1645,250,0,0
BRDA:1645,250,1,0
BRDA:1646,251,0,0
BRDA:1646,251,1,0
BRDA:1647,252,0,0
BRDA:1647,252,1,0
BRDA:1657,253,0,0
BRDA:1657,253,1,0
BRDA:1679,254,0,0
BRDA:1679,254,1,0
BRDA:1693,255,0,0
BRDA:1693,255,1,0
BRDA:1700,256,0,0
BRDA:1700,256,1,0
BRDA:1705,257,0,0
BRDA:1705,257,1,0
BRDA:1714,258,0,0
BRDA:1714,258,1,0
BRDA:1737,259,0,0
BRDA:1737,259,1,0
BRDA:1737,259,2,0
BRDA:1742,260,0,0
BRDA:1742,260,1,0
BRDA:1751,261,0,0
BRDA:1751,261,1,0
BRDA:1751,262,0,0
BRDA:1751,262,1,0
BRDA:1751,262,2,0
BRDA:1770,263,0,0
BRDA:1770,263,1,0
BRDA:1785,264,0,0
BRDA:1785,264,1,0
BRDA:1785,265,0,0
BRDA:1785,265,1,0
BRDA:1793,266,0,0
BRDA:1793,266,1,0
BRDA:1810,267,0,0
BRDA:1810,267,1,0
BRDA:1817,268,0,0
BRDA:1817,268,1,0
BRDA:1817,269,0,0
BRDA:1817,269,1,0
BRDA:1837,270,0,0
BRDA:1837,270,1,0
BRDA:1870,271,0,0
BRDA:1871,272,0,0
BRDA:1874,273,0,0
BRDA:1877,274,0,0
BRDA:1877,274,1,0
BRDA:1877,275,0,0
BRDA:1877,275,1,0
BRDA:1931,276,0,0
BRDA:1931,276,1,0
BRDA:1942,277,0,0
BRDA:1942,277,1,0
BRDA:1946,278,0,0
BRDA:1946,278,1,0
BRDA:1961,279,0,0
BRDA:1961,279,1,0
BRDA:1965,280,0,0
BRDA:1965,280,1,0
BRDA:1986,281,0,0
BRDA:1986,281,1,0
BRDA:1986,282,0,0
BRDA:1986,282,1,0
BRDA:1986,282,2,0
BRDA:1988,283,0,0
BRDA:1988,283,1,0
BRDA:2005,284,0,0
BRDA:2005,284,1,0
BRDA:2013,285,0,0
BRDA:2013,285,1,0
BRDA:2013,286,0,0
BRDA:2013,286,1,0
BRDA:2047,287,0,0
BRDA:2047,287,1,0
BRDA:2051,288,0,0
BRDA:2051,288,1,0
BRDA:2056,289,0,0
BRDA:2056,289,1,0
BRDA:2062,290,0,0
BRDA:2062,290,1,0
BRDA:2062,291,0,0
BRDA:2062,291,1,0
BRDA:2085,292,0,0
BRDA:2085,293,0,0
BRDA:2093,294,0,0
BRDA:2093,294,1,0
BRDA:2095,295,0,0
BRDA:2095,295,1,0
BRDA:2097,296,0,0
BRDA:2097,296,1,0
BRDA:2115,297,0,0
BRDA:2115,297,1,0
BRDA:2123,298,0,0
BRDA:2123,298,1,0
BRDA:2123,299,0,0
BRDA:2123,299,1,0
BRDA:2129,300,0,0
BRDA:2129,300,1,0
BRDA:2141,301,0,0
BRDA:2141,301,1,0
BRDA:2155,302,0,0
BRDA:2163,303,0,0
BRDA:2163,303,1,0
BRDA:2170,304,0,0
BRDA:2170,304,1,0
BRDA:2175,305,0,0
BRDA:2175,305,1,0
BRDA:2190,306,0,0
BRDA:2190,306,1,0
BRDA:2190,307,0,0
BRDA:2190,307,1,0
BRDA:2193,308,0,0
BRDA:2193,308,1,0
BRDA:2193,309,0,0
BRDA:2193,309,1,0
BRDA:2205,310,0,0
BRDA:2205,310,1,0
BRDA:2205,311,0,0
BRDA:2205,311,1,0
BRDA:2214,312,0,0
BRDA:2214,312,1,0
BRDA:2221,313,0,0
BRDA:2221,313,1,0
BRDA:2236,314,0,0
BRDA:2236,314,1,0
BRDA:2250,315,0,0
BRDA:2250,315,1,0
BRDA:2257,316,0,0
BRDA:2257,316,1,0
BRDA:2262,317,0,0
BRDA:2262,317,1,0
BRDA:2262,318,0,0
BRDA:2262,318,1,0
BRDA:2275,319,0,0
BRDA:2275,319,1,0
BRDA:2292,320,0,0
BRDA:2292,320,1,0
BRDA:2297,321,0,0
BRDA:2297,321,1,0
BRDA:2331,322,0,0
BRDA:2331,322,1,0
BRDA:2338,323,0,0
BRDA:2338,323,1,0
BRDA:2338,323,2,0
BRDA:2411,324,0,0
BRDA:2411,324,1,0
BRDA:2432,325,0,0
BRDA:2432,325,1,0
BRDA:2432,325,2,0
BRDA:2432,325,3,0
BRDA:2452,326,0,0
BRDA:2452,326,1,0
BRDA:2458,327,0,0
BRDA:2458,327,1,0
BRDA:2463,328,0,0
BRDA:2463,328,1,0
BRDA:2469,329,0,0
BRDA:2469,329,1,0
BRDA:2498,330,0,0
BRDA:2498,330,1,0
BRF:671
BRH:0
end_of_record
TN:
SF:src/api/routes/wallet/walletRoutes.js
FN:19,getFirebaseServices
FN:28,authenticateToken
FN:118,validateWalletAddress
FN:158,(anonymous_3)
FN:201,(anonymous_4)
FN:219,(anonymous_5)
FN:249,(anonymous_6)
FN:264,(anonymous_7)
FN:285,(anonymous_8)
FN:308,(anonymous_9)
FN:313,(anonymous_10)
FN:342,(anonymous_11)
FN:364,(anonymous_12)
FN:372,(anonymous_13)
FN:399,(anonymous_14)
FN:420,(anonymous_15)
FN:444,(anonymous_16)
FN:459,(anonymous_17)
FN:462,(anonymous_18)
FN:483,(anonymous_19)
FN:534,(anonymous_20)
FN:570,(anonymous_21)
FN:595,(anonymous_22)
FN:634,(anonymous_23)
FN:685,(anonymous_24)
FN:718,(anonymous_25)
FN:741,(anonymous_26)
FN:766,checkLiFiCompatibility
FN:775,(anonymous_28)
FN:797,analyzeDynamicWalletCapabilities
FN:815,(anonymous_30)
FN:823,(anonymous_31)
FN:824,(anonymous_32)
FN:866,getLiFiSupportedChains
FN:874,(anonymous_34)
FN:899,getChainIdFromNetwork
FN:912,getDefaultCompatibleChains
FN:927,getStaticWalletCapabilities
FN:943,(anonymous_38)
FN:1060,(anonymous_39)
FN:1133,(anonymous_40)
FN:1157,(anonymous_41)
FN:1205,(anonymous_42)
FN:1219,(anonymous_43)
FNF:44
FNH:0
FNDA:0,getFirebaseServices
FNDA:0,authenticateToken
FNDA:0,validateWalletAddress
FNDA:0,(anonymous_3)
FNDA:0,(anonymous_4)
FNDA:0,(anonymous_5)
FNDA:0,(anonymous_6)
FNDA:0,(anonymous_7)
FNDA:0,(anonymous_8)
FNDA:0,(anonymous_9)
FNDA:0,(anonymous_10)
FNDA:0,(anonymous_11)
FNDA:0,(anonymous_12)
FNDA:0,(anonymous_13)
FNDA:0,(anonymous_14)
FNDA:0,(anonymous_15)
FNDA:0,(anonymous_16)
FNDA:0,(anonymous_17)
FNDA:0,(anonymous_18)
FNDA:0,(anonymous_19)
FNDA:0,(anonymous_20)
FNDA:0,(anonymous_21)
FNDA:0,(anonymous_22)
FNDA:0,(anonymous_23)
FNDA:0,(anonymous_24)
FNDA:0,(anonymous_25)
FNDA:0,(anonymous_26)
FNDA:0,checkLiFiCompatibility
FNDA:0,(anonymous_28)
FNDA:0,analyzeDynamicWalletCapabilities
FNDA:0,(anonymous_30)
FNDA:0,(anonymous_31)
FNDA:0,(anonymous_32)
FNDA:0,getLiFiSupportedChains
FNDA:0,(anonymous_34)
FNDA:0,getChainIdFromNetwork
FNDA:0,getDefaultCompatibleChains
FNDA:0,getStaticWalletCapabilities
FNDA:0,(anonymous_38)
FNDA:0,(anonymous_39)
FNDA:0,(anonymous_40)
FNDA:0,(anonymous_41)
FNDA:0,(anonymous_42)
FNDA:0,(anonymous_43)
DA:16,0
DA:20,0
DA:21,0
DA:29,0
DA:30,0
DA:31,0
DA:33,0
DA:34,0
DA:37,0
DA:38,0
DA:40,0
DA:42,0
DA:44,0
DA:46,0
DA:47,0
DA:48,0
DA:49,0
DA:50,0
DA:52,0
DA:55,0
DA:58,0
DA:60,0
DA:61,0
DA:63,0
DA:64,0
DA:66,0
DA:67,0
DA:68,0
DA:69,0
DA:70,0
DA:71,0
DA:73,0
DA:74,0
DA:75,0
DA:76,0
DA:77,0
DA:80,0
DA:85,0
DA:86,0
DA:87,0
DA:89,0
DA:90,0
DA:91,0
DA:92,0
DA:93,0
DA:95,0
DA:98,0
DA:102,0
DA:107,0
DA:108,0
DA:109,0
DA:112,0
DA:113,0
DA:119,0
DA:120,0
DA:123,0
DA:130,0
DA:131,0
DA:133,0
DA:137,0
DA:138,0
DA:140,0
DA:144,0
DA:145,0
DA:146,0
DA:148,0
DA:151,0
DA:154,0
DA:158,0
DA:159,0
DA:160,0
DA:161,0
DA:164,0
DA:165,0
DA:171,0
DA:172,0
DA:173,0
DA:176,0
DA:179,0
DA:180,0
DA:182,0
DA:183,0
DA:186,0
DA:187,0
DA:190,0
DA:200,0
DA:201,0
DA:205,0
DA:207,0
DA:208,0
DA:214,0
DA:218,0
DA:219,0
DA:226,0
DA:231,0
DA:237,0
DA:243,0
DA:244,0
DA:249,0
DA:250,0
DA:251,0
DA:252,0
DA:254,0
DA:256,0
DA:257,0
DA:260,0
DA:261,0
DA:264,0
DA:274,0
DA:279,0
DA:280,0
DA:285,0
DA:286,0
DA:287,0
DA:288,0
DA:289,0
DA:291,0
DA:292,0
DA:295,0
DA:296,0
DA:297,0
DA:299,0
DA:300,0
DA:303,0
DA:304,0
DA:307,0
DA:308,0
DA:312,0
DA:313,0
DA:316,0
DA:317,0
DA:321,0
DA:326,0
DA:331,0
DA:336,0
DA:337,0
DA:342,0
DA:343,0
DA:344,0
DA:345,0
DA:347,0
DA:348,0
DA:351,0
DA:352,0
DA:353,0
DA:355,0
DA:356,0
DA:359,0
DA:360,0
DA:363,0
DA:364,0
DA:367,0
DA:368,0
DA:372,0
DA:378,0
DA:383,0
DA:388,0
DA:393,0
DA:394,0
DA:399,0
DA:400,0
DA:401,0
DA:402,0
DA:404,0
DA:405,0
DA:408,0
DA:409,0
DA:410,0
DA:412,0
DA:413,0
DA:416,0
DA:417,0
DA:420,0
DA:421,0
DA:422,0
DA:424,0
DA:428,0
DA:433,0
DA:438,0
DA:439,0
DA:444,0
DA:445,0
DA:446,0
DA:447,0
DA:449,0
DA:451,0
DA:452,0
DA:455,0
DA:456,0
DA:459,0
DA:462,0
DA:464,0
DA:472,0
DA:477,0
DA:478,0
DA:483,0
DA:484,0
DA:485,0
DA:486,0
DA:488,0
DA:489,0
DA:492,0
DA:495,0
DA:496,0
DA:512,0
DA:514,0
DA:521,0
DA:528,0
DA:529,0
DA:534,0
DA:535,0
DA:536,0
DA:537,0
DA:540,0
DA:541,0
DA:542,0
DA:549,0
DA:551,0
DA:561,0
DA:562,0
DA:570,0
DA:571,0
DA:573,0
DA:575,0
DA:584,0
DA:585,0
DA:595,0
DA:596,0
DA:597,0
DA:599,0
DA:600,0
DA:606,0
DA:607,0
DA:608,0
DA:610,0
DA:612,0
DA:622,0
DA:623,0
DA:634,0
DA:635,0
DA:643,0
DA:646,0
DA:647,0
DA:654,0
DA:656,0
DA:666,0
DA:668,0
DA:673,0
DA:674,0
DA:685,0
DA:686,0
DA:687,0
DA:688,0
DA:690,0
DA:691,0
DA:697,0
DA:699,0
DA:701,0
DA:706,0
DA:707,0
DA:718,0
DA:719,0
DA:720,0
DA:722,0
DA:724,0
DA:729,0
DA:730,0
DA:741,0
DA:742,0
DA:743,0
DA:751,0
DA:756,0
DA:757,0
DA:767,0
DA:769,0
DA:771,0
DA:773,0
DA:775,0
DA:783,0
DA:785,0
DA:798,0
DA:800,0
DA:801,0
DA:803,0
DA:811,0
DA:812,0
DA:815,0
DA:816,0
DA:820,0
DA:822,0
DA:823,0
DA:824,0
DA:827,0
DA:828,0
DA:829,0
DA:830,0
DA:833,0
DA:834,0
DA:835,0
DA:836,0
DA:840,0
DA:841,0
DA:842,0
DA:850,0
DA:851,0
DA:854,0
DA:855,0
DA:858,0
DA:860,0
DA:862,0
DA:867,0
DA:869,0
DA:870,0
DA:872,0
DA:874,0
DA:883,0
DA:885,0
DA:900,0
DA:909,0
DA:914,0
DA:924,0
DA:929,0
DA:943,0
DA:944,0
DA:945,0
DA:952,0
DA:955,0
DA:956,0
DA:963,0
DA:964,0
DA:966,0
DA:967,0
DA:973,0
DA:974,0
DA:981,0
DA:983,0
DA:984,0
DA:987,0
DA:988,0
DA:990,0
DA:1001,0
DA:1010,0
DA:1011,0
DA:1023,0
DA:1032,0
DA:1051,0
DA:1052,0
DA:1060,0
DA:1061,0
DA:1062,0
DA:1070,0
DA:1073,0
DA:1074,0
DA:1081,0
DA:1083,0
DA:1086,0
DA:1098,0
DA:1123,0
DA:1124,0
DA:1133,0
DA:1134,0
DA:1135,0
DA:1136,0
DA:1138,0
DA:1139,0
DA:1141,0
DA:1142,0
DA:1145,0
DA:1146,0
DA:1148,0
DA:1149,0
DA:1156,0
DA:1158,0
DA:1159,0
DA:1162,0
DA:1165,0
DA:1168,0
DA:1171,0
DA:1172,0
DA:1176,0
DA:1177,0
DA:1178,0
DA:1179,0
DA:1180,0
DA:1184,0
DA:1186,0
DA:1193,0
DA:1194,0
DA:1205,0
DA:1208,0
DA:1210,0
DA:1219,0
DA:1224,0
DA:1225,0
LF:394
LH:0
BRDA:30,0,0,0
BRDA:30,0,1,0
BRDA:31,1,0,0
BRDA:31,1,1,0
BRDA:33,2,0,0
BRDA:33,2,1,0
BRDA:40,3,0,0
BRDA:40,3,1,0
BRDA:55,4,0,0
BRDA:55,4,1,0
BRDA:55,5,0,0
BRDA:55,5,1,0
BRDA:55,5,2,0
BRDA:63,6,0,0
BRDA:63,6,1,0
BRDA:63,7,0,0
BRDA:63,7,1,0
BRDA:64,8,0,0
BRDA:64,8,1,0
BRDA:71,9,0,0
BRDA:71,9,1,0
BRDA:87,10,0,0
BRDA:87,10,1,0
BRDA:99,11,0,0
BRDA:99,11,1,0
BRDA:119,12,0,0
BRDA:119,12,1,0
BRDA:119,13,0,0
BRDA:119,13,1,0
BRDA:123,14,0,0
BRDA:123,14,1,0
BRDA:123,14,2,0
BRDA:123,14,3,0
BRDA:123,14,4,0
BRDA:123,14,5,0
BRDA:123,14,6,0
BRDA:123,14,7,0
BRDA:130,15,0,0
BRDA:130,15,1,0
BRDA:137,16,0,0
BRDA:137,16,1,0
BRDA:145,17,0,0
BRDA:145,17,1,0
BRDA:164,18,0,0
BRDA:164,18,1,0
BRDA:164,19,0,0
BRDA:164,19,1,0
BRDA:164,19,2,0
BRDA:172,20,0,0
BRDA:172,20,1,0
BRDA:182,21,0,0
BRDA:182,21,1,0
BRDA:187,22,0,0
BRDA:187,22,1,0
BRDA:194,23,0,0
BRDA:194,23,1,0
BRDA:196,24,0,0
BRDA:196,24,1,0
BRDA:201,25,0,0
BRDA:201,25,1,0
BRDA:205,26,0,0
BRDA:205,26,1,0
BRDA:218,27,0,0
BRDA:218,27,1,0
BRDA:221,28,0,0
BRDA:221,28,1,0
BRDA:256,29,0,0
BRDA:256,29,1,0
BRDA:261,30,0,0
BRDA:261,30,1,0
BRDA:268,31,0,0
BRDA:268,31,1,0
BRDA:271,32,0,0
BRDA:271,32,1,0
BRDA:291,33,0,0
BRDA:291,33,1,0
BRDA:291,34,0,0
BRDA:291,34,1,0
BRDA:299,35,0,0
BRDA:299,35,1,0
BRDA:304,36,0,0
BRDA:304,36,1,0
BRDA:308,37,0,0
BRDA:308,37,1,0
BRDA:313,38,0,0
BRDA:313,38,1,0
BRDA:316,39,0,0
BRDA:316,39,1,0
BRDA:316,40,0,0
BRDA:316,40,1,0
BRDA:347,41,0,0
BRDA:347,41,1,0
BRDA:347,42,0,0
BRDA:347,42,1,0
BRDA:355,43,0,0
BRDA:355,43,1,0
BRDA:360,44,0,0
BRDA:360,44,1,0
BRDA:364,45,0,0
BRDA:364,45,1,0
BRDA:367,46,0,0
BRDA:367,46,1,0
BRDA:374,47,0,0
BRDA:374,47,1,0
BRDA:404,48,0,0
BRDA:404,48,1,0
BRDA:404,49,0,0
BRDA:404,49,1,0
BRDA:404,49,2,0
BRDA:412,50,0,0
BRDA:412,50,1,0
BRDA:417,51,0,0
BRDA:417,51,1,0
BRDA:421,52,0,0
BRDA:421,52,1,0
BRDA:421,53,0,0
BRDA:421,53,1,0
BRDA:451,54,0,0
BRDA:451,54,1,0
BRDA:456,55,0,0
BRDA:456,55,1,0
BRDA:465,56,0,0
BRDA:465,56,1,0
BRDA:488,57,0,0
BRDA:488,57,1,0
BRDA:499,58,0,0
BRDA:499,58,1,0
BRDA:500,59,0,0
BRDA:500,59,1,0
BRDA:501,60,0,0
BRDA:501,60,1,0
BRDA:502,61,0,0
BRDA:502,61,1,0
BRDA:503,62,0,0
BRDA:503,62,1,0
BRDA:504,63,0,0
BRDA:504,63,1,0
BRDA:506,64,0,0
BRDA:506,64,1,0
BRDA:515,65,0,0
BRDA:515,65,1,0
BRDA:516,66,0,0
BRDA:516,66,1,0
BRDA:517,67,0,0
BRDA:517,67,1,0
BRDA:524,68,0,0
BRDA:524,68,1,0
BRDA:541,69,0,0
BRDA:541,69,1,0
BRDA:556,70,0,0
BRDA:556,70,1,0
BRDA:557,71,0,0
BRDA:557,71,1,0
BRDA:599,72,0,0
BRDA:599,72,1,0
BRDA:599,73,0,0
BRDA:599,73,1,0
BRDA:599,73,2,0
BRDA:646,74,0,0
BRDA:646,74,1,0
BRDA:646,75,0,0
BRDA:646,75,1,0
BRDA:646,75,2,0
BRDA:646,75,3,0
BRDA:646,75,4,0
BRDA:646,75,5,0
BRDA:654,76,0,0
BRDA:654,76,1,0
BRDA:690,77,0,0
BRDA:690,77,1,0
BRDA:778,78,0,0
BRDA:778,78,1,0
BRDA:779,79,0,0
BRDA:779,79,1,0
BRDA:790,80,0,0
BRDA:790,80,1,0
BRDA:791,81,0,0
BRDA:791,81,1,0
BRDA:816,82,0,0
BRDA:816,82,1,0
BRDA:820,83,0,0
BRDA:820,83,1,0
BRDA:829,84,0,0
BRDA:829,84,1,0
BRDA:841,85,0,0
BRDA:841,85,1,0
BRDA:877,86,0,0
BRDA:877,86,1,0
BRDA:909,87,0,0
BRDA:909,87,1,0
BRDA:924,88,0,0
BRDA:924,88,1,0
BRDA:955,89,0,0
BRDA:955,89,1,0
BRDA:955,90,0,0
BRDA:955,90,1,0
BRDA:955,90,2,0
BRDA:966,91,0,0
BRDA:966,91,1,0
BRDA:973,92,0,0
BRDA:973,92,1,0
BRDA:987,93,0,0
BRDA:987,93,1,0
BRDA:994,94,0,0
BRDA:994,94,1,0
BRDA:997,95,0,0
BRDA:997,95,1,0
BRDA:1046,96,0,0
BRDA:1046,96,1,0
BRDA:1046,96,2,0
BRDA:1047,97,0,0
BRDA:1047,97,1,0
BRDA:1047,97,2,0
BRDA:1073,98,0,0
BRDA:1073,98,1,0
BRDA:1073,99,0,0
BRDA:1073,99,1,0
BRDA:1073,99,2,0
BRDA:1073,99,3,0
BRDA:1090,100,0,0
BRDA:1090,100,1,0
BRDA:1115,101,0,0
BRDA:1115,101,1,0
BRDA:1118,102,0,0
BRDA:1118,102,1,0
BRDA:1141,103,0,0
BRDA:1141,103,1,0
BRDA:1146,104,0,0
BRDA:1146,104,1,0
BRDA:1148,105,0,0
BRDA:1148,105,1,0
BRDA:1165,106,0,0
BRDA:1165,106,1,0
BRDA:1168,107,0,0
BRDA:1168,107,1,0
BRDA:1171,108,0,0
BRDA:1171,108,1,0
BRDA:1171,109,0,0
BRDA:1171,109,1,0
BRDA:1176,110,0,0
BRDA:1176,110,1,0
BRDA:1176,111,0,0
BRDA:1176,111,1,0
BRDA:1178,112,0,0
BRDA:1178,112,1,0
BRDA:1179,113,0,0
BRDA:1179,113,1,0
BRDA:1184,114,0,0
BRDA:1184,114,1,0
BRDA:1216,115,0,0
BRDA:1216,115,1,0
BRDA:1217,116,0,0
BRDA:1217,116,1,0
BRDA:1218,117,0,0
BRDA:1218,117,1,0
BRF:255
BRH:0
end_of_record
TN:
SF:src/config/awsSecretsManager.js
FN:4,(anonymous_0)
FN:12,(anonymous_1)
FN:40,(anonymous_2)
FN:48,(anonymous_3)
FN:56,(anonymous_4)
FN:77,(anonymous_5)
FN:82,(anonymous_6)
FNF:7
FNH:0
FNDA:0,(anonymous_0)
FNDA:0,(anonymous_1)
FNDA:0,(anonymous_2)
FNDA:0,(anonymous_3)
FNDA:0,(anonymous_4)
FNDA:0,(anonymous_5)
FNDA:0,(anonymous_6)
DA:5,0
DA:8,0
DA:9,0
DA:14,0
DA:15,0
DA:16,0
DA:19,0
DA:20,0
DA:24,0
DA:25,0
DA:28,0
DA:33,0
DA:35,0
DA:36,0
DA:41,0
DA:42,0
DA:45,0
DA:49,0
DA:50,0
DA:53,0
DA:57,0
DA:61,0
DA:65,0
DA:66,0
DA:69,0
DA:70,0
DA:73,0
DA:78,0
DA:83,0
LF:29
LH:0
BRDA:6,0,0,0
BRDA:6,0,1,0
BRDA:15,1,0,0
BRDA:15,1,1,0
BRDA:15,2,0,0
BRDA:15,2,1,0
BRDA:41,3,0,0
BRDA:41,3,1,0
BRDA:42,4,0,0
BRDA:42,4,1,0
BRDA:49,5,0,0
BRDA:49,5,1,0
BRDA:50,6,0,0
BRDA:50,6,1,0
BRDA:57,7,0,0
BRDA:57,7,1,0
BRDA:61,8,0,0
BRDA:61,8,1,0
BRDA:69,9,0,0
BRDA:69,9,1,0
BRDA:69,10,0,0
BRDA:69,10,1,0
BRDA:83,11,0,0
BRDA:83,11,1,0
BRDA:83,11,2,0
BRF:25
BRH:0
end_of_record
TN:
SF:src/config/env.js
FN:25,loadAWSSecrets
FN:32,(anonymous_1)
FN:40,(anonymous_2)
FN:59,validateEnvVars
FN:60,(anonymous_4)
FN:133,(anonymous_5)
FNF:6
FNH:0
FNDA:0,loadAWSSecrets
FNDA:0,(anonymous_1)
FNDA:0,(anonymous_2)
FNDA:0,validateEnvVars
FNDA:0,(anonymous_4)
FNDA:0,(anonymous_5)
DA:6,0
DA:7,0
DA:10,0
DA:16,0
DA:18,0
DA:26,0
DA:27,0
DA:28,0
DA:31,0
DA:32,0
DA:33,0
DA:34,0
DA:39,0
DA:40,0
DA:41,0
DA:42,0
DA:46,0
DA:48,0
DA:50,0
DA:51,0
DA:52,0
DA:60,0
DA:62,0
DA:63,0
DA:68,0
DA:131,0
DA:133,0
DA:134,0
DA:139,0
DA:140,0
DA:141,0
DA:142,0
DA:143,0
DA:144,0
DA:145,0
DA:146,0
LF:36
LH:0
BRDA:16,0,0,0
BRDA:16,0,1,0
BRDA:26,1,0,0
BRDA:26,1,1,0
BRDA:33,2,0,0
BRDA:33,2,1,0
BRDA:41,3,0,0
BRDA:41,3,1,0
BRDA:50,4,0,0
BRDA:50,4,1,0
BRDA:50,5,0,0
BRDA:50,5,1,0
BRDA:59,6,0,0
BRDA:62,7,0,0
BRDA:62,7,1,0
BRDA:69,8,0,0
BRDA:69,8,1,0
BRDA:70,9,0,0
BRDA:70,9,1,0
BRDA:74,10,0,0
BRDA:74,10,1,0
BRDA:75,11,0,0
BRDA:75,11,1,0
BRDA:131,12,0,0
BRDA:131,12,1,0
BRDA:131,13,0,0
BRDA:131,13,1,0
BRDA:139,14,0,0
BRDA:139,14,1,0
BRDA:141,15,0,0
BRDA:141,15,1,0
BRDA:143,16,0,0
BRDA:143,16,1,0
BRDA:145,17,0,0
BRDA:145,17,1,0
BRF:35
BRH:0
end_of_record
TN:
SF:src/config/polyfills.js
FNF:0
FNH:0
DA:4,0
DA:7,0
DA:8,0
DA:10,0
DA:13,0
DA:14,0
DA:17,0
DA:18,0
DA:19,0
DA:20,0
DA:21,0
DA:22,0
DA:24,0
DA:29,0
DA:31,0
DA:32,0
DA:33,0
DA:34,0
DA:35,0
DA:36,0
DA:37,0
DA:38,0
DA:40,0
DA:41,0
DA:42,0
DA:47,0
DA:48,0
DA:49,0
DA:50,0
DA:51,0
DA:53,0
DA:59,0
DA:60,0
DA:61,0
DA:62,0
DA:63,0
DA:65,0
DA:69,0
LF:38
LH:0
BRDA:13,0,0,0
BRDA:13,0,1,0
BRDA:17,1,0,0
BRDA:17,1,1,0
BRDA:31,2,0,0
BRDA:31,2,1,0
BRDA:47,3,0,0
BRDA:47,3,1,0
BRDA:59,4,0,0
BRDA:59,4,1,0
BRF:10
BRH:0
end_of_record
TN:
SF:src/contract/scripts/deployPropertyEscrow.js
FN:4,main
FN:61,(anonymous_1)
FN:62,(anonymous_2)
FNF:3
FNH:0
FNDA:0,main
FNDA:0,(anonymous_1)
FNDA:0,(anonymous_2)
DA:5,0
DA:7,0
DA:8,0
DA:13,0
DA:14,0
DA:15,0
DA:16,0
DA:18,0
DA:19,0
DA:20,0
DA:21,0
DA:23,0
DA:25,0
DA:31,0
DA:33,0
DA:34,0
DA:36,0
DA:37,0
DA:38,0
DA:40,0
DA:41,0
DA:42,0
DA:50,0
DA:52,0
DA:53,0
DA:54,0
DA:60,0
DA:61,0
DA:63,0
DA:64,0
LF:30
LH:0
BRDA:36,0,0,0
BRDA:36,0,1,0
BRDA:36,1,0,0
BRDA:36,1,1,0
BRDA:36,1,2,0
BRDA:53,2,0,0
BRDA:53,2,1,0
BRF:7
BRH:0
end_of_record
TN:
SF:src/services/blockchainService.js
FN:15,initializeService
FN:40,(anonymous_1)
FN:46,(anonymous_2)
FN:87,__TEST_ONLY_simulateAbiLoadingFailure
FN:95,__TEST_ONLY_getInternalAbiState
FN:100,getContractInstance
FN:116,triggerReleaseAfterApproval
FN:157,triggerCancelAfterDisputeDeadline
FNF:8
FNH:0
FNDA:0,initializeService
FNDA:0,(anonymous_1)
FNDA:0,(anonymous_2)
FNDA:0,__TEST_ONLY_simulateAbiLoadingFailure
FNDA:0,__TEST_ONLY_getInternalAbiState
FNDA:0,getContractInstance
FNDA:0,triggerReleaseAfterApproval
FNDA:0,triggerCancelAfterDisputeDeadline
DA:7,0
DA:8,0
DA:16,0
DA:17,0
DA:19,0
DA:20,0
DA:24,0
DA:25,0
DA:26,0
DA:27,0
DA:28,0
DA:30,0
DA:31,0
DA:35,0
DA:36,0
DA:39,0
DA:41,0
DA:43,0
DA:44,0
DA:47,0
DA:48,0
DA:49,0
DA:50,0
DA:52,0
DA:53,0
DA:54,0
DA:56,0
DA:58,0
DA:59,0
DA:60,0
DA:61,0
DA:63,0
DA:64,0
DA:65,0
DA:70,0
DA:71,0
DA:72,0
DA:73,0
DA:74,0
DA:75,0
DA:77,0
DA:78,0
DA:80,0
DA:81,0
DA:88,0
DA:89,0
DA:96,0
DA:101,0
DA:102,0
DA:103,0
DA:105,0
DA:106,0
DA:107,0
DA:109,0
DA:110,0
DA:111,0
DA:113,0
DA:117,0
DA:118,0
DA:124,0
DA:125,0
DA:131,0
DA:132,0
DA:138,0
DA:139,0
DA:140,0
DA:146,0
DA:147,0
DA:148,0
DA:149,0
DA:150,0
DA:152,0
DA:153,0
DA:158,0
DA:159,0
DA:165,0
DA:166,0
DA:172,0
DA:173,0
DA:179,0
DA:180,0
DA:181,0
DA:187,0
DA:188,0
DA:189,0
DA:190,0
DA:191,0
DA:193,0
DA:194,0
LF:89
LH:0
BRDA:16,0,0,0
BRDA:16,0,1,0
BRDA:16,1,0,0
BRDA:16,1,1,0
BRDA:24,2,0,0
BRDA:24,2,1,0
BRDA:24,3,0,0
BRDA:24,3,1,0
BRDA:48,4,0,0
BRDA:48,4,1,0
BRDA:48,5,0,0
BRDA:48,5,1,0
BRDA:59,6,0,0
BRDA:59,6,1,0
BRDA:59,7,0,0
BRDA:59,7,1,0
BRDA:74,8,0,0
BRDA:74,8,1,0
BRDA:74,9,0,0
BRDA:74,9,1,0
BRDA:74,9,2,0
BRDA:101,10,0,0
BRDA:101,10,1,0
BRDA:105,11,0,0
BRDA:105,11,1,0
BRDA:105,12,0,0
BRDA:105,12,1,0
BRDA:109,13,0,0
BRDA:109,13,1,0
BRDA:117,14,0,0
BRDA:117,14,1,0
BRDA:124,15,0,0
BRDA:124,15,1,0
BRDA:131,16,0,0
BRDA:131,16,1,0
BRDA:139,17,0,0
BRDA:139,17,1,0
BRDA:158,18,0,0
BRDA:158,18,1,0
BRDA:165,19,0,0
BRDA:165,19,1,0
BRDA:172,20,0,0
BRDA:172,20,1,0
BRDA:180,21,0,0
BRDA:180,21,1,0
BRF:45
BRH:0
end_of_record
TN:
SF:src/services/contractDeployer.js
FN:24,__TEST_ONLY_setArtifactToNull
FN:30,deployPropertyEscrowContract
FNF:2
FNH:0
FNDA:0,__TEST_ONLY_setArtifactToNull
FNDA:0,deployPropertyEscrowContract
DA:7,0
DA:8,0
DA:11,0
DA:12,0
DA:13,0
DA:14,0
DA:16,0
DA:17,0
DA:25,0
DA:26,0
DA:31,0
DA:32,0
DA:34,0
DA:35,0
DA:37,0
DA:38,0
DA:40,0
DA:41,0
DA:46,0
DA:47,0
DA:50,0
DA:53,0
DA:54,0
DA:57,0
DA:58,0
DA:60,0
DA:61,0
DA:64,0
DA:65,0
DA:66,0
DA:67,0
DA:68,0
DA:73,0
DA:74,0
DA:75,0
DA:76,0
DA:78,0
DA:84,0
DA:85,0
DA:92,0
DA:94,0
DA:95,0
DA:96,0
DA:98,0
DA:99,0
DA:100,0
DA:101,0
DA:102,0
DA:104,0
DA:107,0
DA:110,0
DA:111,0
DA:113,0
DA:114,0
DA:116,0
DA:117,0
DA:118,0
DA:120,0
DA:121,0
DA:123,0
DA:124,0
DA:126,0
DA:127,0
DA:132,0
DA:134,0
DA:135,0
DA:136,0
DA:137,0
DA:139,0
LF:69
LH:0
BRDA:31,0,0,0
BRDA:31,0,1,0
BRDA:31,1,0,0
BRDA:31,1,1,0
BRDA:31,1,2,0
BRDA:34,2,0,0
BRDA:34,2,1,0
BRDA:34,3,0,0
BRDA:34,3,1,0
BRDA:37,4,0,0
BRDA:37,4,1,0
BRDA:37,5,0,0
BRDA:37,5,1,0
BRDA:40,6,0,0
BRDA:40,6,1,0
BRDA:40,7,0,0
BRDA:40,7,1,0
BRDA:53,8,0,0
BRDA:53,8,1,0
BRDA:57,9,0,0
BRDA:57,9,1,0
BRDA:57,10,0,0
BRDA:57,10,1,0
BRDA:57,10,2,0
BRDA:60,11,0,0
BRDA:60,11,1,0
BRDA:60,12,0,0
BRDA:60,12,1,0
BRDA:60,12,2,0
BRDA:96,13,0,0
BRDA:96,13,1,0
BRDA:101,14,0,0
BRDA:101,14,1,0
BRDA:113,15,0,0
BRDA:113,15,1,0
BRDA:114,16,0,0
BRDA:114,16,1,0
BRDA:114,16,2,0
BRDA:114,16,3,0
BRDA:116,17,0,0
BRDA:116,17,1,0
BRDA:134,18,0,0
BRDA:134,18,1,0
BRDA:134,19,0,0
BRDA:134,19,1,0
BRF:45
BRH:0
end_of_record
TN:
SF:src/services/crossChainContractDeployer.js
FN:12,(anonymous_0)
FN:18,(anonymous_1)
FN:77,(anonymous_2)
FN:205,(anonymous_3)
FN:258,(anonymous_4)
FN:265,(anonymous_5)
FN:311,(anonymous_6)
FN:344,deployCrossChainPropertyEscrowContract
FNF:8
FNH:8
FNDA:27,(anonymous_0)
FNDA:27,(anonymous_1)
FNDA:1,(anonymous_2)
FNDA:1,(anonymous_3)
FNDA:2,(anonymous_4)
FNDA:21,(anonymous_5)
FNDA:2,(anonymous_6)
FNDA:3,deployCrossChainPropertyEscrowContract
DA:13,27
DA:14,27
DA:15,27
DA:19,27
DA:21,27
DA:25,0
DA:26,0
DA:27,0
DA:28,0
DA:29,0
DA:30,0
DA:32,0
DA:34,0
DA:35,0
DA:36,0
DA:37,0
DA:38,0
DA:41,0
DA:42,0
DA:46,27
DA:47,27
DA:50,27
DA:70,27
DA:90,1
DA:91,1
DA:92,1
DA:93,1
DA:94,1
DA:95,1
DA:96,1
DA:99,1
DA:100,0
DA:102,1
DA:103,0
DA:105,1
DA:106,1
DA:108,0
DA:109,0
DA:113,0
DA:114,0
DA:116,0
DA:120,0
DA:123,0
DA:126,0
DA:128,0
DA:129,0
DA:132,0
DA:138,0
DA:141,0
DA:149,0
DA:151,0
DA:152,0
DA:153,0
DA:156,0
DA:157,0
DA:159,0
DA:160,0
DA:161,0
DA:162,0
DA:163,0
DA:165,0
DA:188,1
DA:191,1
DA:192,1
DA:193,1
DA:194,1
DA:195,1
DA:197,0
DA:206,1
DA:209,1
DA:210,0
DA:211,0
DA:212,0
DA:213,0
DA:219,0
DA:220,0
DA:221,0
DA:229,0
DA:230,0
DA:231,0
DA:232,0
DA:233,0
DA:235,0
DA:259,2
DA:272,21
DA:274,21
DA:275,5
DA:278,21
DA:279,4
DA:283,21
DA:286,1
DA:289,21
DA:290,4
DA:293,21
DA:294,21
DA:295,5
DA:298,21
DA:299,5
DA:302,21
DA:312,2
DA:313,2
DA:314,2
DA:315,0
DA:317,0
DA:319,0
DA:327,2
DA:328,2
DA:356,3
DA:359,3
DA:367,3
DA:368,2
DA:372,1
DA:373,1
DA:375,1
LF:114
LH:56
BRDA:41,0,0,0
BRDA:41,0,1,0
BRDA:41,1,0,0
BRDA:41,1,1,0
BRDA:85,2,0,0
BRDA:96,3,0,1
BRDA:96,3,1,1
BRDA:99,4,0,0
BRDA:99,4,1,1
BRDA:102,5,0,0
BRDA:102,5,1,1
BRDA:105,6,0,1
BRDA:105,6,1,0
BRDA:108,7,0,0
BRDA:108,7,1,0
BRDA:120,8,0,0
BRDA:120,8,1,0
BRDA:123,9,0,0
BRDA:123,9,1,0
BRDA:126,10,0,0
BRDA:126,10,1,0
BRDA:153,11,0,0
BRDA:153,11,1,0
BRDA:156,12,0,0
BRDA:156,12,1,0
BRDA:157,13,0,0
BRDA:157,13,1,0
BRDA:162,14,0,0
BRDA:162,14,1,0
BRDA:169,15,0,0
BRDA:169,15,1,0
BRDA:274,16,0,5
BRDA:274,16,1,16
BRDA:278,17,0,4
BRDA:278,17,1,17
BRDA:283,18,0,1
BRDA:283,18,1,20
BRDA:283,19,0,21
BRDA:283,19,1,20
BRDA:283,19,2,20
BRDA:283,19,3,16
BRDA:283,19,4,15
BRDA:289,20,0,4
BRDA:289,20,1,17
BRDA:289,21,0,21
BRDA:289,21,1,19
BRDA:294,22,0,5
BRDA:294,22,1,16
BRDA:298,23,0,5
BRDA:298,23,1,16
BRDA:351,24,0,3
BRDA:367,25,0,2
BRDA:367,25,1,1
BRF:53
BRH:27
end_of_record
TN:
SF:src/services/crossChainService.js
FN:6,getDb
FN:90,validateTokenForNetwork
FN:113,getTokenAddressForBridge
FN:135,initializeLiFiChains
FN:143,(anonymous_4)
FN:155,areNetworksEVMCompatible
FN:169,getOptimalBridgeRoute
FN:216,(anonymous_7)
FN:216,(anonymous_8)
FN:258,getBridgeInfo
FN:284,estimateTransactionFees
FN:395,prepareCrossChainTransaction
FN:588,executeCrossChainStep
FN:614,(anonymous_13)
FN:654,(anonymous_14)
FN:658,(anonymous_15)
FN:669,(anonymous_16)
FN:700,(anonymous_17)
FN:725,(anonymous_18)
FN:736,(anonymous_19)
FN:737,(anonymous_20)
FN:782,updateTransactionStatus
FN:799,getBridgeStatus
FN:809,(anonymous_23)
FN:826,updateDealConditionsFromStep
FN:843,(anonymous_25)
FN:859,(anonymous_26)
FN:894,getCrossChainTransactionStatus
FN:914,(anonymous_28)
FN:915,(anonymous_29)
FN:935,calculateProgressPercentage
FN:937,(anonymous_31)
FN:944,getNextAction
FN:948,(anonymous_33)
FN:955,linkTransactionToDeal
FN:989,getCrossChainTransactionsForDeal
FN:998,(anonymous_36)
FN:1015,checkPendingTransactionStatus
FN:1035,(anonymous_38)
FN:1052,(anonymous_39)
FN:1088,triggerCrossChainReleaseAfterApproval
FN:1103,(anonymous_41)
FN:1117,(anonymous_42)
FN:1121,(anonymous_43)
FN:1167,handleStuckCrossChainTransaction
FN:1189,(anonymous_45)
FN:1258,retryCrossChainTransactionStep
FN:1281,triggerCrossChainReleaseAfterApprovalSimple
FN:1356,triggerCrossChainCancelAfterDisputeDeadline
FN:1458,isCrossChainDealReady
FN:1486,(anonymous_50)
FN:1487,(anonymous_51)
FN:1492,(anonymous_52)
FN:1507,autoCompleteCrossChainSteps
FNF:54
FNH:0
FNDA:0,getDb
FNDA:0,validateTokenForNetwork
FNDA:0,getTokenAddressForBridge
FNDA:0,initializeLiFiChains
FNDA:0,(anonymous_4)
FNDA:0,areNetworksEVMCompatible
FNDA:0,getOptimalBridgeRoute
FNDA:0,(anonymous_7)
FNDA:0,(anonymous_8)
FNDA:0,getBridgeInfo
FNDA:0,estimateTransactionFees
FNDA:0,prepareCrossChainTransaction
FNDA:0,executeCrossChainStep
FNDA:0,(anonymous_13)
FNDA:0,(anonymous_14)
FNDA:0,(anonymous_15)
FNDA:0,(anonymous_16)
FNDA:0,(anonymous_17)
FNDA:0,(anonymous_18)
FNDA:0,(anonymous_19)
FNDA:0,(anonymous_20)
FNDA:0,updateTransactionStatus
FNDA:0,getBridgeStatus
FNDA:0,(anonymous_23)
FNDA:0,updateDealConditionsFromStep
FNDA:0,(anonymous_25)
FNDA:0,(anonymous_26)
FNDA:0,getCrossChainTransactionStatus
FNDA:0,(anonymous_28)
FNDA:0,(anonymous_29)
FNDA:0,calculateProgressPercentage
FNDA:0,(anonymous_31)
FNDA:0,getNextAction
FNDA:0,(anonymous_33)
FNDA:0,linkTransactionToDeal
FNDA:0,getCrossChainTransactionsForDeal
FNDA:0,(anonymous_36)
FNDA:0,checkPendingTransactionStatus
FNDA:0,(anonymous_38)
FNDA:0,(anonymous_39)
FNDA:0,triggerCrossChainReleaseAfterApproval
FNDA:0,(anonymous_41)
FNDA:0,(anonymous_42)
FNDA:0,(anonymous_43)
FNDA:0,handleStuckCrossChainTransaction
FNDA:0,(anonymous_45)
FNDA:0,retryCrossChainTransactionStep
FNDA:0,triggerCrossChainReleaseAfterApprovalSimple
FNDA:0,triggerCrossChainCancelAfterDisputeDeadline
FNDA:0,isCrossChainDealReady
FNDA:0,(anonymous_50)
FNDA:0,(anonymous_51)
FNDA:0,(anonymous_52)
FNDA:0,autoCompleteCrossChainSteps
DA:7,0
DA:8,0
DA:12,0
DA:15,0
DA:91,0
DA:92,0
DA:95,0
DA:96,0
DA:97,0
DA:101,0
DA:102,0
DA:103,0
DA:107,0
DA:115,0
DA:116,0
DA:117,0
DA:118,0
DA:123,0
DA:124,0
DA:125,0
DA:129,0
DA:136,0
DA:137,0
DA:138,0
DA:139,0
DA:141,0
DA:143,0
DA:156,0
DA:157,0
DA:159,0
DA:160,0
DA:163,0
DA:178,0
DA:179,0
DA:182,0
DA:183,0
DA:187,0
DA:188,0
DA:189,0
DA:193,0
DA:194,0
DA:196,0
DA:198,0
DA:210,0
DA:211,0
DA:215,0
DA:216,0
DA:220,0
DA:233,0
DA:234,0
DA:236,0
DA:238,0
DA:241,0
DA:242,0
DA:243,0
DA:244,0
DA:245,0
DA:246,0
DA:247,0
DA:248,0
DA:251,0
DA:259,0
DA:260,0
DA:261,0
DA:264,0
DA:274,0
DA:276,0
DA:277,0
DA:285,0
DA:286,0
DA:287,0
DA:289,0
DA:290,0
DA:294,0
DA:295,0
DA:297,0
DA:298,0
DA:300,0
DA:301,0
DA:304,0
DA:306,0
DA:319,0
DA:320,0
DA:323,0
DA:334,0
DA:335,0
DA:348,0
DA:353,0
DA:354,0
DA:355,0
DA:356,0
DA:360,0
DA:363,0
DA:375,0
DA:378,0
DA:396,0
DA:406,0
DA:408,0
DA:411,0
DA:412,0
DA:416,0
DA:417,0
DA:419,0
DA:420,0
DA:424,0
DA:425,0
DA:429,0
DA:430,0
DA:432,0
DA:433,0
DA:435,0
DA:436,0
DA:440,0
DA:441,0
DA:442,0
DA:443,0
DA:445,0
DA:446,0
DA:447,0
DA:456,0
DA:457,0
DA:458,0
DA:460,0
DA:462,0
DA:467,0
DA:472,0
DA:481,0
DA:482,0
DA:483,0
DA:487,0
DA:489,0
DA:491,0
DA:500,0
DA:502,0
DA:530,0
DA:543,0
DA:571,0
DA:572,0
DA:575,0
DA:577,0
DA:578,0
DA:580,0
DA:581,0
DA:589,0
DA:590,0
DA:592,0
DA:593,0
DA:595,0
DA:596,0
DA:599,0
DA:602,0
DA:603,0
DA:604,0
DA:614,0
DA:616,0
DA:617,0
DA:618,0
DA:629,0
DA:630,0
DA:631,0
DA:642,0
DA:643,0
DA:645,0
DA:647,0
DA:648,0
DA:651,0
DA:655,0
DA:656,0
DA:659,0
DA:663,0
DA:664,0
DA:665,0
DA:666,0
DA:669,0
DA:670,0
DA:671,0
DA:672,0
DA:676,0
DA:677,0
DA:678,0
DA:679,0
DA:682,0
DA:683,0
DA:685,0
DA:686,0
DA:687,0
DA:690,0
DA:692,0
DA:693,0
DA:695,0
DA:696,0
DA:697,0
DA:700,0
DA:701,0
DA:702,0
DA:703,0
DA:705,0
DA:706,0
DA:707,0
DA:708,0
DA:711,0
DA:712,0
DA:713,0
DA:719,0
DA:720,0
DA:721,0
DA:725,0
DA:726,0
DA:729,0
DA:730,0
DA:732,0
DA:733,0
DA:736,0
DA:737,0
DA:739,0
DA:740,0
DA:741,0
DA:742,0
DA:743,0
DA:744,0
DA:746,0
DA:749,0
DA:752,0
DA:754,0
DA:756,0
DA:767,0
DA:770,0
DA:783,0
DA:784,0
DA:785,0
DA:792,0
DA:800,0
DA:801,0
DA:802,0
DA:804,0
DA:805,0
DA:808,0
DA:809,0
DA:811,0
DA:812,0
DA:815,0
DA:816,0
DA:818,0
DA:819,0
DA:827,0
DA:828,0
DA:829,0
DA:830,0
DA:832,0
DA:833,0
DA:834,0
DA:837,0
DA:838,0
DA:839,0
DA:842,0
DA:843,0
DA:844,0
DA:845,0
DA:853,0
DA:858,0
DA:859,0
DA:860,0
DA:861,0
DA:868,0
DA:872,0
DA:873,0
DA:884,0
DA:887,0
DA:895,0
DA:896,0
DA:897,0
DA:899,0
DA:900,0
DA:903,0
DA:906,0
DA:907,0
DA:908,0
DA:909,0
DA:910,0
DA:911,0
DA:914,0
DA:915,0
DA:920,0
DA:927,0
DA:928,0
DA:936,0
DA:937,0
DA:938,0
DA:945,0
DA:946,0
DA:948,0
DA:949,0
DA:956,0
DA:957,0
DA:960,0
DA:961,0
DA:962,0
DA:965,0
DA:967,0
DA:978,0
DA:979,0
DA:981,0
DA:982,0
DA:990,0
DA:991,0
DA:992,0
DA:997,0
DA:998,0
DA:999,0
DA:1005,0
DA:1007,0
DA:1008,0
DA:1016,0
DA:1017,0
DA:1019,0
DA:1020,0
DA:1022,0
DA:1023,0
DA:1024,0
DA:1027,0
DA:1030,0
DA:1031,0
DA:1035,0
DA:1037,0
DA:1038,0
DA:1039,0
DA:1041,0
DA:1047,0
DA:1048,0
DA:1049,0
DA:1052,0
DA:1053,0
DA:1054,0
DA:1056,0
DA:1058,0
DA:1060,0
DA:1061,0
DA:1062,0
DA:1063,0
DA:1066,0
DA:1068,0
DA:1069,0
DA:1072,0
DA:1073,0
DA:1077,0
DA:1080,0
DA:1081,0
DA:1089,0
DA:1090,0
DA:1092,0
DA:1093,0
DA:1095,0
DA:1096,0
DA:1099,0
DA:1102,0
DA:1103,0
DA:1104,0
DA:1107,0
DA:1108,0
DA:1109,0
DA:1117,0
DA:1118,0
DA:1121,0
DA:1122,0
DA:1125,0
DA:1126,0
DA:1127,0
DA:1135,0
DA:1149,0
DA:1151,0
DA:1152,0
DA:1159,0
DA:1160,0
DA:1168,0
DA:1169,0
DA:1171,0
DA:1172,0
DA:1174,0
DA:1175,0
DA:1178,0
DA:1181,0
DA:1182,0
DA:1184,0
DA:1185,0
DA:1189,0
DA:1191,0
DA:1192,0
DA:1193,0
DA:1195,0
DA:1197,0
DA:1198,0
DA:1205,0
DA:1210,0
DA:1222,0
DA:1225,0
DA:1226,0
DA:1227,0
DA:1242,0
DA:1243,0
DA:1250,0
DA:1251,0
DA:1259,0
DA:1260,0
DA:1263,0
DA:1265,0
DA:1266,0
DA:1267,0
DA:1269,0
DA:1270,0
DA:1273,0
DA:1274,0
DA:1282,0
DA:1283,0
DA:1286,0
DA:1287,0
DA:1289,0
DA:1290,0
DA:1293,0
DA:1296,0
DA:1297,0
DA:1298,0
DA:1302,0
DA:1304,0
DA:1305,0
DA:1307,0
DA:1314,0
DA:1325,0
DA:1337,0
DA:1348,0
DA:1349,0
DA:1357,0
DA:1358,0
DA:1361,0
DA:1362,0
DA:1364,0
DA:1365,0
DA:1368,0
DA:1371,0
DA:1372,0
DA:1373,0
DA:1379,0
DA:1381,0
DA:1383,0
DA:1384,0
DA:1387,0
DA:1388,0
DA:1391,0
DA:1392,0
DA:1393,0
DA:1396,0
DA:1397,0
DA:1400,0
DA:1412,0
DA:1422,0
DA:1428,0
DA:1440,0
DA:1450,0
DA:1451,0
DA:1459,0
DA:1460,0
DA:1461,0
DA:1463,0
DA:1464,0
DA:1467,0
DA:1469,0
DA:1470,0
DA:1474,0
DA:1475,0
DA:1477,0
DA:1478,0
DA:1486,0
DA:1487,0
DA:1489,0
DA:1490,0
DA:1492,0
DA:1496,0
DA:1499,0
DA:1500,0
DA:1508,0
DA:1509,0
DA:1511,0
DA:1512,0
DA:1514,0
DA:1515,0
DA:1518,0
DA:1519,0
DA:1522,0
DA:1524,0
DA:1525,0
DA:1529,0
DA:1530,0
DA:1532,0
DA:1533,0
DA:1534,0
DA:1535,0
DA:1537,0
DA:1538,0
DA:1539,0
DA:1540,0
DA:1543,0
DA:1544,0
DA:1550,0
DA:1562,0
DA:1570,0
DA:1571,0
LF:505
LH:0
BRDA:91,0,0,0
BRDA:91,0,1,0
BRDA:91,1,0,0
BRDA:91,1,1,0
BRDA:96,2,0,0
BRDA:96,2,1,0
BRDA:101,3,0,0
BRDA:101,3,1,0
BRDA:102,4,0,0
BRDA:102,4,1,0
BRDA:115,5,0,0
BRDA:115,5,1,0
BRDA:115,6,0,0
BRDA:115,6,1,0
BRDA:117,7,0,0
BRDA:117,7,1,0
BRDA:123,8,0,0
BRDA:123,8,1,0
BRDA:123,9,0,0
BRDA:123,9,1,0
BRDA:124,10,0,0
BRDA:124,10,1,0
BRDA:159,11,0,0
BRDA:159,11,1,0
BRDA:159,12,0,0
BRDA:159,12,1,0
BRDA:163,13,0,0
BRDA:163,13,1,0
BRDA:182,14,0,0
BRDA:182,14,1,0
BRDA:182,15,0,0
BRDA:182,15,1,0
BRDA:182,15,2,0
BRDA:182,15,3,0
BRDA:182,15,4,0
BRDA:182,15,5,0
BRDA:188,16,0,0
BRDA:188,16,1,0
BRDA:210,17,0,0
BRDA:210,17,1,0
BRDA:215,18,0,0
BRDA:215,18,1,0
BRDA:215,19,0,0
BRDA:215,19,1,0
BRDA:216,20,0,0
BRDA:216,20,1,0
BRDA:216,20,2,0
BRDA:221,21,0,0
BRDA:221,21,1,0
BRDA:221,22,0,0
BRDA:221,22,1,0
BRDA:222,23,0,0
BRDA:222,23,1,0
BRDA:223,24,0,0
BRDA:223,24,1,0
BRDA:224,25,0,0
BRDA:224,25,1,0
BRDA:225,26,0,0
BRDA:225,26,1,0
BRDA:227,27,0,0
BRDA:227,27,1,0
BRDA:228,28,0,0
BRDA:228,28,1,0
BRDA:229,29,0,0
BRDA:229,29,1,0
BRDA:230,30,0,0
BRDA:230,30,1,0
BRDA:241,31,0,0
BRDA:241,31,1,0
BRDA:243,32,0,0
BRDA:243,32,1,0
BRDA:245,33,0,0
BRDA:245,33,1,0
BRDA:247,34,0,0
BRDA:247,34,1,0
BRDA:260,35,0,0
BRDA:260,35,1,0
BRDA:260,36,0,0
BRDA:260,36,1,0
BRDA:289,37,0,0
BRDA:289,37,1,0
BRDA:289,38,0,0
BRDA:289,38,1,0
BRDA:297,39,0,0
BRDA:297,39,1,0
BRDA:304,40,0,0
BRDA:304,40,1,0
BRDA:304,41,0,0
BRDA:304,41,1,0
BRDA:329,42,0,0
BRDA:329,42,1,0
BRDA:330,43,0,0
BRDA:330,43,1,0
BRDA:334,44,0,0
BRDA:334,44,1,0
BRDA:338,45,0,0
BRDA:338,45,1,0
BRDA:339,46,0,0
BRDA:339,46,1,0
BRDA:340,47,0,0
BRDA:340,47,1,0
BRDA:341,48,0,0
BRDA:341,48,1,0
BRDA:342,49,0,0
BRDA:342,49,1,0
BRDA:354,50,0,0
BRDA:354,50,1,0
BRDA:356,51,0,0
BRDA:356,51,1,0
BRDA:356,52,0,0
BRDA:356,52,1,0
BRDA:356,52,2,0
BRDA:411,53,0,0
BRDA:411,53,1,0
BRDA:411,54,0,0
BRDA:411,54,1,0
BRDA:411,54,2,0
BRDA:411,54,3,0
BRDA:411,54,4,0
BRDA:411,54,5,0
BRDA:416,55,0,0
BRDA:416,55,1,0
BRDA:419,56,0,0
BRDA:419,56,1,0
BRDA:424,57,0,0
BRDA:424,57,1,0
BRDA:424,58,0,0
BRDA:424,58,1,0
BRDA:432,59,0,0
BRDA:432,59,1,0
BRDA:445,60,0,0
BRDA:445,60,1,0
BRDA:482,61,0,0
BRDA:482,61,1,0
BRDA:482,62,0,0
BRDA:482,62,1,0
BRDA:482,62,2,0
BRDA:489,63,0,0
BRDA:489,63,1,0
BRDA:500,64,0,0
BRDA:500,64,1,0
BRDA:500,65,0,0
BRDA:500,65,1,0
BRDA:500,65,2,0
BRDA:535,66,0,0
BRDA:535,66,1,0
BRDA:537,67,0,0
BRDA:537,67,1,0
BRDA:564,68,0,0
BRDA:564,68,1,0
BRDA:564,69,0,0
BRDA:564,69,1,0
BRDA:588,70,0,0
BRDA:588,71,0,0
BRDA:595,72,0,0
BRDA:595,72,1,0
BRDA:602,73,0,0
BRDA:602,73,1,0
BRDA:602,74,0,0
BRDA:602,74,1,0
BRDA:616,75,0,0
BRDA:616,75,1,0
BRDA:629,76,0,0
BRDA:629,76,1,0
BRDA:636,77,0,0
BRDA:636,77,1,0
BRDA:642,78,0,0
BRDA:642,78,1,0
BRDA:642,79,0,0
BRDA:642,79,1,0
BRDA:647,80,0,0
BRDA:647,80,1,0
BRDA:647,81,0,0
BRDA:647,81,1,0
BRDA:648,82,0,0
BRDA:648,82,1,0
BRDA:670,83,0,0
BRDA:670,83,1,0
BRDA:682,84,0,0
BRDA:682,84,1,0
BRDA:682,85,0,0
BRDA:682,85,1,0
BRDA:686,86,0,0
BRDA:686,86,1,0
BRDA:695,87,0,0
BRDA:695,87,1,0
BRDA:701,88,0,0
BRDA:701,88,1,0
BRDA:705,89,0,0
BRDA:705,89,1,0
BRDA:707,90,0,0
BRDA:707,90,1,0
BRDA:725,91,0,0
BRDA:725,91,1,0
BRDA:729,92,0,0
BRDA:729,92,1,0
BRDA:739,93,0,0
BRDA:739,93,1,0
BRDA:742,94,0,0
BRDA:742,94,1,0
BRDA:804,95,0,0
BRDA:804,95,1,0
BRDA:811,96,0,0
BRDA:811,96,1,0
BRDA:832,97,0,0
BRDA:832,97,1,0
BRDA:842,98,0,0
BRDA:842,98,1,0
BRDA:844,99,0,0
BRDA:844,99,1,0
BRDA:844,100,0,0
BRDA:844,100,1,0
BRDA:858,101,0,0
BRDA:858,101,1,0
BRDA:860,102,0,0
BRDA:860,102,1,0
BRDA:860,103,0,0
BRDA:860,103,1,0
BRDA:872,104,0,0
BRDA:872,104,1,0
BRDA:899,105,0,0
BRDA:899,105,1,0
BRDA:907,106,0,0
BRDA:907,106,1,0
BRDA:909,107,0,0
BRDA:909,107,1,0
BRDA:936,108,0,0
BRDA:936,108,1,0
BRDA:936,109,0,0
BRDA:936,109,1,0
BRDA:945,110,0,0
BRDA:945,110,1,0
BRDA:946,111,0,0
BRDA:946,111,1,0
BRDA:949,112,0,0
BRDA:949,112,1,0
BRDA:961,113,0,0
BRDA:961,113,1,0
BRDA:972,114,0,0
BRDA:972,114,1,0
BRDA:1022,115,0,0
BRDA:1022,115,1,0
BRDA:1030,116,0,0
BRDA:1030,116,1,0
BRDA:1030,117,0,0
BRDA:1030,117,1,0
BRDA:1035,118,0,0
BRDA:1035,118,1,0
BRDA:1037,119,0,0
BRDA:1037,119,1,0
BRDA:1047,120,0,0
BRDA:1047,120,1,0
BRDA:1053,121,0,0
BRDA:1053,121,1,0
BRDA:1053,122,0,0
BRDA:1053,122,1,0
BRDA:1060,123,0,0
BRDA:1060,123,1,0
BRDA:1063,124,0,0
BRDA:1063,124,1,0
BRDA:1095,125,0,0
BRDA:1095,125,1,0
BRDA:1104,126,0,0
BRDA:1104,126,1,0
BRDA:1107,127,0,0
BRDA:1107,127,1,0
BRDA:1117,128,0,0
BRDA:1117,128,1,0
BRDA:1118,129,0,0
BRDA:1118,129,1,0
BRDA:1125,130,0,0
BRDA:1125,130,1,0
BRDA:1174,131,0,0
BRDA:1174,131,1,0
BRDA:1181,132,0,0
BRDA:1181,132,1,0
BRDA:1181,132,2,0
BRDA:1184,133,0,0
BRDA:1184,133,1,0
BRDA:1191,134,0,0
BRDA:1191,134,1,0
BRDA:1195,135,0,0
BRDA:1195,135,1,0
BRDA:1195,136,0,0
BRDA:1195,136,1,0
BRDA:1215,137,0,0
BRDA:1215,137,1,0
BRDA:1225,138,0,0
BRDA:1225,138,1,0
BRDA:1265,139,0,0
BRDA:1265,139,1,0
BRDA:1265,140,0,0
BRDA:1265,140,1,0
BRDA:1270,141,0,0
BRDA:1270,141,1,0
BRDA:1289,142,0,0
BRDA:1289,142,1,0
BRDA:1296,143,0,0
BRDA:1296,143,1,0
BRDA:1302,144,0,0
BRDA:1302,144,1,0
BRDA:1302,145,0,0
BRDA:1302,145,1,0
BRDA:1364,146,0,0
BRDA:1364,146,1,0
BRDA:1371,147,0,0
BRDA:1371,147,1,0
BRDA:1379,148,0,0
BRDA:1379,148,1,0
BRDA:1379,149,0,0
BRDA:1379,149,1,0
BRDA:1463,150,0,0
BRDA:1463,150,1,0
BRDA:1469,151,0,0
BRDA:1469,151,1,0
BRDA:1474,152,0,0
BRDA:1474,152,1,0
BRDA:1477,153,0,0
BRDA:1477,153,1,0
BRDA:1486,154,0,0
BRDA:1486,154,1,0
BRDA:1489,155,0,0
BRDA:1489,155,1,0
BRDA:1514,156,0,0
BRDA:1514,156,1,0
BRDA:1514,157,0,0
BRDA:1514,157,1,0
BRDA:1524,158,0,0
BRDA:1524,158,1,0
BRDA:1532,159,0,0
BRDA:1532,159,1,0
BRDA:1533,160,0,0
BRDA:1533,160,1,0
BRDA:1537,161,0,0
BRDA:1537,161,1,0
BRDA:1539,162,0,0
BRDA:1539,162,1,0
BRF:337
BRH:0
end_of_record
TN:
SF:src/services/databaseService.js
FN:8,getDb
FN:36,getDealsPastFinalApproval
FN:48,(anonymous_2)
FN:59,getDealsPastDisputeDeadline
FN:71,(anonymous_4)
FN:85,updateDealStatusInDB
FN:132,getDealById
FN:157,getCrossChainDealsPendingMonitoring
FN:168,(anonymous_8)
FN:179,getCrossChainTransactionsPendingCheck
FN:191,(anonymous_10)
FN:202,getCrossChainDealsStuck
FN:215,(anonymous_12)
FN:226,getCrossChainDealsPastFinalApproval
FN:239,(anonymous_14)
FN:250,getCrossChainDealsPastDisputeDeadline
FN:263,(anonymous_16)
FN:275,updateCrossChainDealStatus
FNF:18
FNH:0
FNDA:0,getDb
FNDA:0,getDealsPastFinalApproval
FNDA:0,(anonymous_2)
FNDA:0,getDealsPastDisputeDeadline
FNDA:0,(anonymous_4)
FNDA:0,updateDealStatusInDB
FNDA:0,getDealById
FNDA:0,getCrossChainDealsPendingMonitoring
FNDA:0,(anonymous_8)
FNDA:0,getCrossChainTransactionsPendingCheck
FNDA:0,(anonymous_10)
FNDA:0,getCrossChainDealsStuck
FNDA:0,(anonymous_12)
FNDA:0,getCrossChainDealsPastFinalApproval
FNDA:0,(anonymous_14)
FNDA:0,getCrossChainDealsPastDisputeDeadline
FNDA:0,(anonymous_16)
FNDA:0,updateCrossChainDealStatus
DA:6,0
DA:9,0
DA:10,0
DA:13,0
DA:14,0
DA:15,0
DA:18,0
DA:19,0
DA:21,0
DA:22,0
DA:25,0
DA:26,0
DA:27,0
DA:29,0
DA:37,0
DA:38,0
DA:39,0
DA:40,0
DA:45,0
DA:46,0
DA:48,0
DA:50,0
DA:51,0
DA:60,0
DA:61,0
DA:62,0
DA:63,0
DA:68,0
DA:69,0
DA:71,0
DA:73,0
DA:74,0
DA:86,0
DA:87,0
DA:88,0
DA:90,0
DA:91,0
DA:92,0
DA:94,0
DA:100,0
DA:101,0
DA:103,0
DA:104,0
DA:107,0
DA:113,0
DA:114,0
DA:115,0
DA:116,0
DA:119,0
DA:120,0
DA:122,0
DA:133,0
DA:134,0
DA:135,0
DA:137,0
DA:138,0
DA:139,0
DA:140,0
DA:141,0
DA:142,0
DA:144,0
DA:145,0
DA:148,0
DA:149,0
DA:158,0
DA:159,0
DA:160,0
DA:165,0
DA:166,0
DA:168,0
DA:170,0
DA:171,0
DA:180,0
DA:181,0
DA:182,0
DA:183,0
DA:188,0
DA:189,0
DA:191,0
DA:193,0
DA:194,0
DA:203,0
DA:204,0
DA:205,0
DA:206,0
DA:212,0
DA:213,0
DA:215,0
DA:217,0
DA:218,0
DA:227,0
DA:228,0
DA:229,0
DA:230,0
DA:236,0
DA:237,0
DA:239,0
DA:241,0
DA:242,0
DA:251,0
DA:252,0
DA:253,0
DA:254,0
DA:260,0
DA:261,0
DA:263,0
DA:265,0
DA:266,0
DA:276,0
DA:277,0
DA:278,0
DA:280,0
DA:281,0
DA:282,0
DA:284,0
DA:291,0
DA:292,0
DA:294,0
DA:295,0
DA:298,0
DA:305,0
DA:306,0
DA:307,0
DA:308,0
DA:309,0
DA:311,0
DA:312,0
DA:314,0
LF:128
LH:0
BRDA:9,0,0,0
BRDA:9,0,1,0
BRDA:13,1,0,0
BRDA:13,1,1,0
BRDA:45,2,0,0
BRDA:45,2,1,0
BRDA:68,3,0,0
BRDA:68,3,1,0
BRDA:86,4,0,0
BRDA:86,4,1,0
BRDA:86,5,0,0
BRDA:86,5,1,0
BRDA:86,5,2,0
BRDA:86,5,3,0
BRDA:100,6,0,0
BRDA:100,6,1,0
BRDA:103,7,0,0
BRDA:103,7,1,0
BRDA:113,8,0,0
BRDA:113,8,1,0
BRDA:114,9,0,0
BRDA:114,9,1,0
BRDA:115,10,0,0
BRDA:115,10,1,0
BRDA:116,11,0,0
BRDA:116,11,1,0
BRDA:133,12,0,0
BRDA:133,12,1,0
BRDA:141,13,0,0
BRDA:141,13,1,0
BRDA:165,14,0,0
BRDA:165,14,1,0
BRDA:188,15,0,0
BRDA:188,15,1,0
BRDA:212,16,0,0
BRDA:212,16,1,0
BRDA:236,17,0,0
BRDA:236,17,1,0
BRDA:260,18,0,0
BRDA:260,18,1,0
BRDA:276,19,0,0
BRDA:276,19,1,0
BRDA:276,20,0,0
BRDA:276,20,1,0
BRDA:276,20,2,0
BRDA:276,20,3,0
BRDA:291,21,0,0
BRDA:291,21,1,0
BRDA:294,22,0,0
BRDA:294,22,1,0
BRDA:305,23,0,0
BRDA:305,23,1,0
BRDA:306,24,0,0
BRDA:306,24,1,0
BRDA:307,25,0,0
BRDA:307,25,1,0
BRDA:308,26,0,0
BRDA:308,26,1,0
BRDA:309,27,0,0
BRDA:309,27,1,0
BRF:60
BRH:0
end_of_record
TN:
SF:src/services/lifiService.js
FN:13,(anonymous_0)
FN:29,(anonymous_1)
FN:46,(anonymous_2)
FN:155,(anonymous_3)
FN:178,(anonymous_4)
FN:184,(anonymous_5)
FN:200,(anonymous_6)
FN:218,(anonymous_7)
FN:228,(anonymous_8)
FN:234,(anonymous_9)
FN:279,(anonymous_10)
FN:327,(anonymous_11)
FN:336,(anonymous_12)
FN:362,(anonymous_13)
FN:388,(anonymous_14)
FN:411,(anonymous_15)
FN:458,(anonymous_16)
FN:469,(anonymous_17)
FN:488,(anonymous_18)
FN:494,(anonymous_19)
FN:507,(anonymous_20)
FN:513,(anonymous_21)
FN:530,(anonymous_22)
FN:537,(anonymous_23)
FN:538,(anonymous_24)
FN:550,(anonymous_25)
FN:573,(anonymous_26)
FN:587,(anonymous_27)
FN:619,(anonymous_28)
FNF:29
FNH:0
FNDA:0,(anonymous_0)
FNDA:0,(anonymous_1)
FNDA:0,(anonymous_2)
FNDA:0,(anonymous_3)
FNDA:0,(anonymous_4)
FNDA:0,(anonymous_5)
FNDA:0,(anonymous_6)
FNDA:0,(anonymous_7)
FNDA:0,(anonymous_8)
FNDA:0,(anonymous_9)
FNDA:0,(anonymous_10)
FNDA:0,(anonymous_11)
FNDA:0,(anonymous_12)
FNDA:0,(anonymous_13)
FNDA:0,(anonymous_14)
FNDA:0,(anonymous_15)
FNDA:0,(anonymous_16)
FNDA:0,(anonymous_17)
FNDA:0,(anonymous_18)
FNDA:0,(anonymous_19)
FNDA:0,(anonymous_20)
FNDA:0,(anonymous_21)
FNDA:0,(anonymous_22)
FNDA:0,(anonymous_23)
FNDA:0,(anonymous_24)
FNDA:0,(anonymous_25)
FNDA:0,(anonymous_26)
FNDA:0,(anonymous_27)
FNDA:0,(anonymous_28)
DA:15,0
DA:23,0
DA:30,0
DA:31,0
DA:32,0
DA:36,0
DA:38,0
DA:39,0
DA:56,0
DA:57,0
DA:60,0
DA:61,0
DA:65,0
DA:66,0
DA:69,0
DA:70,0
DA:72,0
DA:73,0
DA:75,0
DA:93,0
DA:98,0
DA:100,0
DA:101,0
DA:102,0
DA:106,0
DA:108,0
DA:109,0
DA:112,0
DA:128,0
DA:129,0
DA:131,0
DA:133,0
DA:136,0
DA:137,0
DA:138,0
DA:139,0
DA:140,0
DA:141,0
DA:142,0
DA:143,0
DA:144,0
DA:145,0
DA:148,0
DA:157,0
DA:158,0
DA:162,0
DA:163,0
DA:167,0
DA:168,0
DA:169,0
DA:172,0
DA:179,0
DA:180,0
DA:181,0
DA:184,0
DA:185,0
DA:186,0
DA:187,0
DA:189,0
DA:192,0
DA:193,0
DA:206,0
DA:207,0
DA:210,0
DA:211,0
DA:215,0
DA:219,0
DA:220,0
DA:221,0
DA:222,0
DA:224,0
DA:229,0
DA:232,0
DA:236,0
DA:237,0
DA:238,0
DA:244,0
DA:245,0
DA:248,0
DA:261,0
DA:262,0
DA:264,0
DA:265,0
DA:266,0
DA:267,0
DA:269,0
DA:272,0
DA:280,0
DA:281,0
DA:282,0
DA:285,0
DA:290,0
DA:292,0
DA:305,0
DA:308,0
DA:328,0
DA:329,0
DA:330,0
DA:332,0
DA:333,0
DA:336,0
DA:346,0
DA:349,0
DA:363,0
DA:364,0
DA:365,0
DA:366,0
DA:368,0
DA:372,0
DA:373,0
DA:376,0
DA:378,0
DA:379,0
DA:380,0
DA:382,0
DA:383,0
DA:384,0
DA:385,0
DA:388,0
DA:389,0
DA:394,0
DA:395,0
DA:397,0
DA:398,0
DA:404,0
DA:418,0
DA:419,0
DA:430,0
DA:439,0
DA:442,0
DA:459,0
DA:460,0
DA:464,0
DA:465,0
DA:469,0
DA:470,0
DA:471,0
DA:472,0
DA:473,0
DA:474,0
DA:475,0
DA:478,0
DA:479,0
DA:481,0
DA:489,0
DA:490,0
DA:491,0
DA:494,0
DA:495,0
DA:496,0
DA:499,0
DA:500,0
DA:508,0
DA:509,0
DA:510,0
DA:513,0
DA:514,0
DA:515,0
DA:517,0
DA:519,0
DA:522,0
DA:523,0
DA:531,0
DA:532,0
DA:533,0
DA:536,0
DA:537,0
DA:538,0
DA:540,0
DA:542,0
DA:543,0
DA:551,0
DA:552,0
DA:554,0
DA:557,0
DA:558,0
DA:561,0
DA:562,0
DA:563,0
DA:566,0
DA:567,0
DA:568,0
DA:571,0
DA:572,0
DA:573,0
DA:574,0
DA:577,0
DA:579,0
DA:580,0
DA:589,0
DA:606,0
DA:607,0
DA:608,0
DA:612,0
DA:613,0
DA:620,0
DA:629,0
LF:197
LH:0
BRDA:31,0,0,0
BRDA:31,0,1,0
BRDA:31,1,0,0
BRDA:31,1,1,0
BRDA:60,2,0,0
BRDA:60,2,1,0
BRDA:60,3,0,0
BRDA:60,3,1,0
BRDA:60,3,2,0
BRDA:60,3,3,0
BRDA:60,3,4,0
BRDA:100,4,0,0
BRDA:100,4,1,0
BRDA:100,5,0,0
BRDA:100,5,1,0
BRDA:100,5,2,0
BRDA:108,6,0,0
BRDA:108,6,1,0
BRDA:136,7,0,0
BRDA:136,7,1,0
BRDA:138,8,0,0
BRDA:138,8,1,0
BRDA:140,9,0,0
BRDA:140,9,1,0
BRDA:142,10,0,0
BRDA:142,10,1,0
BRDA:143,11,0,0
BRDA:143,11,1,0
BRDA:144,12,0,0
BRDA:144,12,1,0
BRDA:157,13,0,0
BRDA:157,13,1,0
BRDA:157,14,0,0
BRDA:157,14,1,0
BRDA:157,14,2,0
BRDA:162,15,0,0
BRDA:162,15,1,0
BRDA:167,16,0,0
BRDA:167,16,1,0
BRDA:180,17,0,0
BRDA:180,17,1,0
BRDA:180,18,0,0
BRDA:180,18,1,0
BRDA:185,19,0,0
BRDA:185,19,1,0
BRDA:185,20,0,0
BRDA:185,20,1,0
BRDA:186,21,0,0
BRDA:186,21,1,0
BRDA:187,22,0,0
BRDA:187,22,1,0
BRDA:210,23,0,0
BRDA:210,23,1,0
BRDA:210,24,0,0
BRDA:210,24,1,0
BRDA:220,25,0,0
BRDA:220,25,1,0
BRDA:220,26,0,0
BRDA:220,26,1,0
BRDA:244,27,0,0
BRDA:244,27,1,0
BRDA:244,28,0,0
BRDA:244,28,1,0
BRDA:252,29,0,0
BRDA:252,29,1,0
BRDA:253,30,0,0
BRDA:253,30,1,0
BRDA:257,31,0,0
BRDA:257,31,1,0
BRDA:265,32,0,0
BRDA:265,32,1,0
BRDA:265,33,0,0
BRDA:265,33,1,0
BRDA:281,34,0,0
BRDA:281,34,1,0
BRDA:290,35,0,0
BRDA:290,35,1,0
BRDA:295,36,0,0
BRDA:295,36,1,0
BRDA:296,37,0,0
BRDA:296,37,1,0
BRDA:297,38,0,0
BRDA:297,38,1,0
BRDA:298,39,0,0
BRDA:298,39,1,0
BRDA:299,40,0,0
BRDA:299,40,1,0
BRDA:300,41,0,0
BRDA:300,41,1,0
BRDA:301,42,0,0
BRDA:301,42,1,0
BRDA:330,43,0,0
BRDA:330,43,1,0
BRDA:332,44,0,0
BRDA:332,44,1,0
BRDA:332,45,0,0
BRDA:332,45,1,0
BRDA:337,46,0,0
BRDA:337,46,1,0
BRDA:338,47,0,0
BRDA:338,47,1,0
BRDA:339,48,0,0
BRDA:339,48,1,0
BRDA:340,49,0,0
BRDA:340,49,1,0
BRDA:341,50,0,0
BRDA:341,50,1,0
BRDA:343,51,0,0
BRDA:343,51,1,0
BRDA:373,52,0,0
BRDA:373,52,1,0
BRDA:373,53,0,0
BRDA:373,53,1,0
BRDA:378,54,0,0
BRDA:378,54,1,0
BRDA:380,55,0,0
BRDA:380,55,1,0
BRDA:380,56,0,0
BRDA:380,56,1,0
BRDA:382,57,0,0
BRDA:382,57,1,0
BRDA:384,58,0,0
BRDA:384,58,1,0
BRDA:384,59,0,0
BRDA:384,59,1,0
BRDA:389,60,0,0
BRDA:389,60,1,0
BRDA:389,60,2,0
BRDA:431,61,0,0
BRDA:431,61,1,0
BRDA:432,62,0,0
BRDA:432,62,1,0
BRDA:433,63,0,0
BRDA:433,63,1,0
BRDA:433,64,0,0
BRDA:433,64,1,0
BRDA:434,65,0,0
BRDA:434,65,1,0
BRDA:435,66,0,0
BRDA:435,66,1,0
BRDA:436,67,0,0
BRDA:436,67,1,0
BRDA:459,68,0,0
BRDA:459,68,1,0
BRDA:459,69,0,0
BRDA:459,69,1,0
BRDA:459,69,2,0
BRDA:464,70,0,0
BRDA:464,70,1,0
BRDA:490,71,0,0
BRDA:490,71,1,0
BRDA:490,72,0,0
BRDA:490,72,1,0
BRDA:495,73,0,0
BRDA:495,73,1,0
BRDA:509,74,0,0
BRDA:509,74,1,0
BRDA:509,75,0,0
BRDA:509,75,1,0
BRDA:514,76,0,0
BRDA:514,76,1,0
BRDA:514,77,0,0
BRDA:514,77,1,0
BRDA:515,78,0,0
BRDA:515,78,1,0
BRDA:515,78,2,0
BRDA:517,79,0,0
BRDA:517,79,1,0
BRDA:532,80,0,0
BRDA:532,80,1,0
BRDA:532,81,0,0
BRDA:532,81,1,0
BRDA:537,82,0,0
BRDA:537,82,1,0
BRDA:538,83,0,0
BRDA:538,83,1,0
BRDA:538,83,2,0
BRDA:540,84,0,0
BRDA:540,84,1,0
BRDA:552,85,0,0
BRDA:552,85,1,0
BRDA:557,86,0,0
BRDA:557,86,1,0
BRDA:562,87,0,0
BRDA:562,87,1,0
BRDA:563,88,0,0
BRDA:563,88,1,0
BRDA:567,89,0,0
BRDA:567,89,1,0
BRDA:568,90,0,0
BRDA:568,90,1,0
BRDA:573,91,0,0
BRDA:573,91,1,0
BRDA:607,92,0,0
BRDA:607,92,1,0
BRDA:613,93,0,0
BRDA:613,93,1,0
BRDA:629,94,0,0
BRDA:629,94,1,0
BRF:199
BRH:0
end_of_record
TN:
SF:src/services/scheduledJobs.js
FN:28,__TEST_ONLY_resetJobRunningFlag
FN:39,checkAndProcessContractDeadlines
FN:194,checkAndProcessCrossChainTransactions
FN:236,(anonymous_3)
FN:272,startScheduledJobs
FNF:5
FNH:0
FNDA:0,__TEST_ONLY_resetJobRunningFlag
FNDA:0,checkAndProcessContractDeadlines
FNDA:0,checkAndProcessCrossChainTransactions
FNDA:0,(anonymous_3)
FNDA:0,startScheduledJobs
DA:22,0
DA:23,0
DA:29,0
DA:30,0
DA:32,0
DA:33,0
DA:40,0
DA:41,0
DA:44,0
DA:45,0
DA:46,0
DA:48,0
DA:49,0
DA:50,0
DA:53,0
DA:55,0
DA:57,0
DA:58,0
DA:59,0
DA:61,0
DA:62,0
DA:63,0
DA:64,0
DA:66,0
DA:67,0
DA:68,0
DA:69,0
DA:70,0
DA:77,0
DA:78,0
DA:87,0
DA:88,0
DA:89,0
DA:91,0
DA:92,0
DA:93,0
DA:94,0
DA:96,0
DA:97,0
DA:98,0
DA:99,0
DA:100,0
DA:107,0
DA:108,0
DA:118,0
DA:119,0
DA:120,0
DA:122,0
DA:123,0
DA:126,0
DA:128,0
DA:129,0
DA:130,0
DA:137,0
DA:138,0
DA:148,0
DA:149,0
DA:150,0
DA:152,0
DA:153,0
DA:156,0
DA:158,0
DA:159,0
DA:160,0
DA:167,0
DA:168,0
DA:178,0
DA:179,0
DA:180,0
DA:183,0
DA:184,0
DA:185,0
DA:187,0
DA:195,0
DA:196,0
DA:197,0
DA:199,0
DA:201,0
DA:203,0
DA:205,0
DA:206,0
DA:208,0
DA:209,0
DA:210,0
DA:212,0
DA:213,0
DA:216,0
DA:217,0
DA:224,0
DA:225,0
DA:230,0
DA:231,0
DA:233,0
DA:235,0
DA:236,0
DA:237,0
DA:240,0
DA:241,0
DA:242,0
DA:244,0
DA:245,0
DA:247,0
DA:248,0
DA:256,0
DA:262,0
DA:264,0
DA:265,0
DA:275,0
DA:276,0
DA:278,0
DA:280,0
DA:282,0
DA:283,0
DA:284,0
DA:286,0
DA:287,0
DA:288,0
DA:292,0
DA:293,0
DA:295,0
DA:297,0
DA:298,0
DA:302,0
DA:303,0
DA:305,0
DA:306,0
DA:307,0
DA:310,0
DA:311,0
DA:312,0
DA:316,0
DA:317,0
DA:318,0
DA:319,0
DA:323,0
DA:325,0
DA:329,0
DA:330,0
DA:334,0
DA:336,0
LF:140
LH:0
BRDA:29,0,0,0
BRDA:29,0,1,0
BRDA:40,1,0,0
BRDA:40,1,1,0
BRDA:44,2,0,0
BRDA:44,2,1,0
BRDA:49,3,0,0
BRDA:49,3,1,0
BRDA:58,4,0,0
BRDA:58,4,1,0
BRDA:62,5,0,0
BRDA:62,5,1,0
BRDA:68,6,0,0
BRDA:68,6,1,0
BRDA:88,7,0,0
BRDA:88,7,1,0
BRDA:92,8,0,0
BRDA:92,8,1,0
BRDA:98,9,0,0
BRDA:98,9,1,0
BRDA:119,10,0,0
BRDA:119,10,1,0
BRDA:128,11,0,0
BRDA:128,11,1,0
BRDA:139,12,0,0
BRDA:139,12,1,0
BRDA:149,13,0,0
BRDA:149,13,1,0
BRDA:158,14,0,0
BRDA:158,14,1,0
BRDA:179,15,0,0
BRDA:179,15,1,0
BRDA:184,16,0,0
BRDA:184,16,1,0
BRDA:195,17,0,0
BRDA:195,17,1,0
BRDA:212,18,0,0
BRDA:212,18,1,0
BRDA:212,19,0,0
BRDA:212,19,1,0
BRDA:216,20,0,0
BRDA:216,20,1,0
BRDA:216,21,0,0
BRDA:216,21,1,0
BRDA:224,22,0,0
BRDA:224,22,1,0
BRDA:237,23,0,0
BRDA:237,23,1,0
BRDA:240,24,0,0
BRDA:240,24,1,0
BRDA:244,25,0,0
BRDA:244,25,1,0
BRDA:247,26,0,0
BRDA:247,26,1,0
BRDA:280,27,0,0
BRDA:280,27,1,0
BRDA:280,28,0,0
BRDA:280,28,1,0
BRDA:283,29,0,0
BRDA:283,29,1,0
BRDA:284,30,0,0
BRDA:284,30,1,0
BRDA:286,31,0,0
BRDA:286,31,1,0
BRDA:295,32,0,0
BRDA:295,32,1,0
BRDA:295,32,2,0
BRDA:297,33,0,0
BRDA:297,33,1,0
BRDA:302,34,0,0
BRDA:302,34,1,0
BRDA:303,35,0,0
BRDA:303,35,1,0
BRDA:305,36,0,0
BRDA:305,36,1,0
BRDA:310,37,0,0
BRDA:310,37,1,0
BRDA:316,38,0,0
BRDA:316,38,1,0
BRF:79
BRH:0
end_of_record
TN:
SF:src/services/smartContractBridgeService.js
FN:21,(anonymous_0)
FN:30,(anonymous_1)
FN:58,(anonymous_2)
FN:115,(anonymous_3)
FN:146,(anonymous_4)
FN:195,(anonymous_5)
FN:246,(anonymous_6)
FN:283,(anonymous_7)
FN:286,(anonymous_8)
FN:312,(anonymous_9)
FN:360,(anonymous_10)
FN:374,(anonymous_11)
FN:375,(anonymous_12)
FN:425,(anonymous_13)
FNF:14
FNH:0
FNDA:0,(anonymous_0)
FNDA:0,(anonymous_1)
FNDA:0,(anonymous_2)
FNDA:0,(anonymous_3)
FNDA:0,(anonymous_4)
FNDA:0,(anonymous_5)
FNDA:0,(anonymous_6)
FNDA:0,(anonymous_7)
FNDA:0,(anonymous_8)
FNDA:0,(anonymous_9)
FNDA:0,(anonymous_10)
FNDA:0,(anonymous_11)
FNDA:0,(anonymous_12)
FNDA:0,(anonymous_13)
DA:5,0
DA:22,0
DA:23,0
DA:24,0
DA:27,0
DA:31,0
DA:39,0
DA:40,0
DA:41,0
DA:42,0
DA:47,0
DA:48,0
DA:49,0
DA:51,0
DA:67,0
DA:68,0
DA:69,0
DA:70,0
DA:71,0
DA:72,0
DA:75,0
DA:76,0
DA:77,0
DA:81,0
DA:82,0
DA:84,0
DA:87,0
DA:90,0
DA:91,0
DA:93,0
DA:94,0
DA:98,0
DA:99,0
DA:108,0
DA:109,0
DA:111,0
DA:112,0
DA:115,0
DA:116,0
DA:119,0
DA:134,0
DA:138,0
DA:139,0
DA:152,0
DA:153,0
DA:154,0
DA:155,0
DA:156,0
DA:159,0
DA:160,0
DA:161,0
DA:164,0
DA:165,0
DA:168,0
DA:169,0
DA:171,0
DA:172,0
DA:176,0
DA:177,0
DA:179,0
DA:180,0
DA:181,0
DA:184,0
DA:185,0
DA:189,0
DA:191,0
DA:192,0
DA:195,0
DA:196,0
DA:199,0
DA:200,0
DA:202,0
DA:204,0
DA:205,0
DA:206,0
DA:208,0
DA:209,0
DA:213,0
DA:224,0
DA:234,0
DA:238,0
DA:239,0
DA:256,0
DA:257,0
DA:260,0
DA:271,0
DA:272,0
DA:275,0
DA:276,0
DA:277,0
DA:280,0
DA:284,0
DA:287,0
DA:291,0
DA:304,0
DA:305,0
DA:317,0
DA:318,0
DA:320,0
DA:321,0
DA:322,0
DA:325,0
DA:326,0
DA:327,0
DA:331,0
DA:335,0
DA:337,0
DA:338,0
DA:340,0
DA:348,0
DA:352,0
DA:353,0
DA:367,0
DA:368,0
DA:370,0
DA:371,0
DA:372,0
DA:374,0
DA:375,0
DA:376,0
DA:378,0
DA:379,0
DA:380,0
DA:384,0
DA:385,0
DA:387,0
DA:388,0
DA:391,0
DA:397,0
DA:403,0
DA:404,0
DA:407,0
DA:411,0
DA:413,0
DA:418,0
DA:426,0
DA:427,0
DA:428,0
DA:430,0
DA:436,0
DA:438,0
DA:451,0
DA:452,0
LF:143
LH:0
BRDA:32,0,0,0
BRDA:32,0,1,0
BRDA:40,1,0,0
BRDA:40,1,1,0
BRDA:47,2,0,0
BRDA:47,2,1,0
BRDA:76,3,0,0
BRDA:76,3,1,0
BRDA:81,4,0,0
BRDA:81,4,1,0
BRDA:93,5,0,0
BRDA:93,5,1,0
BRDA:104,6,0,0
BRDA:104,6,1,0
BRDA:111,7,0,0
BRDA:111,7,1,0
BRDA:124,8,0,0
BRDA:124,8,1,0
BRDA:160,9,0,0
BRDA:160,9,1,0
BRDA:171,10,0,0
BRDA:171,10,1,0
BRDA:191,11,0,0
BRDA:191,11,1,0
BRDA:202,12,0,0
BRDA:202,12,1,0
BRDA:218,13,0,0
BRDA:218,13,1,0
BRDA:229,14,0,0
BRDA:229,14,1,0
BRDA:263,15,0,0
BRDA:263,15,1,0
BRDA:264,16,0,0
BRDA:264,16,1,0
BRDA:271,17,0,0
BRDA:271,17,1,0
BRDA:293,18,0,0
BRDA:293,18,1,0
BRDA:326,19,0,0
BRDA:326,19,1,0
BRDA:337,20,0,0
BRDA:337,20,1,0
BRDA:365,21,0,0
BRDA:378,22,0,0
BRDA:378,22,1,0
BRDA:387,23,0,0
BRDA:387,23,1,0
BRDA:403,24,0,0
BRDA:403,24,1,0
BRDA:404,25,0,0
BRDA:404,25,1,0
BRF:51
BRH:0
end_of_record
