TN:
SF:src/api/routes/contact/contactRoutes.js
FN:9,getFirebaseServices
FN:18,authenticateToken
FN:106,(anonymous_2)
FN:209,(anonymous_3)
FN:221,(anonymous_4)
FN:243,(anonymous_5)
FN:259,(anonymous_6)
FN:334,(anonymous_7)
FN:343,(anonymous_8)
FN:362,(anonymous_9)
FNF:10
FNH:10
FNDA:98,getFirebaseServices
FNDA:59,authenticateToken
FNDA:10,(anonymous_2)
FNDA:2,(anonymous_3)
FNDA:1,(anonymous_4)
FNDA:23,(anonymous_5)
FNDA:20,(anonymous_6)
FNDA:10,(anonymous_7)
FNDA:7,(anonymous_8)
FNDA:4,(anonymous_9)
DA:6,1
DA:10,98
DA:11,98
DA:19,59
DA:20,59
DA:21,59
DA:23,59
DA:25,54
DA:26,54
DA:28,54
DA:30,54
DA:32,54
DA:34,54
DA:35,0
DA:36,0
DA:37,0
DA:38,0
DA:40,54
DA:43,54
DA:46,54
DA:48,54
DA:49,49
DA:51,49
DA:52,49
DA:54,49
DA:55,49
DA:56,49
DA:57,49
DA:58,49
DA:59,0
DA:61,0
DA:62,0
DA:63,0
DA:64,0
DA:65,0
DA:68,5
DA:73,5
DA:74,5
DA:75,0
DA:77,0
DA:78,0
DA:79,0
DA:80,0
DA:81,0
DA:83,0
DA:86,5
DA:90,5
DA:95,0
DA:96,0
DA:97,0
DA:100,0
DA:101,0
DA:106,1
DA:107,10
DA:108,10
DA:109,10
DA:111,10
DA:112,1
DA:114,9
DA:116,9
DA:117,0
DA:122,9
DA:123,9
DA:124,9
DA:126,9
DA:128,0
DA:132,9
DA:133,1
DA:138,8
DA:143,8
DA:144,1
DA:147,7
DA:148,7
DA:149,7
DA:152,7
DA:155,7
DA:157,7
DA:159,1
DA:160,1
DA:167,6
DA:174,6
DA:175,1
DA:180,5
DA:197,5
DA:203,0
DA:204,0
DA:209,1
DA:210,2
DA:211,2
DA:213,2
DA:215,2
DA:221,2
DA:222,1
DA:224,1
DA:234,2
DA:237,0
DA:238,0
DA:243,1
DA:244,23
DA:245,23
DA:246,23
DA:248,23
DA:249,1
DA:251,22
DA:252,2
DA:255,20
DA:257,20
DA:259,20
DA:260,20
DA:261,20
DA:263,20
DA:265,1
DA:268,19
DA:271,19
DA:272,1
DA:275,18
DA:276,1
DA:279,17
DA:280,12
DA:281,12
DA:284,12
DA:296,12
DA:308,12
DA:312,5
DA:316,17
DA:321,3
DA:323,3
DA:324,3
DA:327,0
DA:328,0
DA:334,1
DA:335,10
DA:336,10
DA:338,10
DA:339,10
DA:341,10
DA:343,10
DA:353,10
DA:356,0
DA:357,0
DA:362,1
DA:363,4
DA:364,4
DA:365,4
DA:368,4
DA:369,0
DA:373,4
DA:374,1
DA:378,3
DA:379,3
DA:381,3
DA:382,3
DA:384,3
DA:385,3
DA:387,3
DA:389,3
DA:391,0
DA:392,0
LF:158
LH:123
BRDA:20,0,0,59
BRDA:20,0,1,54
BRDA:21,1,0,59
BRDA:21,1,1,0
BRDA:23,2,0,5
BRDA:23,2,1,54
BRDA:28,3,0,54
BRDA:28,3,1,0
BRDA:43,4,0,54
BRDA:43,4,1,0
BRDA:43,5,0,54
BRDA:43,5,1,0
BRDA:43,5,2,0
BRDA:51,6,0,49
BRDA:51,6,1,0
BRDA:51,7,0,49
BRDA:51,7,1,0
BRDA:52,8,0,49
BRDA:52,8,1,0
BRDA:59,9,0,0
BRDA:59,9,1,0
BRDA:75,10,0,0
BRDA:75,10,1,0
BRDA:87,11,0,5
BRDA:87,11,1,0
BRDA:111,12,0,1
BRDA:111,12,1,9
BRDA:111,13,0,10
BRDA:111,13,1,9
BRDA:116,14,0,0
BRDA:116,14,1,9
BRDA:126,15,0,0
BRDA:126,15,1,9
BRDA:126,16,0,9
BRDA:126,16,1,9
BRDA:132,17,0,1
BRDA:132,17,1,8
BRDA:132,18,0,9
BRDA:132,18,1,9
BRDA:143,19,0,1
BRDA:143,19,1,7
BRDA:157,20,0,1
BRDA:157,20,1,6
BRDA:159,21,0,1
BRDA:159,21,1,0
BRDA:174,22,0,1
BRDA:174,22,1,5
BRDA:182,23,0,5
BRDA:182,23,1,0
BRDA:183,24,0,5
BRDA:183,24,1,0
BRDA:184,25,0,5
BRDA:184,25,1,0
BRDA:185,26,0,5
BRDA:185,26,1,0
BRDA:186,27,0,5
BRDA:186,27,1,0
BRDA:188,28,0,5
BRDA:188,28,1,0
BRDA:189,29,0,5
BRDA:189,29,1,0
BRDA:190,30,0,5
BRDA:190,30,1,0
BRDA:191,31,0,5
BRDA:191,31,1,0
BRDA:192,32,0,5
BRDA:192,32,1,0
BRDA:248,33,0,1
BRDA:248,33,1,22
BRDA:248,34,0,23
BRDA:248,34,1,22
BRDA:248,34,2,22
BRDA:251,35,0,2
BRDA:251,35,1,20
BRDA:251,36,0,22
BRDA:251,36,1,21
BRDA:251,36,2,6
BRDA:263,37,0,1
BRDA:263,37,1,19
BRDA:271,38,0,1
BRDA:271,38,1,18
BRDA:275,39,0,1
BRDA:275,39,1,17
BRDA:279,40,0,12
BRDA:279,40,1,5
BRDA:290,41,0,12
BRDA:290,41,1,0
BRDA:302,42,0,12
BRDA:302,42,1,0
BRDA:316,43,0,12
BRDA:316,43,1,5
BRDA:321,44,0,3
BRDA:321,44,1,0
BRDA:349,45,0,7
BRDA:349,45,1,0
BRDA:368,46,0,0
BRDA:368,46,1,4
BRDA:368,47,0,4
BRDA:368,47,1,4
BRDA:368,47,2,4
BRDA:373,48,0,1
BRDA:373,48,1,3
BRF:102
BRH:71
end_of_record
